[I 210310 18:58:03 test:55] Config cfgs/test.yaml...
[I 210310 18:58:03 test:56] {
     "MODEL": {
      "MODEL_UID": "unet",
      "NUM_CLASSES": 2,
      "PRETRAINED_MODEL_PATH": "experiments/lungseg-Epoch_00280.pth"
     },
     "DATALOADER": {
      "TRAIN_CROP_SIZE": [
       192,
       288
      ],
      "BATCH_SIZE_PER_GPU": 1,
      "NUM_WORKERS": 8,
      "SAMPLE_NUMBER": -1
     },
     "DATASETS": {
      "DATA_ROOT": "NCOV-BF/"
     },
     "TEST": {
      "LOG_FILE": "test.log",
      "RESULE_HOME": "unet-results"
     }
    }
[W 210310 18:58:03 test:57] Loading init model path experiments/lungseg-Epoch_00280.pth
[I 210310 18:58:03 test:66] Do evaluation...
[INFO] The true clip range is (0.2, 0.7)
[I 210310 18:58:04 test:73] [{'name': 'NCOV-BF/NpyData/ATY-001.npy', 'num_frames': 133, 'shape': (133, 512, 512)}]
[I 210310 18:58:07 test:73] [{'name': 'NCOV-BF/NpyData/ATY-003.npy', 'num_frames': 173, 'shape': (173, 512, 512)}]
[I 210310 18:58:11 test:73] [{'name': 'NCOV-BF/NpyData/ATY-004.npy', 'num_frames': 170, 'shape': (170, 512, 512)}]
[I 210310 18:58:14 test:73] [{'name': 'NCOV-BF/NpyData/ATY-005.npy', 'num_frames': 143, 'shape': (143, 512, 512)}]
[I 210310 18:58:18 test:73] [{'name': 'NCOV-BF/NpyData/ATY-006.npy', 'num_frames': 175, 'shape': (175, 512, 512)}]
[I 210310 18:58:21 test:73] [{'name': 'NCOV-BF/NpyData/ATY-007.npy', 'num_frames': 129, 'shape': (129, 512, 512)}]
[I 210310 18:58:24 test:73] [{'name': 'NCOV-BF/NpyData/ATY-008.npy', 'num_frames': 172, 'shape': (172, 512, 512)}]
[I 210310 18:58:27 test:73] [{'name': 'NCOV-BF/NpyData/ATY-009.npy', 'num_frames': 140, 'shape': (140, 512, 512)}]
[I 210310 18:58:30 test:73] [{'name': 'NCOV-BF/NpyData/ATY-010.npy', 'num_frames': 172, 'shape': (172, 512, 512)}]
[I 210310 18:58:34 test:73] [{'name': 'NCOV-BF/NpyData/ATY-011.npy', 'num_frames': 134, 'shape': (134, 512, 512)}]
[I 210310 18:58:36 test:73] [{'name': 'NCOV-BF/NpyData/ATY-012.npy', 'num_frames': 146, 'shape': (146, 512, 512)}]
[I 210310 18:58:39 test:73] [{'name': 'NCOV-BF/NpyData/ATY-013.npy', 'num_frames': 147, 'shape': (147, 512, 512)}]
[I 210310 18:58:42 test:73] [{'name': 'NCOV-BF/NpyData/ATY-014.npy', 'num_frames': 153, 'shape': (153, 512, 512)}]
[I 210310 18:58:45 test:73] [{'name': 'NCOV-BF/NpyData/ATY-015.npy', 'num_frames': 173, 'shape': (173, 512, 512)}]
[I 210310 18:58:48 test:73] [{'name': 'NCOV-BF/NpyData/ATY-016.npy', 'num_frames': 165, 'shape': (165, 512, 512)}]
[I 210310 18:58:52 test:73] [{'name': 'NCOV-BF/NpyData/ATY-017.npy', 'num_frames': 76, 'shape': (76, 512, 512)}]
[I 210310 18:58:54 test:73] [{'name': 'NCOV-BF/NpyData/ATY-018.npy', 'num_frames': 145, 'shape': (145, 512, 512)}]
[I 210310 18:58:56 test:73] [{'name': 'NCOV-BF/NpyData/ATY-019.npy', 'num_frames': 145, 'shape': (145, 512, 512)}]
[I 210310 18:58:59 test:73] [{'name': 'NCOV-BF/NpyData/ATY-020.npy', 'num_frames': 150, 'shape': (150, 512, 512)}]
[I 210310 18:59:02 test:73] [{'name': 'NCOV-BF/NpyData/ATY-021.npy', 'num_frames': 132, 'shape': (132, 512, 512)}]
[I 210310 18:59:05 test:73] [{'name': 'NCOV-BF/NpyData/ATY-022.npy', 'num_frames': 163, 'shape': (163, 512, 512)}]
[I 210310 18:59:08 test:73] [{'name': 'NCOV-BF/NpyData/ATY-023.npy', 'num_frames': 145, 'shape': (145, 512, 512)}]
[I 210310 18:59:11 test:73] [{'name': 'NCOV-BF/NpyData/ATY-024.npy', 'num_frames': 167, 'shape': (167, 512, 512)}]
[I 210310 18:59:14 test:73] [{'name': 'NCOV-BF/NpyData/ATY-025.npy', 'num_frames': 148, 'shape': (148, 512, 512)}]
[I 210310 18:59:17 test:73] [{'name': 'NCOV-BF/NpyData/ATY-026.npy', 'num_frames': 138, 'shape': (138, 512, 512)}]
[I 210310 18:59:20 test:73] [{'name': 'NCOV-BF/NpyData/ATY-027.npy', 'num_frames': 157, 'shape': (157, 512, 512)}]
[I 210310 18:59:24 test:73] [{'name': 'NCOV-BF/NpyData/ATY-028.npy', 'num_frames': 157, 'shape': (157, 512, 512)}]
[I 210310 18:59:27 test:73] [{'name': 'NCOV-BF/NpyData/ATY-029.npy', 'num_frames': 155, 'shape': (155, 512, 512)}]
[I 210310 18:59:30 test:73] [{'name': 'NCOV-BF/NpyData/ATY-030.npy', 'num_frames': 155, 'shape': (155, 512, 512)}]
[I 210310 18:59:33 test:73] [{'name': 'NCOV-BF/NpyData/C100.npy', 'num_frames': 153, 'shape': (153, 512, 512)}]
[I 210310 18:59:36 test:73] [{'name': 'NCOV-BF/NpyData/C101.npy', 'num_frames': 175, 'shape': (175, 512, 512)}]
[I 210310 18:59:41 test:73] [{'name': 'NCOV-BF/NpyData/C102.npy', 'num_frames': 178, 'shape': (178, 512, 512)}]
[I 210310 18:59:44 test:73] [{'name': 'NCOV-BF/NpyData/C103.npy', 'num_frames': 173, 'shape': (173, 512, 512)}]
[I 210310 18:59:48 test:73] [{'name': 'NCOV-BF/NpyData/C104.npy', 'num_frames': 187, 'shape': (187, 512, 512)}]
[I 210310 18:59:52 test:73] [{'name': 'NCOV-BF/NpyData/C105.npy', 'num_frames': 185, 'shape': (185, 512, 512)}]
[I 210310 18:59:55 test:73] [{'name': 'NCOV-BF/NpyData/C106.npy', 'num_frames': 187, 'shape': (187, 512, 512)}]
[I 210310 18:59:59 test:73] [{'name': 'NCOV-BF/NpyData/C107.npy', 'num_frames': 170, 'shape': (170, 512, 512)}]
[I 210310 19:00:03 test:73] [{'name': 'NCOV-BF/NpyData/C108.npy', 'num_frames': 182, 'shape': (182, 512, 512)}]
[I 210310 19:00:06 test:73] [{'name': 'NCOV-BF/NpyData/C109.npy', 'num_frames': 149, 'shape': (149, 512, 512)}]
[I 210310 19:00:09 test:73] [{'name': 'NCOV-BF/NpyData/C10.npy', 'num_frames': 145, 'shape': (145, 512, 512)}]
[I 210310 19:00:12 test:73] [{'name': 'NCOV-BF/NpyData/C110.npy', 'num_frames': 150, 'shape': (150, 512, 512)}]
[I 210310 19:00:15 test:73] [{'name': 'NCOV-BF/NpyData/C111.npy', 'num_frames': 169, 'shape': (169, 512, 512)}]
[I 210310 19:00:19 test:73] [{'name': 'NCOV-BF/NpyData/C112.npy', 'num_frames': 145, 'shape': (145, 512, 512)}]
[I 210310 19:00:22 test:73] [{'name': 'NCOV-BF/NpyData/C113.npy', 'num_frames': 195, 'shape': (195, 512, 512)}]
[I 210310 19:00:27 test:73] [{'name': 'NCOV-BF/NpyData/C114.npy', 'num_frames': 185, 'shape': (185, 512, 512)}]
[I 210310 19:00:30 test:73] [{'name': 'NCOV-BF/NpyData/C115.npy', 'num_frames': 160, 'shape': (160, 512, 512)}]
[I 210310 19:00:33 test:73] [{'name': 'NCOV-BF/NpyData/C116.npy', 'num_frames': 173, 'shape': (173, 512, 512)}]
[I 210310 19:00:37 test:73] [{'name': 'NCOV-BF/NpyData/C117.npy', 'num_frames': 155, 'shape': (155, 512, 512)}]
[I 210310 19:00:40 test:73] [{'name': 'NCOV-BF/NpyData/C118.npy', 'num_frames': 150, 'shape': (150, 512, 512)}]
[I 210310 19:00:43 test:73] [{'name': 'NCOV-BF/NpyData/C119.npy', 'num_frames': 145, 'shape': (145, 512, 512)}]
[I 210310 19:00:46 test:73] [{'name': 'NCOV-BF/NpyData/C11.npy', 'num_frames': 187, 'shape': (187, 512, 512)}]
[I 210310 19:00:50 test:73] [{'name': 'NCOV-BF/NpyData/C120.npy', 'num_frames': 162, 'shape': (162, 512, 512)}]
[I 210310 19:00:53 test:73] [{'name': 'NCOV-BF/NpyData/C121.npy', 'num_frames': 170, 'shape': (170, 512, 512)}]
[I 210310 19:00:57 test:73] [{'name': 'NCOV-BF/NpyData/C122.npy', 'num_frames': 167, 'shape': (167, 512, 512)}]
[I 210310 19:01:00 test:73] [{'name': 'NCOV-BF/NpyData/C123.npy', 'num_frames': 159, 'shape': (159, 512, 512)}]
[I 210310 19:01:03 test:73] [{'name': 'NCOV-BF/NpyData/C124.npy', 'num_frames': 175, 'shape': (175, 512, 512)}]
[I 210310 19:01:07 test:73] [{'name': 'NCOV-BF/NpyData/C125.npy', 'num_frames': 175, 'shape': (175, 512, 512)}]
[I 210310 19:01:10 test:73] [{'name': 'NCOV-BF/NpyData/C126.npy', 'num_frames': 162, 'shape': (162, 512, 512)}]
[I 210310 19:01:13 test:73] [{'name': 'NCOV-BF/NpyData/C127.npy', 'num_frames': 152, 'shape': (152, 512, 512)}]
[I 210310 19:01:16 test:73] [{'name': 'NCOV-BF/NpyData/C128.npy', 'num_frames': 134, 'shape': (134, 512, 512)}]
[I 210310 19:01:19 test:73] [{'name': 'NCOV-BF/NpyData/C129.npy', 'num_frames': 171, 'shape': (171, 512, 512)}]
[I 210310 19:01:23 test:73] [{'name': 'NCOV-BF/NpyData/C12.npy', 'num_frames': 171, 'shape': (171, 512, 512)}]
[I 210310 19:01:26 test:73] [{'name': 'NCOV-BF/NpyData/C130-1.npy', 'num_frames': 174, 'shape': (174, 512, 512)}]
[I 210310 19:01:30 test:73] [{'name': 'NCOV-BF/NpyData/C130.npy', 'num_frames': 174, 'shape': (174, 512, 512)}]
[I 210310 19:01:33 test:73] [{'name': 'NCOV-BF/NpyData/C131.npy', 'num_frames': 166, 'shape': (166, 512, 512)}]
[I 210310 19:01:37 test:73] [{'name': 'NCOV-BF/NpyData/C132.npy', 'num_frames': 212, 'shape': (212, 512, 512)}]
[I 210310 19:01:41 test:73] [{'name': 'NCOV-BF/NpyData/C133.npy', 'num_frames': 157, 'shape': (157, 512, 512)}]
[I 210310 19:01:45 test:73] [{'name': 'NCOV-BF/NpyData/C134.npy', 'num_frames': 138, 'shape': (138, 512, 512)}]
[I 210310 19:01:48 test:73] [{'name': 'NCOV-BF/NpyData/C135.npy', 'num_frames': 140, 'shape': (140, 512, 512)}]
[I 210310 19:01:51 test:73] [{'name': 'NCOV-BF/NpyData/C136.npy', 'num_frames': 182, 'shape': (182, 512, 512)}]
[I 210310 19:01:55 test:73] [{'name': 'NCOV-BF/NpyData/C137.npy', 'num_frames': 196, 'shape': (196, 512, 512)}]
[I 210310 19:01:59 test:73] [{'name': 'NCOV-BF/NpyData/C138.npy', 'num_frames': 164, 'shape': (164, 512, 512)}]
[I 210310 19:02:02 test:73] [{'name': 'NCOV-BF/NpyData/C139.npy', 'num_frames': 177, 'shape': (177, 512, 512)}]
[I 210310 19:02:06 test:73] [{'name': 'NCOV-BF/NpyData/C13.npy', 'num_frames': 176, 'shape': (176, 512, 512)}]
[I 210310 19:02:12 test:73] [{'name': 'NCOV-BF/NpyData/C140.npy', 'num_frames': 150, 'shape': (150, 512, 512)}]
[I 210310 19:02:16 test:73] [{'name': 'NCOV-BF/NpyData/C141.npy', 'num_frames': 187, 'shape': (187, 512, 512)}]
[I 210310 19:02:20 test:73] [{'name': 'NCOV-BF/NpyData/C142.npy', 'num_frames': 162, 'shape': (162, 512, 512)}]
[I 210310 19:02:23 test:73] [{'name': 'NCOV-BF/NpyData/C143.npy', 'num_frames': 164, 'shape': (164, 512, 512)}]
[I 210310 19:02:27 test:73] [{'name': 'NCOV-BF/NpyData/C144.npy', 'num_frames': 145, 'shape': (145, 512, 512)}]
[I 210310 19:02:30 test:73] [{'name': 'NCOV-BF/NpyData/C145.npy', 'num_frames': 156, 'shape': (156, 512, 512)}]
[I 210310 19:02:34 test:73] [{'name': 'NCOV-BF/NpyData/C146.npy', 'num_frames': 125, 'shape': (125, 512, 512)}]
[I 210310 19:02:36 test:73] [{'name': 'NCOV-BF/NpyData/C147.npy', 'num_frames': 147, 'shape': (147, 512, 512)}]
[I 210310 19:02:40 test:73] [{'name': 'NCOV-BF/NpyData/C148.npy', 'num_frames': 165, 'shape': (165, 512, 512)}]
[I 210310 19:02:44 test:73] [{'name': 'NCOV-BF/NpyData/C149.npy', 'num_frames': 151, 'shape': (151, 512, 512)}]
[I 210310 19:02:47 test:73] [{'name': 'NCOV-BF/NpyData/C14.npy', 'num_frames': 174, 'shape': (174, 512, 512)}]
[I 210310 19:02:51 test:73] [{'name': 'NCOV-BF/NpyData/C150.npy', 'num_frames': 192, 'shape': (192, 512, 512)}]
[I 210310 19:02:55 test:73] [{'name': 'NCOV-BF/NpyData/C151.npy', 'num_frames': 170, 'shape': (170, 512, 512)}]
[I 210310 19:02:59 test:73] [{'name': 'NCOV-BF/NpyData/C152.npy', 'num_frames': 171, 'shape': (171, 512, 512)}]
[I 210310 19:03:02 test:73] [{'name': 'NCOV-BF/NpyData/C154.npy', 'num_frames': 145, 'shape': (145, 512, 512)}]
[I 210310 19:03:06 test:73] [{'name': 'NCOV-BF/NpyData/C155.npy', 'num_frames': 168, 'shape': (168, 512, 512)}]
[I 210310 19:03:09 test:73] [{'name': 'NCOV-BF/NpyData/C156.npy', 'num_frames': 178, 'shape': (178, 512, 512)}]
[I 210310 19:03:13 test:73] [{'name': 'NCOV-BF/NpyData/C157.npy', 'num_frames': 144, 'shape': (144, 512, 512)}]
[I 210310 19:03:16 test:73] [{'name': 'NCOV-BF/NpyData/C158.npy', 'num_frames': 170, 'shape': (170, 512, 512)}]
[I 210310 19:03:20 test:73] [{'name': 'NCOV-BF/NpyData/C159.npy', 'num_frames': 168, 'shape': (168, 512, 512)}]
[I 210310 19:03:24 test:73] [{'name': 'NCOV-BF/NpyData/C15.npy', 'num_frames': 186, 'shape': (186, 512, 512)}]
[I 210310 19:03:28 test:73] [{'name': 'NCOV-BF/NpyData/C160.npy', 'num_frames': 135, 'shape': (135, 512, 512)}]
[I 210310 19:03:31 test:73] [{'name': 'NCOV-BF/NpyData/C161.npy', 'num_frames': 147, 'shape': (147, 512, 512)}]
[I 210310 19:03:34 test:73] [{'name': 'NCOV-BF/NpyData/C162.npy', 'num_frames': 151, 'shape': (151, 512, 512)}]
[I 210310 19:03:38 test:73] [{'name': 'NCOV-BF/NpyData/C163.npy', 'num_frames': 194, 'shape': (194, 512, 512)}]
[I 210310 19:03:42 test:73] [{'name': 'NCOV-BF/NpyData/C164-1.npy', 'num_frames': 145, 'shape': (145, 512, 512)}]
[I 210310 19:03:45 test:73] [{'name': 'NCOV-BF/NpyData/C164.npy', 'num_frames': 145, 'shape': (145, 512, 512)}]
[I 210310 19:03:48 test:73] [{'name': 'NCOV-BF/NpyData/C16.npy', 'num_frames': 151, 'shape': (151, 512, 512)}]
[I 210310 19:03:52 test:73] [{'name': 'NCOV-BF/NpyData/C17.npy', 'num_frames': 158, 'shape': (158, 512, 512)}]
[I 210310 19:03:55 test:73] [{'name': 'NCOV-BF/NpyData/C18.npy', 'num_frames': 164, 'shape': (164, 512, 512)}]
[I 210310 19:03:59 test:73] [{'name': 'NCOV-BF/NpyData/C19.npy', 'num_frames': 171, 'shape': (171, 512, 512)}]
[I 210310 19:04:03 test:73] [{'name': 'NCOV-BF/NpyData/C1.npy', 'num_frames': 182, 'shape': (182, 512, 512)}]
[I 210310 19:04:06 test:73] [{'name': 'NCOV-BF/NpyData/C20.npy', 'num_frames': 188, 'shape': (188, 512, 512)}]
[I 210310 19:04:13 test:73] [{'name': 'NCOV-BF/NpyData/C21.npy', 'num_frames': 205, 'shape': (205, 512, 512)}]
[I 210310 19:04:17 test:73] [{'name': 'NCOV-BF/NpyData/C22.npy', 'num_frames': 150, 'shape': (150, 512, 512)}]
[I 210310 19:04:22 test:73] [{'name': 'NCOV-BF/NpyData/C23.npy', 'num_frames': 168, 'shape': (168, 512, 512)}]
[I 210310 19:04:26 test:73] [{'name': 'NCOV-BF/NpyData/C24.npy', 'num_frames': 177, 'shape': (177, 512, 512)}]
[I 210310 19:04:30 test:73] [{'name': 'NCOV-BF/NpyData/C25.npy', 'num_frames': 170, 'shape': (170, 512, 512)}]
[I 210310 19:04:33 test:73] [{'name': 'NCOV-BF/NpyData/C26.npy', 'num_frames': 154, 'shape': (154, 512, 512)}]
[I 210310 19:04:37 test:73] [{'name': 'NCOV-BF/NpyData/C27.npy', 'num_frames': 155, 'shape': (155, 512, 512)}]
[I 210310 19:04:40 test:73] [{'name': 'NCOV-BF/NpyData/C28.npy', 'num_frames': 146, 'shape': (146, 512, 512)}]
[I 210310 19:04:44 test:73] [{'name': 'NCOV-BF/NpyData/C29.npy', 'num_frames': 162, 'shape': (162, 512, 512)}]
[I 210310 19:04:47 test:73] [{'name': 'NCOV-BF/NpyData/C2.npy', 'num_frames': 162, 'shape': (162, 512, 512)}]
[I 210310 19:04:51 test:73] [{'name': 'NCOV-BF/NpyData/C30.npy', 'num_frames': 112, 'shape': (112, 512, 512)}]
[I 210310 19:04:53 test:73] [{'name': 'NCOV-BF/NpyData/C31.npy', 'num_frames': 190, 'shape': (190, 512, 512)}]
[I 210310 19:04:57 test:73] [{'name': 'NCOV-BF/NpyData/C32.npy', 'num_frames': 151, 'shape': (151, 512, 512)}]
[I 210310 19:05:01 test:73] [{'name': 'NCOV-BF/NpyData/C33.npy', 'num_frames': 167, 'shape': (167, 512, 512)}]
[I 210310 19:05:05 test:73] [{'name': 'NCOV-BF/NpyData/C34.npy', 'num_frames': 158, 'shape': (158, 512, 512)}]
[I 210310 19:05:08 test:73] [{'name': 'NCOV-BF/NpyData/C35.npy', 'num_frames': 177, 'shape': (177, 512, 512)}]
[I 210310 19:05:12 test:73] [{'name': 'NCOV-BF/NpyData/C36.npy', 'num_frames': 147, 'shape': (147, 512, 512)}]
[I 210310 19:05:15 test:73] [{'name': 'NCOV-BF/NpyData/C37.npy', 'num_frames': 162, 'shape': (162, 512, 512)}]
[I 210310 19:05:19 test:73] [{'name': 'NCOV-BF/NpyData/C38.npy', 'num_frames': 165, 'shape': (165, 512, 512)}]
[I 210310 19:05:22 test:73] [{'name': 'NCOV-BF/NpyData/C39.npy', 'num_frames': 166, 'shape': (166, 512, 512)}]
[I 210310 19:05:26 test:73] [{'name': 'NCOV-BF/NpyData/C3.npy', 'num_frames': 161, 'shape': (161, 512, 512)}]
[I 210310 19:05:29 test:73] [{'name': 'NCOV-BF/NpyData/C40.npy', 'num_frames': 157, 'shape': (157, 512, 512)}]
[I 210310 19:05:33 test:73] [{'name': 'NCOV-BF/NpyData/C41.npy', 'num_frames': 180, 'shape': (180, 512, 512)}]
[I 210310 19:05:37 test:73] [{'name': 'NCOV-BF/NpyData/C42.npy', 'num_frames': 147, 'shape': (147, 512, 512)}]
[I 210310 19:05:40 test:73] [{'name': 'NCOV-BF/NpyData/C43.npy', 'num_frames': 157, 'shape': (157, 512, 512)}]
[I 210310 19:05:44 test:73] [{'name': 'NCOV-BF/NpyData/C44.npy', 'num_frames': 177, 'shape': (177, 512, 512)}]
[I 210310 19:05:48 test:73] [{'name': 'NCOV-BF/NpyData/C45.npy', 'num_frames': 156, 'shape': (156, 512, 512)}]
[I 210310 19:05:53 test:73] [{'name': 'NCOV-BF/NpyData/C46.npy', 'num_frames': 160, 'shape': (160, 512, 512)}]
[I 210310 19:05:56 test:73] [{'name': 'NCOV-BF/NpyData/C47.npy', 'num_frames': 174, 'shape': (174, 512, 512)}]
[I 210310 19:06:00 test:73] [{'name': 'NCOV-BF/NpyData/C48.npy', 'num_frames': 142, 'shape': (142, 512, 512)}]
[I 210310 19:06:03 test:73] [{'name': 'NCOV-BF/NpyData/C49.npy', 'num_frames': 147, 'shape': (147, 512, 512)}]
[I 210310 19:06:06 test:73] [{'name': 'NCOV-BF/NpyData/C4.npy', 'num_frames': 188, 'shape': (188, 512, 512)}]
[I 210310 19:06:11 test:73] [{'name': 'NCOV-BF/NpyData/C50.npy', 'num_frames': 142, 'shape': (142, 512, 512)}]
[I 210310 19:06:14 test:73] [{'name': 'NCOV-BF/NpyData/C51.npy', 'num_frames': 175, 'shape': (175, 512, 512)}]
[I 210310 19:06:18 test:73] [{'name': 'NCOV-BF/NpyData/C52.npy', 'num_frames': 185, 'shape': (185, 512, 512)}]
[I 210310 19:06:22 test:73] [{'name': 'NCOV-BF/NpyData/C54.npy', 'num_frames': 158, 'shape': (158, 512, 512)}]
[I 210310 19:06:25 test:73] [{'name': 'NCOV-BF/NpyData/C55.npy', 'num_frames': 135, 'shape': (135, 512, 512)}]
[I 210310 19:06:28 test:73] [{'name': 'NCOV-BF/NpyData/C56.npy', 'num_frames': 142, 'shape': (142, 512, 512)}]
[I 210310 19:06:31 test:73] [{'name': 'NCOV-BF/NpyData/C57.npy', 'num_frames': 182, 'shape': (182, 512, 512)}]
[I 210310 19:06:35 test:73] [{'name': 'NCOV-BF/NpyData/C58.npy', 'num_frames': 173, 'shape': (173, 512, 512)}]
[I 210310 19:06:39 test:73] [{'name': 'NCOV-BF/NpyData/C59.npy', 'num_frames': 150, 'shape': (150, 512, 512)}]
[I 210310 19:06:42 test:73] [{'name': 'NCOV-BF/NpyData/C5.npy', 'num_frames': 167, 'shape': (167, 512, 512)}]
[I 210310 19:06:46 test:73] [{'name': 'NCOV-BF/NpyData/C60.npy', 'num_frames': 190, 'shape': (190, 512, 512)}]
[I 210310 19:06:50 test:73] [{'name': 'NCOV-BF/NpyData/C61.npy', 'num_frames': 157, 'shape': (157, 512, 512)}]
[I 210310 19:06:54 test:73] [{'name': 'NCOV-BF/NpyData/C62.npy', 'num_frames': 153, 'shape': (153, 512, 512)}]
[I 210310 19:06:57 test:73] [{'name': 'NCOV-BF/NpyData/C63.npy', 'num_frames': 166, 'shape': (166, 512, 512)}]
[I 210310 19:07:01 test:73] [{'name': 'NCOV-BF/NpyData/C64.npy', 'num_frames': 183, 'shape': (183, 512, 512)}]
[I 210310 19:07:04 test:73] [{'name': 'NCOV-BF/NpyData/C65.npy', 'num_frames': 188, 'shape': (188, 512, 512)}]
[I 210310 19:07:08 test:73] [{'name': 'NCOV-BF/NpyData/C66.npy', 'num_frames': 143, 'shape': (143, 512, 512)}]
[I 210310 19:07:11 test:73] [{'name': 'NCOV-BF/NpyData/C67.npy', 'num_frames': 175, 'shape': (175, 512, 512)}]
[I 210310 19:07:15 test:73] [{'name': 'NCOV-BF/NpyData/C68.npy', 'num_frames': 132, 'shape': (132, 512, 512)}]
[I 210310 19:07:18 test:73] [{'name': 'NCOV-BF/NpyData/C69.npy', 'num_frames': 168, 'shape': (168, 512, 512)}]
[I 210310 19:07:22 test:73] [{'name': 'NCOV-BF/NpyData/C6.npy', 'num_frames': 171, 'shape': (171, 512, 512)}]
[I 210310 19:07:26 test:73] [{'name': 'NCOV-BF/NpyData/C70.npy', 'num_frames': 147, 'shape': (147, 512, 512)}]
[I 210310 19:07:29 test:73] [{'name': 'NCOV-BF/NpyData/C71.npy', 'num_frames': 166, 'shape': (166, 512, 512)}]
[I 210310 19:07:33 test:73] [{'name': 'NCOV-BF/NpyData/C72.npy', 'num_frames': 173, 'shape': (173, 512, 512)}]
[I 210310 19:07:36 test:73] [{'name': 'NCOV-BF/NpyData/C73.npy', 'num_frames': 145, 'shape': (145, 512, 512)}]
[I 210310 19:07:40 test:73] [{'name': 'NCOV-BF/NpyData/C74.npy', 'num_frames': 178, 'shape': (178, 512, 512)}]
[I 210310 19:07:44 test:73] [{'name': 'NCOV-BF/NpyData/C75.npy', 'num_frames': 150, 'shape': (150, 512, 512)}]
[I 210310 19:07:47 test:73] [{'name': 'NCOV-BF/NpyData/C76.npy', 'num_frames': 153, 'shape': (153, 512, 512)}]
[I 210310 19:07:53 test:73] [{'name': 'NCOV-BF/NpyData/C77-1.npy', 'num_frames': 149, 'shape': (149, 512, 512)}]
[I 210310 19:07:56 test:73] [{'name': 'NCOV-BF/NpyData/C77.npy', 'num_frames': 135, 'shape': (135, 512, 512)}]
[I 210310 19:07:59 test:73] [{'name': 'NCOV-BF/NpyData/C78.npy', 'num_frames': 168, 'shape': (168, 512, 512)}]
[I 210310 19:08:03 test:73] [{'name': 'NCOV-BF/NpyData/C79.npy', 'num_frames': 160, 'shape': (160, 512, 512)}]
[I 210310 19:08:06 test:73] [{'name': 'NCOV-BF/NpyData/C7.npy', 'num_frames': 159, 'shape': (159, 512, 512)}]
[I 210310 19:08:10 test:73] [{'name': 'NCOV-BF/NpyData/C80.npy', 'num_frames': 164, 'shape': (164, 512, 512)}]
[I 210310 19:08:13 test:73] [{'name': 'NCOV-BF/NpyData/C81.npy', 'num_frames': 163, 'shape': (163, 512, 512)}]
[I 210310 19:08:17 test:73] [{'name': 'NCOV-BF/NpyData/C82.npy', 'num_frames': 168, 'shape': (168, 512, 512)}]
[I 210310 19:08:20 test:73] [{'name': 'NCOV-BF/NpyData/C83.npy', 'num_frames': 136, 'shape': (136, 512, 512)}]
[I 210310 19:08:23 test:73] [{'name': 'NCOV-BF/NpyData/C84.npy', 'num_frames': 177, 'shape': (177, 512, 512)}]
[I 210310 19:08:27 test:73] [{'name': 'NCOV-BF/NpyData/C85.npy', 'num_frames': 171, 'shape': (171, 512, 512)}]
[I 210310 19:08:33 test:73] [{'name': 'NCOV-BF/NpyData/C86.npy', 'num_frames': 167, 'shape': (167, 512, 512)}]
[I 210310 19:08:38 test:73] [{'name': 'NCOV-BF/NpyData/C87.npy', 'num_frames': 138, 'shape': (138, 512, 512)}]
[I 210310 19:08:41 test:73] [{'name': 'NCOV-BF/NpyData/C88.npy', 'num_frames': 177, 'shape': (177, 512, 512)}]
[I 210310 19:08:45 test:73] [{'name': 'NCOV-BF/NpyData/C89.npy', 'num_frames': 161, 'shape': (161, 512, 512)}]
[I 210310 19:08:49 test:73] [{'name': 'NCOV-BF/NpyData/C8.npy', 'num_frames': 147, 'shape': (147, 512, 512)}]
[I 210310 19:08:54 test:73] [{'name': 'NCOV-BF/NpyData/C90.npy', 'num_frames': 172, 'shape': (172, 512, 512)}]
[I 210310 19:08:58 test:73] [{'name': 'NCOV-BF/NpyData/C91.npy', 'num_frames': 132, 'shape': (132, 512, 512)}]
[I 210310 19:09:00 test:73] [{'name': 'NCOV-BF/NpyData/C92.npy', 'num_frames': 143, 'shape': (143, 512, 512)}]
[I 210310 19:09:03 test:73] [{'name': 'NCOV-BF/NpyData/C93.npy', 'num_frames': 201, 'shape': (201, 512, 512)}]
[I 210310 19:09:08 test:73] [{'name': 'NCOV-BF/NpyData/C94.npy', 'num_frames': 162, 'shape': (162, 512, 512)}]
[I 210310 19:09:11 test:73] [{'name': 'NCOV-BF/NpyData/C96.npy', 'num_frames': 158, 'shape': (158, 512, 512)}]
[I 210310 19:09:15 test:73] [{'name': 'NCOV-BF/NpyData/C97.npy', 'num_frames': 163, 'shape': (163, 512, 512)}]
[I 210310 19:09:18 test:73] [{'name': 'NCOV-BF/NpyData/C98.npy', 'num_frames': 174, 'shape': (174, 512, 512)}]
[I 210310 19:09:22 test:73] [{'name': 'NCOV-BF/NpyData/C99.npy', 'num_frames': 125, 'shape': (125, 512, 512)}]
[I 210310 19:09:25 test:73] [{'name': 'NCOV-BF/NpyData/C9.npy', 'num_frames': 160, 'shape': (160, 512, 512)}]
[I 210310 19:09:28 test:73] [{'name': 'NCOV-BF/NpyData/IND-001.npy', 'num_frames': 150, 'shape': (150, 512, 512)}]
[I 210310 19:09:32 test:73] [{'name': 'NCOV-BF/NpyData/IND-002.npy', 'num_frames': 150, 'shape': (150, 512, 512)}]
[I 210310 19:09:35 test:73] [{'name': 'NCOV-BF/NpyData/IND-003.npy', 'num_frames': 158, 'shape': (158, 512, 512)}]
[I 210310 19:09:39 test:73] [{'name': 'NCOV-BF/NpyData/IND-004.npy', 'num_frames': 153, 'shape': (153, 512, 512)}]
[I 210310 19:09:42 test:73] [{'name': 'NCOV-BF/NpyData/IND-005.npy', 'num_frames': 145, 'shape': (145, 512, 512)}]
[I 210310 19:09:45 test:73] [{'name': 'NCOV-BF/NpyData/IND-006.npy', 'num_frames': 98, 'shape': (98, 512, 512)}]
[I 210310 19:09:47 test:73] [{'name': 'NCOV-BF/NpyData/IND-007.npy', 'num_frames': 162, 'shape': (162, 512, 512)}]
[I 210310 19:09:50 test:73] [{'name': 'NCOV-BF/NpyData/IND-008.npy', 'num_frames': 158, 'shape': (158, 512, 512)}]
[I 210310 19:09:54 test:73] [{'name': 'NCOV-BF/NpyData/IND-009.npy', 'num_frames': 150, 'shape': (150, 512, 512)}]
[I 210310 19:09:57 test:73] [{'name': 'NCOV-BF/NpyData/IND-010.npy', 'num_frames': 132, 'shape': (132, 512, 512)}]
[I 210310 19:10:00 test:73] [{'name': 'NCOV-BF/NpyData/IND-011.npy', 'num_frames': 150, 'shape': (150, 512, 512)}]
[I 210310 19:10:03 test:73] [{'name': 'NCOV-BF/NpyData/IND-012.npy', 'num_frames': 175, 'shape': (175, 512, 512)}]
[I 210310 19:10:06 test:73] [{'name': 'NCOV-BF/NpyData/IND-013.npy', 'num_frames': 170, 'shape': (170, 512, 512)}]
[I 210310 19:10:10 test:73] [{'name': 'NCOV-BF/NpyData/IND-014.npy', 'num_frames': 103, 'shape': (103, 512, 512)}]
[I 210310 19:10:12 test:73] [{'name': 'NCOV-BF/NpyData/IND-015.npy', 'num_frames': 146, 'shape': (146, 512, 512)}]
[I 210310 19:10:16 test:73] [{'name': 'NCOV-BF/NpyData/IND-016.npy', 'num_frames': 159, 'shape': (159, 512, 512)}]
[I 210310 19:10:19 test:73] [{'name': 'NCOV-BF/NpyData/IND-017.npy', 'num_frames': 142, 'shape': (142, 512, 512)}]
[I 210310 19:10:22 test:73] [{'name': 'NCOV-BF/NpyData/IND-018.npy', 'num_frames': 126, 'shape': (126, 512, 512)}]
[I 210310 19:10:25 test:73] [{'name': 'NCOV-BF/NpyData/IND-019.npy', 'num_frames': 150, 'shape': (150, 512, 512)}]
[I 210310 19:10:28 test:73] [{'name': 'NCOV-BF/NpyData/IND-020.npy', 'num_frames': 158, 'shape': (158, 512, 512)}]
[I 210310 19:10:31 test:73] [{'name': 'NCOV-BF/NpyData/IND-021.npy', 'num_frames': 130, 'shape': (130, 512, 512)}]
[I 210310 19:10:34 test:73] [{'name': 'NCOV-BF/NpyData/IND-022.npy', 'num_frames': 140, 'shape': (140, 512, 512)}]
[I 210310 19:10:37 test:73] [{'name': 'NCOV-BF/NpyData/IND-023.npy', 'num_frames': 163, 'shape': (163, 512, 512)}]
[I 210310 19:10:40 test:73] [{'name': 'NCOV-BF/NpyData/IND-024.npy', 'num_frames': 127, 'shape': (127, 512, 512)}]
[I 210310 19:10:43 test:73] [{'name': 'NCOV-BF/NpyData/IND-026.npy', 'num_frames': 160, 'shape': (160, 512, 512)}]
[I 210310 19:10:46 test:73] [{'name': 'NCOV-BF/NpyData/IND-029.npy', 'num_frames': 160, 'shape': (160, 512, 512)}]
[I 210310 19:10:49 test:73] [{'name': 'NCOV-BF/NpyData/IND-030.npy', 'num_frames': 158, 'shape': (158, 512, 512)}]
[I 210310 19:10:53 test:73] [{'name': 'NCOV-BF/NpyData/N160.npy', 'num_frames': 132, 'shape': (132, 512, 512)}]
[I 210310 19:10:56 test:73] [{'name': 'NCOV-BF/NpyData/N161.npy', 'num_frames': 162, 'shape': (162, 512, 512)}]
[I 210310 19:10:59 test:73] [{'name': 'NCOV-BF/NpyData/N163.npy', 'num_frames': 174, 'shape': (174, 512, 512)}]
[I 210310 19:11:03 test:73] [{'name': 'NCOV-BF/NpyData/N164.npy', 'num_frames': 157, 'shape': (157, 512, 512)}]
[I 210310 19:11:06 test:73] [{'name': 'NCOV-BF/NpyData/N165.npy', 'num_frames': 182, 'shape': (182, 512, 512)}]
[I 210310 19:11:10 test:73] [{'name': 'NCOV-BF/NpyData/N166.npy', 'num_frames': 180, 'shape': (180, 512, 512)}]
[I 210310 19:11:14 test:73] [{'name': 'NCOV-BF/NpyData/N167.npy', 'num_frames': 177, 'shape': (177, 512, 512)}]
[I 210310 19:11:18 test:73] [{'name': 'NCOV-BF/NpyData/N168.npy', 'num_frames': 188, 'shape': (188, 512, 512)}]
[I 210310 19:11:22 test:73] [{'name': 'NCOV-BF/NpyData/N169.npy', 'num_frames': 167, 'shape': (167, 512, 512)}]
[I 210310 19:11:26 test:73] [{'name': 'NCOV-BF/NpyData/N170.npy', 'num_frames': 165, 'shape': (165, 512, 512)}]
[I 210310 19:11:29 test:73] [{'name': 'NCOV-BF/NpyData/N171.npy', 'num_frames': 155, 'shape': (155, 512, 512)}]
[I 210310 19:11:33 test:73] [{'name': 'NCOV-BF/NpyData/N172.npy', 'num_frames': 169, 'shape': (169, 512, 512)}]
[I 210310 19:11:36 test:73] [{'name': 'NCOV-BF/NpyData/N173.npy', 'num_frames': 152, 'shape': (152, 512, 512)}]
[I 210310 19:11:40 test:73] [{'name': 'NCOV-BF/NpyData/N174.npy', 'num_frames': 169, 'shape': (169, 512, 512)}]
[I 210310 19:11:43 test:73] [{'name': 'NCOV-BF/NpyData/N175.npy', 'num_frames': 145, 'shape': (145, 512, 512)}]
[I 210310 19:11:46 test:73] [{'name': 'NCOV-BF/NpyData/N176.npy', 'num_frames': 175, 'shape': (175, 512, 512)}]
[I 210310 19:11:50 test:73] [{'name': 'NCOV-BF/NpyData/N177.npy', 'num_frames': 165, 'shape': (165, 512, 512)}]
[I 210310 19:11:54 test:73] [{'name': 'NCOV-BF/NpyData/N178.npy', 'num_frames': 190, 'shape': (190, 512, 512)}]
[I 210310 19:11:58 test:73] [{'name': 'NCOV-BF/NpyData/N180.npy', 'num_frames': 174, 'shape': (174, 512, 512)}]
[I 210310 19:12:01 test:73] [{'name': 'NCOV-BF/NpyData/N181-1.npy', 'num_frames': 166, 'shape': (166, 512, 512)}]
[I 210310 19:12:05 test:73] [{'name': 'NCOV-BF/NpyData/N181.npy', 'num_frames': 166, 'shape': (166, 512, 512)}]
[I 210310 19:12:08 test:73] [{'name': 'NCOV-BF/NpyData/N182.npy', 'num_frames': 148, 'shape': (148, 512, 512)}]
[I 210310 19:12:12 test:73] [{'name': 'NCOV-BF/NpyData/N183.npy', 'num_frames': 207, 'shape': (207, 512, 512)}]
[I 210310 19:12:16 test:73] [{'name': 'NCOV-BF/NpyData/N184.npy', 'num_frames': 155, 'shape': (155, 512, 512)}]
[I 210310 19:12:19 test:73] [{'name': 'NCOV-BF/NpyData/N185.npy', 'num_frames': 167, 'shape': (167, 512, 512)}]
[I 210310 19:12:23 test:73] [{'name': 'NCOV-BF/NpyData/N186.npy', 'num_frames': 147, 'shape': (147, 512, 512)}]
[I 210310 19:12:26 test:73] [{'name': 'NCOV-BF/NpyData/N187.npy', 'num_frames': 190, 'shape': (190, 512, 512)}]
[I 210310 19:12:30 test:73] [{'name': 'NCOV-BF/NpyData/N188.npy', 'num_frames': 160, 'shape': (160, 512, 512)}]
[I 210310 19:12:34 test:73] [{'name': 'NCOV-BF/NpyData/N189.npy', 'num_frames': 172, 'shape': (172, 512, 512)}]
[I 210310 19:12:37 test:73] [{'name': 'NCOV-BF/NpyData/N190.npy', 'num_frames': 140, 'shape': (140, 512, 512)}]
[I 210310 19:12:40 test:73] [{'name': 'NCOV-BF/NpyData/N191.npy', 'num_frames': 151, 'shape': (151, 512, 512)}]
[I 210310 19:12:44 test:73] [{'name': 'NCOV-BF/NpyData/N192.npy', 'num_frames': 161, 'shape': (161, 512, 512)}]
[I 210310 19:12:47 test:73] [{'name': 'NCOV-BF/NpyData/N193.npy', 'num_frames': 160, 'shape': (160, 512, 512)}]
[I 210310 19:12:50 test:73] [{'name': 'NCOV-BF/NpyData/N194.npy', 'num_frames': 140, 'shape': (140, 512, 512)}]
[I 210310 19:12:53 test:73] [{'name': 'NCOV-BF/NpyData/N195.npy', 'num_frames': 188, 'shape': (188, 512, 512)}]
[I 210310 19:12:57 test:73] [{'name': 'NCOV-BF/NpyData/N196.npy', 'num_frames': 160, 'shape': (160, 512, 512)}]
[I 210310 19:13:01 test:73] [{'name': 'NCOV-BF/NpyData/N197.npy', 'num_frames': 164, 'shape': (164, 512, 512)}]
[I 210310 19:13:04 test:73] [{'name': 'NCOV-BF/NpyData/N198.npy', 'num_frames': 147, 'shape': (147, 512, 512)}]
[I 210310 19:13:08 test:73] [{'name': 'NCOV-BF/NpyData/N200.npy', 'num_frames': 130, 'shape': (130, 512, 512)}]
[I 210310 19:13:10 test:73] [{'name': 'NCOV-BF/NpyData/N201.npy', 'num_frames': 201, 'shape': (201, 512, 512)}]
[I 210310 19:13:14 test:73] [{'name': 'NCOV-BF/NpyData/N202.npy', 'num_frames': 185, 'shape': (185, 512, 512)}]
[I 210310 19:13:18 test:73] [{'name': 'NCOV-BF/NpyData/N203.npy', 'num_frames': 189, 'shape': (189, 512, 512)}]
[I 210310 19:13:22 test:73] [{'name': 'NCOV-BF/NpyData/N204.npy', 'num_frames': 173, 'shape': (173, 512, 512)}]
[I 210310 19:13:26 test:73] [{'name': 'NCOV-BF/NpyData/N205.npy', 'num_frames': 166, 'shape': (166, 512, 512)}]
[I 210310 19:13:29 test:73] [{'name': 'NCOV-BF/NpyData/N206.npy', 'num_frames': 168, 'shape': (168, 512, 512)}]
[I 210310 19:13:33 test:73] [{'name': 'NCOV-BF/NpyData/N207.npy', 'num_frames': 190, 'shape': (190, 512, 512)}]
[I 210310 19:13:36 test:73] [{'name': 'NCOV-BF/NpyData/N208.npy', 'num_frames': 169, 'shape': (169, 512, 512)}]
[I 210310 19:13:40 test:73] [{'name': 'NCOV-BF/NpyData/N209.npy', 'num_frames': 193, 'shape': (193, 512, 512)}]
[I 210310 19:13:44 test:73] [{'name': 'NCOV-BF/NpyData/N210.npy', 'num_frames': 172, 'shape': (172, 512, 512)}]
[I 210310 19:13:47 test:73] [{'name': 'NCOV-BF/NpyData/N212.npy', 'num_frames': 157, 'shape': (157, 512, 512)}]
[I 210310 19:13:51 test:73] [{'name': 'NCOV-BF/NpyData/N213.npy', 'num_frames': 174, 'shape': (174, 512, 512)}]
[I 210310 19:13:54 test:73] [{'name': 'NCOV-BF/NpyData/N214.npy', 'num_frames': 155, 'shape': (155, 512, 512)}]
[I 210310 19:13:57 test:73] [{'name': 'NCOV-BF/NpyData/N216.npy', 'num_frames': 150, 'shape': (150, 512, 512)}]
[I 210310 19:14:00 test:73] [{'name': 'NCOV-BF/NpyData/N219.npy', 'num_frames': 160, 'shape': (160, 512, 512)}]
[I 210310 19:14:03 test:73] [{'name': 'NCOV-BF/NpyData/N220.npy', 'num_frames': 167, 'shape': (167, 512, 512)}]
[I 210310 19:14:07 test:73] [{'name': 'NCOV-BF/NpyData/N221.npy', 'num_frames': 168, 'shape': (168, 512, 512)}]
[I 210310 19:14:10 test:73] [{'name': 'NCOV-BF/NpyData/N222.npy', 'num_frames': 157, 'shape': (157, 512, 512)}]
[I 210310 19:14:13 test:73] [{'name': 'NCOV-BF/NpyData/N223.npy', 'num_frames': 147, 'shape': (147, 512, 512)}]
[I 210310 19:14:16 test:73] [{'name': 'NCOV-BF/NpyData/N226.npy', 'num_frames': 166, 'shape': (166, 512, 512)}]
[I 210310 19:14:20 test:73] [{'name': 'NCOV-BF/NpyData/N227.npy', 'num_frames': 195, 'shape': (195, 512, 512)}]
[I 210310 19:14:24 test:73] [{'name': 'NCOV-BF/NpyData/N228.npy', 'num_frames': 315, 'shape': (315, 512, 512)}]
[I 210310 19:14:30 test:73] [{'name': 'NCOV-BF/NpyData/N229.npy', 'num_frames': 160, 'shape': (160, 512, 512)}]
[I 210310 19:14:33 test:73] [{'name': 'NCOV-BF/NpyData/N230.npy', 'num_frames': 140, 'shape': (140, 512, 512)}]
[I 210310 19:14:36 test:73] [{'name': 'NCOV-BF/NpyData/N231.npy', 'num_frames': 159, 'shape': (159, 512, 512)}]
[I 210310 19:14:39 test:73] [{'name': 'NCOV-BF/NpyData/N232.npy', 'num_frames': 166, 'shape': (166, 512, 512)}]
[I 210310 19:14:42 test:73] [{'name': 'NCOV-BF/NpyData/N233.npy', 'num_frames': 191, 'shape': (191, 512, 512)}]
[I 210310 19:14:46 test:73] [{'name': 'NCOV-BF/NpyData/N234.npy', 'num_frames': 175, 'shape': (175, 512, 512)}]
[I 210310 19:14:50 test:73] [{'name': 'NCOV-BF/NpyData/N235.npy', 'num_frames': 167, 'shape': (167, 512, 512)}]
[I 210310 19:14:53 test:73] [{'name': 'NCOV-BF/NpyData/N236.npy', 'num_frames': 175, 'shape': (175, 512, 512)}]
[I 210310 19:14:57 test:73] [{'name': 'NCOV-BF/NpyData/N237.npy', 'num_frames': 143, 'shape': (143, 512, 512)}]
[I 210310 19:15:00 test:73] [{'name': 'NCOV-BF/NpyData/N238.npy', 'num_frames': 179, 'shape': (179, 512, 512)}]
[I 210310 19:15:03 test:73] [{'name': 'NCOV-BF/NpyData/N239.npy', 'num_frames': 174, 'shape': (174, 512, 512)}]
[I 210310 19:15:07 test:73] [{'name': 'NCOV-BF/NpyData/N240.npy', 'num_frames': 172, 'shape': (172, 512, 512)}]
[I 210310 19:15:13 test:73] [{'name': 'NCOV-BF/NpyData/N241.npy', 'num_frames': 157, 'shape': (157, 512, 512)}]
[I 210310 19:15:16 test:73] [{'name': 'NCOV-BF/NpyData/N242.npy', 'num_frames': 160, 'shape': (160, 512, 512)}]
[I 210310 19:15:20 test:73] [{'name': 'NCOV-BF/NpyData/N243.npy', 'num_frames': 148, 'shape': (148, 512, 512)}]
[I 210310 19:15:23 test:73] [{'name': 'NCOV-BF/NpyData/N244.npy', 'num_frames': 171, 'shape': (171, 512, 512)}]
[I 210310 19:15:27 test:73] [{'name': 'NCOV-BF/NpyData/N245.npy', 'num_frames': 167, 'shape': (167, 512, 512)}]
[I 210310 19:15:30 test:73] [{'name': 'NCOV-BF/NpyData/N246.npy', 'num_frames': 175, 'shape': (175, 512, 512)}]
[I 210310 19:15:34 test:73] [{'name': 'NCOV-BF/NpyData/N247.npy', 'num_frames': 136, 'shape': (136, 512, 512)}]
[I 210310 19:15:37 test:73] [{'name': 'NCOV-BF/NpyData/N248.npy', 'num_frames': 184, 'shape': (184, 512, 512)}]
[I 210310 19:15:41 test:73] [{'name': 'NCOV-BF/NpyData/N249.npy', 'num_frames': 165, 'shape': (165, 512, 512)}]
[I 210310 19:15:44 test:73] [{'name': 'NCOV-BF/NpyData/N251.npy', 'num_frames': 183, 'shape': (183, 512, 512)}]
[I 210310 19:15:48 test:73] [{'name': 'NCOV-BF/NpyData/N252.npy', 'num_frames': 157, 'shape': (157, 512, 512)}]
[I 210310 19:15:51 test:73] [{'name': 'NCOV-BF/NpyData/N253.npy', 'num_frames': 171, 'shape': (171, 512, 512)}]
[I 210310 19:15:55 test:73] [{'name': 'NCOV-BF/NpyData/N254.npy', 'num_frames': 160, 'shape': (160, 512, 512)}]
[I 210310 19:15:58 test:73] [{'name': 'NCOV-BF/NpyData/N255.npy', 'num_frames': 174, 'shape': (174, 512, 512)}]
[I 210310 19:16:02 test:73] [{'name': 'NCOV-BF/NpyData/N256.npy', 'num_frames': 155, 'shape': (155, 512, 512)}]
[I 210310 19:16:05 test:73] [{'name': 'NCOV-BF/NpyData/N257.npy', 'num_frames': 177, 'shape': (177, 512, 512)}]
[I 210310 19:16:08 test:73] [{'name': 'NCOV-BF/NpyData/N258.npy', 'num_frames': 155, 'shape': (155, 512, 512)}]
[I 210310 19:16:11 test:73] [{'name': 'NCOV-BF/NpyData/N259.npy', 'num_frames': 174, 'shape': (174, 512, 512)}]
[I 210310 19:16:15 test:73] [{'name': 'NCOV-BF/NpyData/N260.npy', 'num_frames': 153, 'shape': (153, 512, 512)}]
[I 210310 19:16:18 test:73] [{'name': 'NCOV-BF/NpyData/N261.npy', 'num_frames': 110, 'shape': (110, 512, 512)}]
[I 210310 19:16:21 test:73] [{'name': 'NCOV-BF/NpyData/N263.npy', 'num_frames': 160, 'shape': (160, 512, 512)}]
[I 210310 19:16:24 test:73] [{'name': 'NCOV-BF/NpyData/N264.npy', 'num_frames': 175, 'shape': (175, 512, 512)}]
[I 210310 19:16:28 test:73] [{'name': 'NCOV-BF/NpyData/N265.npy', 'num_frames': 172, 'shape': (172, 512, 512)}]
[I 210310 19:16:31 test:73] [{'name': 'NCOV-BF/NpyData/N266.npy', 'num_frames': 188, 'shape': (188, 512, 512)}]
[I 210310 19:16:37 test:73] [{'name': 'NCOV-BF/NpyData/N267.npy', 'num_frames': 163, 'shape': (163, 512, 512)}]
[I 210310 19:16:40 test:73] [{'name': 'NCOV-BF/NpyData/N269.npy', 'num_frames': 162, 'shape': (162, 512, 512)}]
[I 210310 19:16:44 test:73] [{'name': 'NCOV-BF/NpyData/N270.npy', 'num_frames': 174, 'shape': (174, 512, 512)}]
[I 210310 19:16:47 test:73] [{'name': 'NCOV-BF/NpyData/N271.npy', 'num_frames': 152, 'shape': (152, 512, 512)}]
[I 210310 19:16:51 test:73] [{'name': 'NCOV-BF/NpyData/N272.npy', 'num_frames': 169, 'shape': (169, 512, 512)}]
[I 210310 19:16:54 test:73] [{'name': 'NCOV-BF/NpyData/N273.npy', 'num_frames': 154, 'shape': (154, 512, 512)}]
[I 210310 19:16:57 test:73] [{'name': 'NCOV-BF/NpyData/N274.npy', 'num_frames': 158, 'shape': (158, 512, 512)}]
[I 210310 19:17:01 test:73] [{'name': 'NCOV-BF/NpyData/N275.npy', 'num_frames': 142, 'shape': (142, 512, 512)}]
[I 210310 19:17:03 test:73] [{'name': 'NCOV-BF/NpyData/N276.npy', 'num_frames': 147, 'shape': (147, 512, 512)}]
[I 210310 19:17:06 test:73] [{'name': 'NCOV-BF/NpyData/N278.npy', 'num_frames': 185, 'shape': (185, 512, 512)}]
[I 210310 19:17:10 test:73] [{'name': 'NCOV-BF/NpyData/N279.npy', 'num_frames': 170, 'shape': (170, 512, 512)}]
[I 210310 19:17:14 test:73] [{'name': 'NCOV-BF/NpyData/N280.npy', 'num_frames': 171, 'shape': (171, 512, 512)}]
[I 210310 19:17:18 test:73] [{'name': 'NCOV-BF/NpyData/N281.npy', 'num_frames': 171, 'shape': (171, 512, 512)}]
[I 210310 19:17:21 test:73] [{'name': 'NCOV-BF/NpyData/N282.npy', 'num_frames': 148, 'shape': (148, 512, 512)}]
[I 210310 19:17:24 test:73] [{'name': 'NCOV-BF/NpyData/N283.npy', 'num_frames': 182, 'shape': (182, 512, 512)}]
[I 210310 19:17:28 test:73] [{'name': 'NCOV-BF/NpyData/N284.npy', 'num_frames': 158, 'shape': (158, 512, 512)}]
[I 210310 19:17:31 test:73] [{'name': 'NCOV-BF/NpyData/N285.npy', 'num_frames': 132, 'shape': (132, 512, 512)}]
[I 210310 19:17:34 test:73] [{'name': 'NCOV-BF/NpyData/N286.npy', 'num_frames': 143, 'shape': (143, 512, 512)}]
[I 210310 19:17:37 test:73] [{'name': 'NCOV-BF/NpyData/N288.npy', 'num_frames': 178, 'shape': (178, 512, 512)}]
[I 210310 19:17:41 test:73] [{'name': 'NCOV-BF/NpyData/N289.npy', 'num_frames': 160, 'shape': (160, 512, 512)}]
[I 210310 19:17:45 test:73] [{'name': 'NCOV-BF/NpyData/N290.npy', 'num_frames': 175, 'shape': (175, 512, 512)}]
[I 210310 19:17:48 test:73] [{'name': 'NCOV-BF/NpyData/N291.npy', 'num_frames': 160, 'shape': (160, 512, 512)}]
[I 210310 19:17:52 test:73] [{'name': 'NCOV-BF/NpyData/N293.npy', 'num_frames': 143, 'shape': (143, 512, 512)}]
[I 210310 19:17:55 test:73] [{'name': 'NCOV-BF/NpyData/N294.npy', 'num_frames': 145, 'shape': (145, 512, 512)}]
[I 210310 19:17:58 test:73] [{'name': 'NCOV-BF/NpyData/N295.npy', 'num_frames': 145, 'shape': (145, 512, 512)}]
[I 210310 19:18:01 test:73] [{'name': 'NCOV-BF/NpyData/N296.npy', 'num_frames': 192, 'shape': (192, 512, 512)}]
[I 210310 19:18:05 test:73] [{'name': 'NCOV-BF/NpyData/N297.npy', 'num_frames': 148, 'shape': (148, 512, 512)}]
[I 210310 19:18:08 test:73] [{'name': 'NCOV-BF/NpyData/N299.npy', 'num_frames': 168, 'shape': (168, 512, 512)}]
[I 210310 19:18:12 test:73] [{'name': 'NCOV-BF/NpyData/N300.npy', 'num_frames': 175, 'shape': (175, 512, 512)}]
[I 210310 19:18:16 test:73] [{'name': 'NCOV-BF/NpyData/NEG-001.npy', 'num_frames': 154, 'shape': (154, 512, 512)}]
[I 210310 19:18:19 test:73] [{'name': 'NCOV-BF/NpyData/NEG-002.npy', 'num_frames': 177, 'shape': (177, 512, 512)}]
[I 210310 19:18:22 test:73] [{'name': 'NCOV-BF/NpyData/NEG-003.npy', 'num_frames': 167, 'shape': (167, 512, 512)}]
[I 210310 19:18:27 test:73] [{'name': 'NCOV-BF/NpyData/NEG-004.npy', 'num_frames': 125, 'shape': (125, 512, 512)}]
[I 210310 19:18:30 test:73] [{'name': 'NCOV-BF/NpyData/NEG-005.npy', 'num_frames': 152, 'shape': (152, 512, 512)}]
[I 210310 19:18:34 test:73] [{'name': 'NCOV-BF/NpyData/NEG-006.npy', 'num_frames': 110, 'shape': (110, 512, 512)}]
[I 210310 19:18:36 test:73] [{'name': 'NCOV-BF/NpyData/NEG-007.npy', 'num_frames': 158, 'shape': (158, 512, 512)}]
[I 210310 19:18:39 test:73] [{'name': 'NCOV-BF/NpyData/NEG-008.npy', 'num_frames': 132, 'shape': (132, 512, 512)}]
[I 210310 19:18:42 test:73] [{'name': 'NCOV-BF/NpyData/NEG-009.npy', 'num_frames': 143, 'shape': (143, 512, 512)}]
[I 210310 19:18:45 test:73] [{'name': 'NCOV-BF/NpyData/NEG-010.npy', 'num_frames': 135, 'shape': (135, 512, 512)}]
[I 210310 19:18:48 test:73] [{'name': 'NCOV-BF/NpyData/NEG-011.npy', 'num_frames': 153, 'shape': (153, 512, 512)}]
[I 210310 19:18:51 test:73] [{'name': 'NCOV-BF/NpyData/NEG-012.npy', 'num_frames': 152, 'shape': (152, 512, 512)}]
[I 210310 19:18:54 test:73] [{'name': 'NCOV-BF/NpyData/NEG-013.npy', 'num_frames': 162, 'shape': (162, 512, 512)}]
[I 210310 19:18:58 test:73] [{'name': 'NCOV-BF/NpyData/NEG-014.npy', 'num_frames': 160, 'shape': (160, 512, 512)}]
[I 210310 19:19:01 test:73] [{'name': 'NCOV-BF/NpyData/NEG-015.npy', 'num_frames': 154, 'shape': (154, 512, 512)}]
[I 210310 19:19:04 test:73] [{'name': 'NCOV-BF/NpyData/TYP-002.npy', 'num_frames': 185, 'shape': (185, 512, 512)}]
[I 210310 19:19:08 test:73] [{'name': 'NCOV-BF/NpyData/TYP-003.npy', 'num_frames': 162, 'shape': (162, 512, 512)}]
[I 210310 19:19:12 test:73] [{'name': 'NCOV-BF/NpyData/TYP-004.npy', 'num_frames': 167, 'shape': (167, 512, 512)}]
[I 210310 19:19:15 test:73] [{'name': 'NCOV-BF/NpyData/TYP-005.npy', 'num_frames': 162, 'shape': (162, 512, 512)}]
[I 210310 19:19:19 test:73] [{'name': 'NCOV-BF/NpyData/TYP-006.npy', 'num_frames': 157, 'shape': (157, 512, 512)}]
[I 210310 19:19:22 test:73] [{'name': 'NCOV-BF/NpyData/TYP-007.npy', 'num_frames': 133, 'shape': (133, 512, 512)}]
[I 210310 19:19:25 test:73] [{'name': 'NCOV-BF/NpyData/TYP-008.npy', 'num_frames': 135, 'shape': (135, 512, 512)}]
[I 210310 19:19:28 test:73] [{'name': 'NCOV-BF/NpyData/TYP-009.npy', 'num_frames': 150, 'shape': (150, 512, 512)}]
[I 210310 19:19:31 test:73] [{'name': 'NCOV-BF/NpyData/TYP-010.npy', 'num_frames': 129, 'shape': (129, 512, 512)}]
[I 210310 19:19:33 test:73] [{'name': 'NCOV-BF/NpyData/TYP-011.npy', 'num_frames': 157, 'shape': (157, 512, 512)}]
[I 210310 19:19:37 test:73] [{'name': 'NCOV-BF/NpyData/TYP-012.npy', 'num_frames': 172, 'shape': (172, 512, 512)}]
[I 210310 19:19:40 test:73] [{'name': 'NCOV-BF/NpyData/TYP-013.npy', 'num_frames': 150, 'shape': (150, 512, 512)}]
[I 210310 19:19:43 test:73] [{'name': 'NCOV-BF/NpyData/TYP-014.npy', 'num_frames': 145, 'shape': (145, 512, 512)}]
[I 210310 19:19:46 test:73] [{'name': 'NCOV-BF/NpyData/TYP-015.npy', 'num_frames': 163, 'shape': (163, 512, 512)}]
[I 210310 19:19:50 test:73] [{'name': 'NCOV-BF/NpyData/TYP-016.npy', 'num_frames': 167, 'shape': (167, 512, 512)}]
[I 210310 19:19:53 test:73] [{'name': 'NCOV-BF/NpyData/TYP-017.npy', 'num_frames': 155, 'shape': (155, 512, 512)}]
[I 210310 19:19:56 test:73] [{'name': 'NCOV-BF/NpyData/TYP-018.npy', 'num_frames': 160, 'shape': (160, 512, 512)}]
[I 210310 19:19:59 test:73] [{'name': 'NCOV-BF/NpyData/TYP-019.npy', 'num_frames': 150, 'shape': (150, 512, 512)}]
[I 210310 19:20:02 test:73] [{'name': 'NCOV-BF/NpyData/TYP-020.npy', 'num_frames': 165, 'shape': (165, 512, 512)}]
[I 210310 19:20:05 test:73] [{'name': 'NCOV-BF/NpyData/TYP-021.npy', 'num_frames': 147, 'shape': (147, 512, 512)}]
[I 210310 19:20:08 test:73] [{'name': 'NCOV-BF/NpyData/TYP-022.npy', 'num_frames': 175, 'shape': (175, 512, 512)}]
[I 210310 19:20:12 test:73] [{'name': 'NCOV-BF/NpyData/TYP-023.npy', 'num_frames': 150, 'shape': (150, 512, 512)}]
[I 210310 19:20:15 test:73] [{'name': 'NCOV-BF/NpyData/TYP-024.npy', 'num_frames': 144, 'shape': (144, 512, 512)}]
[I 210310 19:20:18 test:73] [{'name': 'NCOV-BF/NpyData/TYP-025.npy', 'num_frames': 132, 'shape': (132, 512, 512)}]
[I 210310 19:20:21 test:73] [{'name': 'NCOV-BF/NpyData/TYP-026.npy', 'num_frames': 168, 'shape': (168, 512, 512)}]
[I 210310 19:20:24 test:73] [{'name': 'NCOV-BF/NpyData/TYP-027.npy', 'num_frames': 180, 'shape': (180, 512, 512)}]
[I 210310 19:20:28 test:73] [{'name': 'NCOV-BF/NpyData/TYP-028.npy', 'num_frames': 150, 'shape': (150, 512, 512)}]
[I 210310 19:20:31 test:73] [{'name': 'NCOV-BF/NpyData/TYP-029.npy', 'num_frames': 120, 'shape': (120, 512, 512)}]
[I 210310 19:20:33 test:73] [{'name': 'NCOV-BF/NpyData/TYP-030.npy', 'num_frames': 130, 'shape': (130, 512, 512)}]
[I 210310 19:20:36 test:73] [{'name': 'NCOV-BF/NpyData/TYP-031.npy', 'num_frames': 155, 'shape': (155, 512, 512)}]
