[I 210308 14:43:58 train:86] Config cfgs/trainval.yaml...
[I 210308 14:43:58 train:87] {
     "MODEL": {
      "MODEL_UID": "unet",
      "NUM_CLASSES": 2
     },
     "DATALOADER": {
      "TRAIN_CROP_SIZE": [
       192,
       288
      ],
      "BATCH_SIZE_PER_GPU": 1,
      "NUM_WORKERS": 8,
      "SAMPLE_NUMBER": 48
     },
     "SOLVER": {
      "LEARNING_RATE": "1e-3",
      "WEIGHT_DECAY": 0,
      "LR_DECAY": 1,
      "TRAIN_EPOCH": 300,
      "SNAPSHOT_FREQ": 10,
      "SNAPSHOT_HOME": "experiments",
      "SNAPSHOT_MODEL_TPL": "lungseg-Epoch_{:05d}.pth",
      "LOG_FILE": "experiments/train.log",
      "INIT_MODEL_PATH": "",
      "INIT_MODEL_STRICT": "True",
      "RESUME_EPOCH": 0
     },
     "DATASETS": {
      "DATA_ROOT": "NCOV-BF"
     }
    }
[I 210308 14:43:58 train:93] Setting Dataloader | dset: 87 / loader: 87, | N: -1
[I 210308 14:44:49 train:121] EN | E-I [0-87] | CE: 0.28938 | TrainmIOU: 0.706 | dT/rT: 2.338 / 48.600
[I 210308 14:44:49 train:127] Dump weights experiments/lungseg-Epoch_00000.pth to disk...
[I 210308 14:44:49 train:137] Do evaluation...
[I 210308 14:44:53 train:149] VALIDATION | E [0] | CE: 0.15643 | ValmIOU: 0.838
[I 210308 14:45:42 train:121] EN | E-I [1-87] | CE: 0.15396 | TrainmIOU: 0.795 | dT/rT: 2.178 / 46.274
[I 210308 14:46:31 train:121] EN | E-I [2-87] | CE: 0.11782 | TrainmIOU: 0.822 | dT/rT: 2.876 / 46.563
[I 210308 14:47:21 train:121] EN | E-I [3-87] | CE: 0.09903 | TrainmIOU: 0.840 | dT/rT: 2.490 / 47.013
[I 210308 14:48:10 train:121] EN | E-I [4-87] | CE: 0.10510 | TrainmIOU: 0.818 | dT/rT: 2.628 / 47.061
[I 210308 14:49:00 train:121] EN | E-I [5-87] | CE: 0.08481 | TrainmIOU: 0.849 | dT/rT: 2.368 / 47.283
[I 210308 14:49:50 train:121] EN | E-I [6-87] | CE: 0.08759 | TrainmIOU: 0.846 | dT/rT: 2.774 / 47.279
[I 210308 14:50:39 train:121] EN | E-I [7-87] | CE: 0.09061 | TrainmIOU: 0.838 | dT/rT: 1.840 / 47.442
[I 210308 14:51:29 train:121] EN | E-I [8-87] | CE: 0.09053 | TrainmIOU: 0.843 | dT/rT: 2.421 / 47.300
[I 210308 14:52:19 train:121] EN | E-I [9-87] | CE: 0.08143 | TrainmIOU: 0.856 | dT/rT: 2.346 / 47.432
[I 210308 14:53:09 train:121] EN | E-I [10-87] | CE: 0.08250 | TrainmIOU: 0.854 | dT/rT: 2.485 / 47.298
[I 210308 14:53:09 train:127] Dump weights experiments/lungseg-Epoch_00010.pth to disk...
[I 210308 14:53:09 train:137] Do evaluation...
[I 210308 14:53:12 train:149] VALIDATION | E [10] | CE: 0.67558 | ValmIOU: 0.534
[I 210308 14:54:02 train:121] EN | E-I [11-87] | CE: 0.07432 | TrainmIOU: 0.867 | dT/rT: 2.653 / 47.239
[I 210308 14:54:52 train:121] EN | E-I [12-87] | CE: 0.07707 | TrainmIOU: 0.859 | dT/rT: 2.287 / 47.348
[I 210308 14:55:41 train:121] EN | E-I [13-87] | CE: 0.07689 | TrainmIOU: 0.857 | dT/rT: 2.184 / 47.342
[I 210308 14:56:31 train:121] EN | E-I [14-87] | CE: 0.07794 | TrainmIOU: 0.855 | dT/rT: 2.201 / 47.407
[I 210308 14:57:21 train:121] EN | E-I [15-87] | CE: 0.07258 | TrainmIOU: 0.868 | dT/rT: 2.550 / 47.273
[I 210308 14:58:11 train:121] EN | E-I [16-87] | CE: 0.07455 | TrainmIOU: 0.861 | dT/rT: 2.364 / 47.329
[I 210308 14:59:00 train:121] EN | E-I [17-87] | CE: 0.06468 | TrainmIOU: 0.879 | dT/rT: 2.394 / 47.380
[I 210308 14:59:50 train:121] EN | E-I [18-87] | CE: 0.06830 | TrainmIOU: 0.871 | dT/rT: 2.582 / 47.181
[I 210308 15:00:40 train:121] EN | E-I [19-87] | CE: 0.06722 | TrainmIOU: 0.876 | dT/rT: 2.576 / 47.204
[I 210308 15:01:29 train:121] EN | E-I [20-87] | CE: 0.06445 | TrainmIOU: 0.880 | dT/rT: 2.266 / 47.344
[I 210308 15:01:29 train:127] Dump weights experiments/lungseg-Epoch_00020.pth to disk...
[I 210308 15:01:30 train:137] Do evaluation...
[I 210308 15:01:33 train:149] VALIDATION | E [20] | CE: 0.44966 | ValmIOU: 0.383
[I 210308 15:02:23 train:121] EN | E-I [21-87] | CE: 0.07697 | TrainmIOU: 0.859 | dT/rT: 2.442 / 47.301
[I 210308 15:03:13 train:121] EN | E-I [22-87] | CE: 0.07521 | TrainmIOU: 0.860 | dT/rT: 2.569 / 47.264
[I 210308 15:04:03 train:121] EN | E-I [23-87] | CE: 0.06522 | TrainmIOU: 0.879 | dT/rT: 2.352 / 47.464
[I 210308 15:04:53 train:121] EN | E-I [24-87] | CE: 0.06479 | TrainmIOU: 0.882 | dT/rT: 2.409 / 47.354
[I 210308 15:05:42 train:121] EN | E-I [25-87] | CE: 0.06411 | TrainmIOU: 0.884 | dT/rT: 2.538 / 47.285
[I 210308 15:06:32 train:121] EN | E-I [26-87] | CE: 0.07076 | TrainmIOU: 0.868 | dT/rT: 2.361 / 47.394
[I 210308 15:07:22 train:121] EN | E-I [27-87] | CE: 0.06762 | TrainmIOU: 0.878 | dT/rT: 2.928 / 47.178
[I 210308 15:08:12 train:121] EN | E-I [28-87] | CE: 0.06877 | TrainmIOU: 0.874 | dT/rT: 2.358 / 47.295
[I 210308 15:09:02 train:121] EN | E-I [29-87] | CE: 0.06055 | TrainmIOU: 0.888 | dT/rT: 2.446 / 47.322
[I 210308 15:09:51 train:121] EN | E-I [30-87] | CE: 0.06862 | TrainmIOU: 0.871 | dT/rT: 2.360 / 47.311
[I 210308 15:09:51 train:127] Dump weights experiments/lungseg-Epoch_00030.pth to disk...
[I 210308 15:09:51 train:137] Do evaluation...
[I 210308 15:09:55 train:149] VALIDATION | E [30] | CE: 0.20370 | ValmIOU: 0.719
[I 210308 15:10:45 train:121] EN | E-I [31-87] | CE: 0.06253 | TrainmIOU: 0.889 | dT/rT: 2.818 / 47.154
[I 210308 15:11:35 train:121] EN | E-I [32-87] | CE: 0.06291 | TrainmIOU: 0.883 | dT/rT: 2.408 / 47.387
[I 210308 15:12:25 train:121] EN | E-I [33-87] | CE: 0.06509 | TrainmIOU: 0.879 | dT/rT: 2.279 / 47.365
[I 210308 15:13:15 train:121] EN | E-I [34-87] | CE: 0.06601 | TrainmIOU: 0.873 | dT/rT: 2.793 / 47.312
[I 210308 15:14:05 train:121] EN | E-I [35-87] | CE: 0.06358 | TrainmIOU: 0.881 | dT/rT: 2.604 / 47.380
[I 210308 15:14:54 train:121] EN | E-I [36-87] | CE: 0.06366 | TrainmIOU: 0.881 | dT/rT: 2.382 / 47.355
[I 210308 15:15:44 train:121] EN | E-I [37-87] | CE: 0.05804 | TrainmIOU: 0.891 | dT/rT: 2.392 / 47.401
[I 210308 15:16:34 train:121] EN | E-I [38-87] | CE: 0.06188 | TrainmIOU: 0.885 | dT/rT: 2.217 / 47.488
[I 210308 15:17:24 train:121] EN | E-I [39-87] | CE: 0.06355 | TrainmIOU: 0.881 | dT/rT: 2.752 / 47.188
[I 210308 15:18:14 train:121] EN | E-I [40-87] | CE: 0.05991 | TrainmIOU: 0.890 | dT/rT: 2.448 / 47.402
[I 210308 15:18:14 train:127] Dump weights experiments/lungseg-Epoch_00040.pth to disk...
[I 210308 15:18:14 train:137] Do evaluation...
[I 210308 15:18:18 train:149] VALIDATION | E [40] | CE: 0.33646 | ValmIOU: 0.653
[I 210308 15:19:07 train:121] EN | E-I [41-87] | CE: 0.05450 | TrainmIOU: 0.895 | dT/rT: 2.459 / 47.290
[I 210308 15:19:58 train:121] EN | E-I [42-87] | CE: 0.06733 | TrainmIOU: 0.876 | dT/rT: 2.892 / 47.185
[I 210308 15:20:47 train:121] EN | E-I [43-87] | CE: 0.05502 | TrainmIOU: 0.897 | dT/rT: 2.256 / 47.417
[I 210308 15:21:37 train:121] EN | E-I [44-87] | CE: 0.05685 | TrainmIOU: 0.895 | dT/rT: 2.225 / 47.319
[I 210308 15:22:27 train:121] EN | E-I [45-87] | CE: 0.05983 | TrainmIOU: 0.889 | dT/rT: 2.500 / 47.332
[I 210308 15:23:16 train:121] EN | E-I [46-87] | CE: 0.05237 | TrainmIOU: 0.901 | dT/rT: 2.282 / 47.351
[I 210308 15:24:06 train:121] EN | E-I [47-87] | CE: 0.06283 | TrainmIOU: 0.884 | dT/rT: 2.693 / 47.197
[I 210308 15:24:56 train:121] EN | E-I [48-87] | CE: 0.05997 | TrainmIOU: 0.886 | dT/rT: 2.385 / 47.311
[I 210308 15:25:46 train:121] EN | E-I [49-87] | CE: 0.06623 | TrainmIOU: 0.875 | dT/rT: 2.713 / 47.215
[I 210308 15:26:35 train:121] EN | E-I [50-87] | CE: 0.05893 | TrainmIOU: 0.886 | dT/rT: 2.399 / 47.272
[I 210308 15:26:35 train:127] Dump weights experiments/lungseg-Epoch_00050.pth to disk...
[I 210308 15:26:35 train:137] Do evaluation...
[I 210308 15:26:39 train:149] VALIDATION | E [50] | CE: 0.25828 | ValmIOU: 0.539
[I 210308 15:27:29 train:121] EN | E-I [51-87] | CE: 0.06030 | TrainmIOU: 0.888 | dT/rT: 2.423 / 47.291
[I 210308 15:28:19 train:121] EN | E-I [52-87] | CE: 0.06215 | TrainmIOU: 0.886 | dT/rT: 2.832 / 47.176
[I 210308 15:29:09 train:121] EN | E-I [53-87] | CE: 0.05875 | TrainmIOU: 0.890 | dT/rT: 2.440 / 47.334
[I 210308 15:29:58 train:121] EN | E-I [54-87] | CE: 0.05920 | TrainmIOU: 0.890 | dT/rT: 2.208 / 47.305
[I 210308 15:30:48 train:121] EN | E-I [55-87] | CE: 0.05560 | TrainmIOU: 0.896 | dT/rT: 2.874 / 47.173
[I 210308 15:31:38 train:121] EN | E-I [56-87] | CE: 0.05546 | TrainmIOU: 0.894 | dT/rT: 2.545 / 47.216
[I 210308 15:32:27 train:121] EN | E-I [57-87] | CE: 0.05578 | TrainmIOU: 0.892 | dT/rT: 2.100 / 47.331
[I 210308 15:33:17 train:121] EN | E-I [58-87] | CE: 0.05972 | TrainmIOU: 0.894 | dT/rT: 2.733 / 47.196
[I 210308 15:34:07 train:121] EN | E-I [59-87] | CE: 0.05117 | TrainmIOU: 0.903 | dT/rT: 2.308 / 47.281
[I 210308 15:34:57 train:121] EN | E-I [60-87] | CE: 0.05769 | TrainmIOU: 0.894 | dT/rT: 2.550 / 47.188
[I 210308 15:34:57 train:127] Dump weights experiments/lungseg-Epoch_00060.pth to disk...
[I 210308 15:34:57 train:137] Do evaluation...
[I 210308 15:35:00 train:149] VALIDATION | E [60] | CE: 0.24476 | ValmIOU: 0.709
[I 210308 15:35:50 train:121] EN | E-I [61-87] | CE: 0.05502 | TrainmIOU: 0.894 | dT/rT: 2.506 / 47.252
[I 210308 15:36:40 train:121] EN | E-I [62-87] | CE: 0.06372 | TrainmIOU: 0.883 | dT/rT: 2.443 / 47.316
[I 210308 15:37:30 train:121] EN | E-I [63-87] | CE: 0.05477 | TrainmIOU: 0.898 | dT/rT: 2.656 / 47.268
[I 210308 15:38:20 train:121] EN | E-I [64-87] | CE: 0.05672 | TrainmIOU: 0.897 | dT/rT: 2.883 / 47.218
[I 210308 15:39:10 train:121] EN | E-I [65-87] | CE: 0.05890 | TrainmIOU: 0.892 | dT/rT: 2.559 / 47.328
[I 210308 15:40:00 train:121] EN | E-I [66-87] | CE: 0.06340 | TrainmIOU: 0.883 | dT/rT: 2.307 / 47.304
[I 210308 15:40:49 train:121] EN | E-I [67-87] | CE: 0.06383 | TrainmIOU: 0.880 | dT/rT: 2.426 / 47.301
[I 210308 15:41:39 train:121] EN | E-I [68-87] | CE: 0.04866 | TrainmIOU: 0.906 | dT/rT: 2.293 / 47.363
[I 210308 15:42:29 train:121] EN | E-I [69-87] | CE: 0.05819 | TrainmIOU: 0.892 | dT/rT: 2.281 / 47.390
[I 210308 15:43:18 train:121] EN | E-I [70-87] | CE: 0.05649 | TrainmIOU: 0.896 | dT/rT: 2.715 / 47.193
[I 210308 15:43:18 train:127] Dump weights experiments/lungseg-Epoch_00070.pth to disk...
[I 210308 15:43:19 train:137] Do evaluation...
[I 210308 15:43:22 train:149] VALIDATION | E [70] | CE: 0.07583 | ValmIOU: 0.808
[I 210308 15:44:12 train:121] EN | E-I [71-87] | CE: 0.05659 | TrainmIOU: 0.894 | dT/rT: 2.702 / 47.153
[I 210308 15:45:02 train:121] EN | E-I [72-87] | CE: 0.05310 | TrainmIOU: 0.898 | dT/rT: 2.453 / 47.322
[I 210308 15:45:52 train:121] EN | E-I [73-87] | CE: 0.05825 | TrainmIOU: 0.892 | dT/rT: 2.419 / 47.385
[I 210308 15:46:42 train:121] EN | E-I [74-87] | CE: 0.06021 | TrainmIOU: 0.890 | dT/rT: 2.592 / 47.308
[I 210308 15:47:31 train:121] EN | E-I [75-87] | CE: 0.05423 | TrainmIOU: 0.901 | dT/rT: 2.190 / 47.442
[I 210308 15:48:21 train:121] EN | E-I [76-87] | CE: 0.04887 | TrainmIOU: 0.906 | dT/rT: 2.216 / 47.429
[I 210308 15:49:11 train:121] EN | E-I [77-87] | CE: 0.05491 | TrainmIOU: 0.898 | dT/rT: 2.627 / 47.381
[I 210308 15:50:01 train:121] EN | E-I [78-87] | CE: 0.05829 | TrainmIOU: 0.894 | dT/rT: 2.703 / 47.295
[I 210308 15:50:51 train:121] EN | E-I [79-87] | CE: 0.04845 | TrainmIOU: 0.911 | dT/rT: 2.148 / 47.493
[I 210308 15:51:40 train:121] EN | E-I [80-87] | CE: 0.05236 | TrainmIOU: 0.901 | dT/rT: 2.149 / 47.602
[I 210308 15:51:40 train:127] Dump weights experiments/lungseg-Epoch_00080.pth to disk...
[I 210308 15:51:40 train:137] Do evaluation...
[I 210308 15:51:44 train:149] VALIDATION | E [80] | CE: 0.14257 | ValmIOU: 0.776
[I 210308 15:52:34 train:121] EN | E-I [81-87] | CE: 0.05400 | TrainmIOU: 0.902 | dT/rT: 2.605 / 47.259
[I 210308 15:53:24 train:121] EN | E-I [82-87] | CE: 0.06221 | TrainmIOU: 0.885 | dT/rT: 2.681 / 47.345
[I 210308 15:54:14 train:121] EN | E-I [83-87] | CE: 0.04826 | TrainmIOU: 0.907 | dT/rT: 2.360 / 47.406
[I 210308 15:55:04 train:121] EN | E-I [84-87] | CE: 0.05590 | TrainmIOU: 0.896 | dT/rT: 2.252 / 47.483
[I 210308 15:55:54 train:121] EN | E-I [85-87] | CE: 0.04926 | TrainmIOU: 0.906 | dT/rT: 2.729 / 47.391
[I 210308 15:56:44 train:121] EN | E-I [86-87] | CE: 0.05114 | TrainmIOU: 0.908 | dT/rT: 2.823 / 47.345
[I 210308 15:57:34 train:121] EN | E-I [87-87] | CE: 0.06354 | TrainmIOU: 0.884 | dT/rT: 2.231 / 47.443
[I 210308 15:58:23 train:121] EN | E-I [88-87] | CE: 0.04768 | TrainmIOU: 0.911 | dT/rT: 2.447 / 47.408
[I 210308 15:59:13 train:121] EN | E-I [89-87] | CE: 0.05388 | TrainmIOU: 0.898 | dT/rT: 2.644 / 47.316
[I 210308 16:00:03 train:121] EN | E-I [90-87] | CE: 0.05093 | TrainmIOU: 0.903 | dT/rT: 2.462 / 47.352
[I 210308 16:00:03 train:127] Dump weights experiments/lungseg-Epoch_00090.pth to disk...
[I 210308 16:00:03 train:137] Do evaluation...
[I 210308 16:00:07 train:149] VALIDATION | E [90] | CE: 0.14657 | ValmIOU: 0.771
[I 210308 16:00:57 train:121] EN | E-I [91-87] | CE: 0.05755 | TrainmIOU: 0.893 | dT/rT: 2.401 / 47.363
[I 210308 16:01:47 train:121] EN | E-I [92-87] | CE: 0.06089 | TrainmIOU: 0.886 | dT/rT: 2.459 / 47.351
[I 210308 16:02:37 train:121] EN | E-I [93-87] | CE: 0.04950 | TrainmIOU: 0.905 | dT/rT: 2.549 / 47.321
[I 210308 16:03:26 train:121] EN | E-I [94-87] | CE: 0.04982 | TrainmIOU: 0.905 | dT/rT: 2.295 / 47.520
[I 210308 16:04:16 train:121] EN | E-I [95-87] | CE: 0.05331 | TrainmIOU: 0.902 | dT/rT: 2.551 / 47.354
[I 210308 16:05:06 train:121] EN | E-I [96-87] | CE: 0.05259 | TrainmIOU: 0.898 | dT/rT: 2.169 / 47.464
[I 210308 16:05:56 train:121] EN | E-I [97-87] | CE: 0.05643 | TrainmIOU: 0.896 | dT/rT: 2.242 / 47.516
[I 210308 16:06:46 train:121] EN | E-I [98-87] | CE: 0.05700 | TrainmIOU: 0.898 | dT/rT: 2.451 / 47.378
[I 210308 16:07:35 train:121] EN | E-I [99-87] | CE: 0.04774 | TrainmIOU: 0.912 | dT/rT: 2.548 / 47.422
[I 210308 16:08:25 train:121] EN | E-I [100-87] | CE: 0.05733 | TrainmIOU: 0.893 | dT/rT: 2.241 / 47.577
[I 210308 16:08:25 train:127] Dump weights experiments/lungseg-Epoch_00100.pth to disk...
[I 210308 16:08:25 train:137] Do evaluation...
[I 210308 16:08:29 train:149] VALIDATION | E [100] | CE: 0.20877 | ValmIOU: 0.619
[I 210308 16:09:19 train:121] EN | E-I [101-87] | CE: 0.04949 | TrainmIOU: 0.907 | dT/rT: 2.826 / 47.310
[I 210308 16:10:09 train:121] EN | E-I [102-87] | CE: 0.05528 | TrainmIOU: 0.897 | dT/rT: 2.193 / 47.555
[I 210308 16:10:59 train:121] EN | E-I [103-87] | CE: 0.05036 | TrainmIOU: 0.908 | dT/rT: 2.426 / 47.546
[I 210308 16:11:49 train:121] EN | E-I [104-87] | CE: 0.05281 | TrainmIOU: 0.903 | dT/rT: 2.236 / 47.571
[I 210308 16:12:39 train:121] EN | E-I [105-87] | CE: 0.04780 | TrainmIOU: 0.908 | dT/rT: 2.278 / 47.659
[I 210308 16:13:28 train:121] EN | E-I [106-87] | CE: 0.05127 | TrainmIOU: 0.904 | dT/rT: 2.212 / 47.484
[I 210308 16:14:18 train:121] EN | E-I [107-87] | CE: 0.04802 | TrainmIOU: 0.912 | dT/rT: 2.415 / 47.428
[I 210308 16:15:08 train:121] EN | E-I [108-87] | CE: 0.04620 | TrainmIOU: 0.913 | dT/rT: 2.457 / 47.497
[I 210308 16:15:58 train:121] EN | E-I [109-87] | CE: 0.05873 | TrainmIOU: 0.889 | dT/rT: 2.297 / 47.525
[I 210308 16:16:48 train:121] EN | E-I [110-87] | CE: 0.04664 | TrainmIOU: 0.910 | dT/rT: 2.560 / 47.355
[I 210308 16:16:48 train:127] Dump weights experiments/lungseg-Epoch_00110.pth to disk...
[I 210308 16:16:48 train:137] Do evaluation...
[I 210308 16:16:52 train:149] VALIDATION | E [110] | CE: 0.54095 | ValmIOU: 0.404
[I 210308 16:17:42 train:121] EN | E-I [111-87] | CE: 0.05387 | TrainmIOU: 0.900 | dT/rT: 2.640 / 47.388
[I 210308 16:18:32 train:121] EN | E-I [112-87] | CE: 0.05133 | TrainmIOU: 0.903 | dT/rT: 2.489 / 47.508
[I 210308 16:19:22 train:121] EN | E-I [113-87] | CE: 0.04739 | TrainmIOU: 0.910 | dT/rT: 2.281 / 47.488
[I 210308 16:20:12 train:121] EN | E-I [114-87] | CE: 0.04599 | TrainmIOU: 0.914 | dT/rT: 2.267 / 47.604
[I 210308 16:21:01 train:121] EN | E-I [115-87] | CE: 0.04165 | TrainmIOU: 0.922 | dT/rT: 2.328 / 47.519
[I 210308 16:21:51 train:121] EN | E-I [116-87] | CE: 0.04676 | TrainmIOU: 0.910 | dT/rT: 2.175 / 47.565
[I 210308 16:22:41 train:121] EN | E-I [117-87] | CE: 0.04660 | TrainmIOU: 0.914 | dT/rT: 2.323 / 47.478
[I 210308 16:23:31 train:121] EN | E-I [118-87] | CE: 0.04943 | TrainmIOU: 0.908 | dT/rT: 2.271 / 47.543
[I 210308 16:24:21 train:121] EN | E-I [119-87] | CE: 0.04267 | TrainmIOU: 0.920 | dT/rT: 2.270 / 47.563
[I 210308 16:25:11 train:121] EN | E-I [120-87] | CE: 0.03807 | TrainmIOU: 0.926 | dT/rT: 2.706 / 47.415
[I 210308 16:25:11 train:127] Dump weights experiments/lungseg-Epoch_00120.pth to disk...
[I 210308 16:25:11 train:137] Do evaluation...
[I 210308 16:25:15 train:149] VALIDATION | E [120] | CE: 0.78242 | ValmIOU: 0.600
[I 210308 16:26:05 train:121] EN | E-I [121-87] | CE: 0.04812 | TrainmIOU: 0.911 | dT/rT: 2.468 / 47.444
[I 210308 16:26:55 train:121] EN | E-I [122-87] | CE: 0.04335 | TrainmIOU: 0.916 | dT/rT: 2.624 / 47.527
[I 210308 16:27:45 train:121] EN | E-I [123-87] | CE: 0.04414 | TrainmIOU: 0.918 | dT/rT: 2.489 / 47.605
[I 210308 16:28:35 train:121] EN | E-I [124-87] | CE: 0.05003 | TrainmIOU: 0.906 | dT/rT: 2.367 / 47.516
[I 210308 16:29:25 train:121] EN | E-I [125-87] | CE: 0.04881 | TrainmIOU: 0.912 | dT/rT: 2.262 / 47.654
[I 210308 16:30:14 train:121] EN | E-I [126-87] | CE: 0.04823 | TrainmIOU: 0.912 | dT/rT: 2.143 / 47.631
[I 210308 16:31:05 train:121] EN | E-I [127-87] | CE: 0.06385 | TrainmIOU: 0.885 | dT/rT: 2.850 / 47.359
[I 210308 16:31:55 train:121] EN | E-I [128-87] | CE: 0.04724 | TrainmIOU: 0.914 | dT/rT: 2.648 / 47.546
[I 210308 16:32:45 train:121] EN | E-I [129-87] | CE: 0.04857 | TrainmIOU: 0.913 | dT/rT: 2.186 / 47.582
[I 210308 16:33:35 train:121] EN | E-I [130-87] | CE: 0.04205 | TrainmIOU: 0.923 | dT/rT: 2.821 / 47.355
[I 210308 16:33:35 train:127] Dump weights experiments/lungseg-Epoch_00130.pth to disk...
[I 210308 16:33:35 train:137] Do evaluation...
[I 210308 16:33:39 train:149] VALIDATION | E [130] | CE: 0.52907 | ValmIOU: 0.445
[I 210308 16:34:29 train:121] EN | E-I [131-87] | CE: 0.04356 | TrainmIOU: 0.918 | dT/rT: 2.730 / 47.375
[I 210308 16:35:19 train:121] EN | E-I [132-87] | CE: 0.04087 | TrainmIOU: 0.921 | dT/rT: 2.377 / 47.495
[I 210308 16:36:09 train:121] EN | E-I [133-87] | CE: 0.04566 | TrainmIOU: 0.915 | dT/rT: 2.410 / 47.563
[I 210308 16:36:58 train:121] EN | E-I [134-87] | CE: 0.04880 | TrainmIOU: 0.909 | dT/rT: 2.119 / 47.656
[I 210308 16:37:49 train:121] EN | E-I [135-87] | CE: 0.04763 | TrainmIOU: 0.911 | dT/rT: 2.626 / 47.542
[I 210308 16:38:38 train:121] EN | E-I [136-87] | CE: 0.04775 | TrainmIOU: 0.913 | dT/rT: 2.208 / 47.572
[I 210308 16:39:28 train:121] EN | E-I [137-87] | CE: 0.04816 | TrainmIOU: 0.911 | dT/rT: 2.516 / 47.506
[I 210308 16:40:19 train:121] EN | E-I [138-87] | CE: 0.04005 | TrainmIOU: 0.923 | dT/rT: 2.723 / 47.437
[I 210308 16:41:09 train:121] EN | E-I [139-87] | CE: 0.03810 | TrainmIOU: 0.928 | dT/rT: 2.638 / 47.459
[I 210308 16:41:58 train:121] EN | E-I [140-87] | CE: 0.04083 | TrainmIOU: 0.923 | dT/rT: 2.122 / 47.666
[I 210308 16:41:58 train:127] Dump weights experiments/lungseg-Epoch_00140.pth to disk...
[I 210308 16:41:58 train:137] Do evaluation...
[I 210308 16:42:02 train:149] VALIDATION | E [140] | CE: 0.22850 | ValmIOU: 0.633
[I 210308 16:42:52 train:121] EN | E-I [141-87] | CE: 0.04367 | TrainmIOU: 0.918 | dT/rT: 2.406 / 47.455
[I 210308 16:43:42 train:121] EN | E-I [142-87] | CE: 0.03993 | TrainmIOU: 0.922 | dT/rT: 2.691 / 47.439
[I 210308 16:44:32 train:121] EN | E-I [143-87] | CE: 0.04329 | TrainmIOU: 0.918 | dT/rT: 2.308 / 47.567
[I 210308 16:45:22 train:121] EN | E-I [144-87] | CE: 0.04420 | TrainmIOU: 0.917 | dT/rT: 2.748 / 47.556
[I 210308 16:46:12 train:121] EN | E-I [145-87] | CE: 0.05428 | TrainmIOU: 0.902 | dT/rT: 2.394 / 47.550
[I 210308 16:47:02 train:121] EN | E-I [146-87] | CE: 0.04526 | TrainmIOU: 0.915 | dT/rT: 2.163 / 47.622
[I 210308 16:47:52 train:121] EN | E-I [147-87] | CE: 0.03590 | TrainmIOU: 0.932 | dT/rT: 2.189 / 47.655
[I 210308 16:48:42 train:121] EN | E-I [148-87] | CE: 0.04461 | TrainmIOU: 0.918 | dT/rT: 2.499 / 47.530
[I 210308 16:49:32 train:121] EN | E-I [149-87] | CE: 0.05243 | TrainmIOU: 0.904 | dT/rT: 2.479 / 47.619
[I 210308 16:50:22 train:121] EN | E-I [150-87] | CE: 0.04127 | TrainmIOU: 0.923 | dT/rT: 1.961 / 47.678
[I 210308 16:50:22 train:127] Dump weights experiments/lungseg-Epoch_00150.pth to disk...
[I 210308 16:50:22 train:137] Do evaluation...
[I 210308 16:50:26 train:149] VALIDATION | E [150] | CE: 0.02642 | ValmIOU: 0.950
[I 210308 16:51:16 train:121] EN | E-I [151-87] | CE: 0.04007 | TrainmIOU: 0.924 | dT/rT: 2.499 / 47.442
[I 210308 16:52:05 train:121] EN | E-I [152-87] | CE: 0.03878 | TrainmIOU: 0.926 | dT/rT: 2.294 / 47.592
[I 210308 16:52:55 train:121] EN | E-I [153-87] | CE: 0.04018 | TrainmIOU: 0.927 | dT/rT: 2.523 / 47.529
[I 210308 16:53:46 train:121] EN | E-I [154-87] | CE: 0.04013 | TrainmIOU: 0.923 | dT/rT: 2.578 / 47.582
[I 210308 16:54:36 train:121] EN | E-I [155-87] | CE: 0.03947 | TrainmIOU: 0.927 | dT/rT: 2.634 / 47.484
[I 210308 16:55:26 train:121] EN | E-I [156-87] | CE: 0.04905 | TrainmIOU: 0.911 | dT/rT: 2.431 / 47.531
[I 210308 16:56:15 train:121] EN | E-I [157-87] | CE: 0.04151 | TrainmIOU: 0.923 | dT/rT: 2.169 / 47.605
[I 210308 16:57:06 train:121] EN | E-I [158-87] | CE: 0.04238 | TrainmIOU: 0.920 | dT/rT: 2.879 / 47.498
[I 210308 16:57:56 train:121] EN | E-I [159-87] | CE: 0.03836 | TrainmIOU: 0.928 | dT/rT: 2.348 / 47.619
[I 210308 16:58:46 train:121] EN | E-I [160-87] | CE: 0.04297 | TrainmIOU: 0.920 | dT/rT: 2.430 / 47.613
[I 210308 16:58:46 train:127] Dump weights experiments/lungseg-Epoch_00160.pth to disk...
[I 210308 16:58:46 train:137] Do evaluation...
[I 210308 16:58:50 train:149] VALIDATION | E [160] | CE: 0.03338 | ValmIOU: 0.920
[I 210308 16:59:39 train:121] EN | E-I [161-87] | CE: 0.03958 | TrainmIOU: 0.924 | dT/rT: 2.222 / 47.500
[I 210308 17:00:30 train:121] EN | E-I [162-87] | CE: 0.03793 | TrainmIOU: 0.927 | dT/rT: 2.591 / 47.574
[I 210308 17:01:20 train:121] EN | E-I [163-87] | CE: 0.03989 | TrainmIOU: 0.923 | dT/rT: 2.998 / 47.386
[I 210308 17:02:10 train:121] EN | E-I [164-87] | CE: 0.04144 | TrainmIOU: 0.923 | dT/rT: 2.167 / 47.747
[I 210308 17:03:00 train:121] EN | E-I [165-87] | CE: 0.03927 | TrainmIOU: 0.925 | dT/rT: 2.731 / 47.555
[I 210308 17:03:50 train:121] EN | E-I [166-87] | CE: 0.04097 | TrainmIOU: 0.926 | dT/rT: 2.355 / 47.559
[I 210308 17:04:40 train:121] EN | E-I [167-87] | CE: 0.03845 | TrainmIOU: 0.927 | dT/rT: 2.603 / 47.511
[I 210308 17:05:30 train:121] EN | E-I [168-87] | CE: 0.03522 | TrainmIOU: 0.934 | dT/rT: 2.148 / 47.677
[I 210308 17:06:20 train:121] EN | E-I [169-87] | CE: 0.04897 | TrainmIOU: 0.909 | dT/rT: 2.632 / 47.465
[I 210308 17:07:10 train:121] EN | E-I [170-87] | CE: 0.04826 | TrainmIOU: 0.913 | dT/rT: 2.499 / 47.486
[I 210308 17:07:10 train:127] Dump weights experiments/lungseg-Epoch_00170.pth to disk...
[I 210308 17:07:10 train:137] Do evaluation...
[I 210308 17:07:14 train:149] VALIDATION | E [170] | CE: 0.81835 | ValmIOU: 0.360
[I 210308 17:08:04 train:121] EN | E-I [171-87] | CE: 0.04132 | TrainmIOU: 0.926 | dT/rT: 2.589 / 47.484
[I 210308 17:08:54 train:121] EN | E-I [172-87] | CE: 0.03747 | TrainmIOU: 0.928 | dT/rT: 2.524 / 47.497
[I 210308 17:09:44 train:121] EN | E-I [173-87] | CE: 0.03695 | TrainmIOU: 0.931 | dT/rT: 2.120 / 47.708
[I 210308 17:10:34 train:121] EN | E-I [174-87] | CE: 0.04217 | TrainmIOU: 0.920 | dT/rT: 2.852 / 47.536
[I 210308 17:11:24 train:121] EN | E-I [175-87] | CE: 0.03529 | TrainmIOU: 0.935 | dT/rT: 2.277 / 47.558
[I 210308 17:12:14 train:121] EN | E-I [176-87] | CE: 0.03558 | TrainmIOU: 0.931 | dT/rT: 2.331 / 47.569
[I 210308 17:13:04 train:121] EN | E-I [177-87] | CE: 0.04755 | TrainmIOU: 0.914 | dT/rT: 2.522 / 47.578
[I 210308 17:13:54 train:121] EN | E-I [178-87] | CE: 0.03929 | TrainmIOU: 0.930 | dT/rT: 2.181 / 47.662
[I 210308 17:14:44 train:121] EN | E-I [179-87] | CE: 0.03744 | TrainmIOU: 0.928 | dT/rT: 2.510 / 47.517
[I 210308 17:15:34 train:121] EN | E-I [180-87] | CE: 0.03418 | TrainmIOU: 0.935 | dT/rT: 2.315 / 47.528
[I 210308 17:15:34 train:127] Dump weights experiments/lungseg-Epoch_00180.pth to disk...
[I 210308 17:15:34 train:137] Do evaluation...
[I 210308 17:15:38 train:149] VALIDATION | E [180] | CE: 0.06421 | ValmIOU: 0.850
[I 210308 17:16:28 train:121] EN | E-I [181-87] | CE: 0.03449 | TrainmIOU: 0.936 | dT/rT: 2.593 / 47.448
[I 210308 17:17:18 train:121] EN | E-I [182-87] | CE: 0.03473 | TrainmIOU: 0.931 | dT/rT: 2.103 / 47.774
[I 210308 17:18:07 train:121] EN | E-I [183-87] | CE: 0.04576 | TrainmIOU: 0.913 | dT/rT: 2.279 / 47.564
[I 210308 17:18:57 train:121] EN | E-I [184-87] | CE: 0.04153 | TrainmIOU: 0.923 | dT/rT: 2.234 / 47.604
[I 210308 17:19:47 train:121] EN | E-I [185-87] | CE: 0.03882 | TrainmIOU: 0.922 | dT/rT: 2.231 / 47.759
[I 210308 17:20:37 train:121] EN | E-I [186-87] | CE: 0.03730 | TrainmIOU: 0.934 | dT/rT: 2.399 / 47.555
[I 210308 17:21:27 train:121] EN | E-I [187-87] | CE: 0.03389 | TrainmIOU: 0.940 | dT/rT: 2.398 / 47.564
[I 210308 17:22:17 train:121] EN | E-I [188-87] | CE: 0.03912 | TrainmIOU: 0.926 | dT/rT: 2.604 / 47.503
[I 210308 17:23:07 train:121] EN | E-I [189-87] | CE: 0.03732 | TrainmIOU: 0.928 | dT/rT: 2.238 / 47.637
[I 210308 17:23:57 train:121] EN | E-I [190-87] | CE: 0.03771 | TrainmIOU: 0.930 | dT/rT: 2.617 / 47.445
[I 210308 17:23:57 train:127] Dump weights experiments/lungseg-Epoch_00190.pth to disk...
[I 210308 17:23:57 train:137] Do evaluation...
[I 210308 17:24:01 train:149] VALIDATION | E [190] | CE: 0.41723 | ValmIOU: 0.673
[I 210308 17:24:51 train:121] EN | E-I [191-87] | CE: 0.04096 | TrainmIOU: 0.925 | dT/rT: 2.245 / 47.607
[I 210308 17:25:41 train:121] EN | E-I [192-87] | CE: 0.04016 | TrainmIOU: 0.928 | dT/rT: 2.216 / 47.682
[I 210308 17:26:31 train:121] EN | E-I [193-87] | CE: 0.04804 | TrainmIOU: 0.914 | dT/rT: 2.597 / 47.506
[I 210308 17:27:21 train:121] EN | E-I [194-87] | CE: 0.03469 | TrainmIOU: 0.936 | dT/rT: 2.313 / 47.716
[I 210308 17:28:11 train:121] EN | E-I [195-87] | CE: 0.03318 | TrainmIOU: 0.938 | dT/rT: 2.418 / 47.484
[I 210308 17:29:01 train:121] EN | E-I [196-87] | CE: 0.04150 | TrainmIOU: 0.920 | dT/rT: 2.442 / 47.546
[I 210308 17:29:51 train:121] EN | E-I [197-87] | CE: 0.04235 | TrainmIOU: 0.921 | dT/rT: 2.260 / 47.619
[I 210308 17:30:41 train:121] EN | E-I [198-87] | CE: 0.03488 | TrainmIOU: 0.936 | dT/rT: 2.322 / 47.512
[I 210308 17:31:30 train:121] EN | E-I [199-87] | CE: 0.04011 | TrainmIOU: 0.924 | dT/rT: 2.186 / 47.649
[I 210308 17:32:20 train:121] EN | E-I [200-87] | CE: 0.03394 | TrainmIOU: 0.939 | dT/rT: 1.958 / 47.615
[I 210308 17:32:20 train:127] Dump weights experiments/lungseg-Epoch_00200.pth to disk...
[I 210308 17:32:20 train:137] Do evaluation...
[I 210308 17:32:24 train:149] VALIDATION | E [200] | CE: 0.70742 | ValmIOU: 0.429
[I 210308 17:33:14 train:121] EN | E-I [201-87] | CE: 0.04048 | TrainmIOU: 0.927 | dT/rT: 2.274 / 47.507
[I 210308 17:34:04 train:121] EN | E-I [202-87] | CE: 0.04215 | TrainmIOU: 0.921 | dT/rT: 2.378 / 47.667
[I 210308 17:34:54 train:121] EN | E-I [203-87] | CE: 0.04550 | TrainmIOU: 0.918 | dT/rT: 2.360 / 47.603
[I 210308 17:35:44 train:121] EN | E-I [204-87] | CE: 0.03777 | TrainmIOU: 0.928 | dT/rT: 2.457 / 47.571
[I 210308 17:36:33 train:121] EN | E-I [205-87] | CE: 0.03362 | TrainmIOU: 0.937 | dT/rT: 2.026 / 47.684
[I 210308 17:37:23 train:121] EN | E-I [206-87] | CE: 0.03676 | TrainmIOU: 0.928 | dT/rT: 2.225 / 47.584
[I 210308 17:38:13 train:121] EN | E-I [207-87] | CE: 0.03287 | TrainmIOU: 0.939 | dT/rT: 2.294 / 47.567
[I 210308 17:39:03 train:121] EN | E-I [208-87] | CE: 0.02892 | TrainmIOU: 0.946 | dT/rT: 2.152 / 47.676
[I 210308 17:39:53 train:121] EN | E-I [209-87] | CE: 0.04003 | TrainmIOU: 0.928 | dT/rT: 2.887 / 47.491
[I 210308 17:40:43 train:121] EN | E-I [210-87] | CE: 0.03222 | TrainmIOU: 0.940 | dT/rT: 2.659 / 47.521
[I 210308 17:40:43 train:127] Dump weights experiments/lungseg-Epoch_00210.pth to disk...
[I 210308 17:40:43 train:137] Do evaluation...
[I 210308 17:40:47 train:149] VALIDATION | E [210] | CE: 0.74167 | ValmIOU: 0.628
[I 210308 17:41:37 train:121] EN | E-I [211-87] | CE: 0.03467 | TrainmIOU: 0.937 | dT/rT: 2.280 / 47.587
[I 210308 17:42:27 train:121] EN | E-I [212-87] | CE: 0.03858 | TrainmIOU: 0.928 | dT/rT: 2.276 / 47.608
[I 210308 17:43:17 train:121] EN | E-I [213-87] | CE: 0.03585 | TrainmIOU: 0.934 | dT/rT: 2.222 / 47.547
[I 210308 17:44:06 train:121] EN | E-I [214-87] | CE: 0.03557 | TrainmIOU: 0.931 | dT/rT: 1.946 / 47.738
[I 210308 17:44:56 train:121] EN | E-I [215-87] | CE: 0.03309 | TrainmIOU: 0.935 | dT/rT: 2.365 / 47.553
[I 210308 17:45:46 train:121] EN | E-I [216-87] | CE: 0.02873 | TrainmIOU: 0.945 | dT/rT: 2.658 / 47.445
[I 210308 17:46:36 train:121] EN | E-I [217-87] | CE: 0.03576 | TrainmIOU: 0.935 | dT/rT: 2.210 / 47.612
[I 210308 17:47:26 train:121] EN | E-I [218-87] | CE: 0.03586 | TrainmIOU: 0.933 | dT/rT: 2.267 / 47.576
[I 210308 17:48:16 train:121] EN | E-I [219-87] | CE: 0.04388 | TrainmIOU: 0.919 | dT/rT: 2.344 / 47.628
[I 210308 17:49:06 train:121] EN | E-I [220-87] | CE: 0.03822 | TrainmIOU: 0.931 | dT/rT: 2.504 / 47.532
[I 210308 17:49:06 train:127] Dump weights experiments/lungseg-Epoch_00220.pth to disk...
[I 210308 17:49:06 train:137] Do evaluation...
[I 210308 17:49:10 train:149] VALIDATION | E [220] | CE: 1.15309 | ValmIOU: 0.333
[I 210308 17:50:00 train:121] EN | E-I [221-87] | CE: 0.03526 | TrainmIOU: 0.931 | dT/rT: 2.298 / 47.478
[I 210308 17:50:50 train:121] EN | E-I [222-87] | CE: 0.03148 | TrainmIOU: 0.944 | dT/rT: 2.388 / 47.585
[I 210308 17:51:39 train:121] EN | E-I [223-87] | CE: 0.03994 | TrainmIOU: 0.929 | dT/rT: 2.345 / 47.549
[I 210308 17:52:30 train:121] EN | E-I [224-87] | CE: 0.03903 | TrainmIOU: 0.927 | dT/rT: 2.412 / 47.621
[I 210308 17:53:20 train:121] EN | E-I [225-87] | CE: 0.03639 | TrainmIOU: 0.932 | dT/rT: 2.387 / 47.627
[I 210308 17:54:09 train:121] EN | E-I [226-87] | CE: 0.03621 | TrainmIOU: 0.929 | dT/rT: 2.190 / 47.660
[I 210308 17:54:59 train:121] EN | E-I [227-87] | CE: 0.03703 | TrainmIOU: 0.931 | dT/rT: 2.349 / 47.558
[I 210308 17:55:49 train:121] EN | E-I [228-87] | CE: 0.03732 | TrainmIOU: 0.930 | dT/rT: 2.458 / 47.567
[I 210308 17:56:39 train:121] EN | E-I [229-87] | CE: 0.03092 | TrainmIOU: 0.942 | dT/rT: 2.534 / 47.448
[I 210308 17:57:29 train:121] EN | E-I [230-87] | CE: 0.03435 | TrainmIOU: 0.937 | dT/rT: 2.475 / 47.557
[I 210308 17:57:29 train:127] Dump weights experiments/lungseg-Epoch_00230.pth to disk...
[I 210308 17:57:29 train:137] Do evaluation...
[I 210308 17:57:33 train:149] VALIDATION | E [230] | CE: 0.45702 | ValmIOU: 0.534
[I 210308 17:58:23 train:121] EN | E-I [231-87] | CE: 0.03492 | TrainmIOU: 0.935 | dT/rT: 2.275 / 47.454
[I 210308 17:59:13 train:121] EN | E-I [232-87] | CE: 0.03597 | TrainmIOU: 0.933 | dT/rT: 2.514 / 47.516
[I 210308 18:00:03 train:121] EN | E-I [233-87] | CE: 0.02726 | TrainmIOU: 0.949 | dT/rT: 2.791 / 47.456
[I 210308 18:00:53 train:121] EN | E-I [234-87] | CE: 0.03302 | TrainmIOU: 0.939 | dT/rT: 2.125 / 47.703
[I 210308 18:01:43 train:121] EN | E-I [235-87] | CE: 0.03242 | TrainmIOU: 0.938 | dT/rT: 2.199 / 47.578
[I 210308 18:02:33 train:121] EN | E-I [236-87] | CE: 0.03423 | TrainmIOU: 0.936 | dT/rT: 2.745 / 47.491
[I 210308 18:03:23 train:121] EN | E-I [237-87] | CE: 0.03303 | TrainmIOU: 0.939 | dT/rT: 1.975 / 47.656
[I 210308 18:04:13 train:121] EN | E-I [238-87] | CE: 0.03932 | TrainmIOU: 0.924 | dT/rT: 2.408 / 47.561
[I 210308 18:05:03 train:121] EN | E-I [239-87] | CE: 0.02965 | TrainmIOU: 0.944 | dT/rT: 2.472 / 47.476
[I 210308 18:05:53 train:121] EN | E-I [240-87] | CE: 0.02935 | TrainmIOU: 0.944 | dT/rT: 2.654 / 47.466
[I 210308 18:05:53 train:127] Dump weights experiments/lungseg-Epoch_00240.pth to disk...
[I 210308 18:05:53 train:137] Do evaluation...
[I 210308 18:05:57 train:149] VALIDATION | E [240] | CE: 0.37626 | ValmIOU: 0.706
[I 210308 18:06:46 train:121] EN | E-I [241-87] | CE: 0.03130 | TrainmIOU: 0.943 | dT/rT: 2.066 / 47.648
[I 210308 18:07:37 train:121] EN | E-I [242-87] | CE: 0.03646 | TrainmIOU: 0.935 | dT/rT: 2.840 / 47.406
[I 210308 18:08:26 train:121] EN | E-I [243-87] | CE: 0.03201 | TrainmIOU: 0.939 | dT/rT: 2.113 / 47.657
[I 210308 18:09:16 train:121] EN | E-I [244-87] | CE: 0.03030 | TrainmIOU: 0.943 | dT/rT: 2.641 / 47.462
[I 210308 18:10:06 train:121] EN | E-I [245-87] | CE: 0.03474 | TrainmIOU: 0.934 | dT/rT: 2.469 / 47.558
[I 210308 18:10:56 train:121] EN | E-I [246-87] | CE: 0.03532 | TrainmIOU: 0.937 | dT/rT: 2.583 / 47.451
[I 210308 18:11:46 train:121] EN | E-I [247-87] | CE: 0.03092 | TrainmIOU: 0.942 | dT/rT: 2.187 / 47.653
[I 210308 18:12:36 train:121] EN | E-I [248-87] | CE: 0.02821 | TrainmIOU: 0.947 | dT/rT: 2.681 / 47.423
[I 210308 18:13:26 train:121] EN | E-I [249-87] | CE: 0.03010 | TrainmIOU: 0.941 | dT/rT: 2.604 / 47.433
[I 210308 18:14:16 train:121] EN | E-I [250-87] | CE: 0.03034 | TrainmIOU: 0.945 | dT/rT: 2.249 / 47.667
[I 210308 18:14:16 train:127] Dump weights experiments/lungseg-Epoch_00250.pth to disk...
[I 210308 18:14:16 train:137] Do evaluation...
[I 210308 18:14:20 train:149] VALIDATION | E [250] | CE: 0.26068 | ValmIOU: 0.751
[I 210308 18:15:10 train:121] EN | E-I [251-87] | CE: 0.03212 | TrainmIOU: 0.939 | dT/rT: 2.131 / 47.555
[I 210308 18:16:00 train:121] EN | E-I [252-87] | CE: 0.03058 | TrainmIOU: 0.945 | dT/rT: 2.439 / 47.586
[I 210308 18:16:50 train:121] EN | E-I [253-87] | CE: 0.03416 | TrainmIOU: 0.935 | dT/rT: 2.553 / 47.486
[I 210308 18:17:40 train:121] EN | E-I [254-87] | CE: 0.03086 | TrainmIOU: 0.942 | dT/rT: 1.842 / 47.836
[I 210308 18:18:30 train:121] EN | E-I [255-87] | CE: 0.03446 | TrainmIOU: 0.935 | dT/rT: 2.569 / 47.491
[I 210308 18:19:20 train:121] EN | E-I [256-87] | CE: 0.03547 | TrainmIOU: 0.932 | dT/rT: 2.282 / 47.554
[I 210308 18:20:10 train:121] EN | E-I [257-87] | CE: 0.03394 | TrainmIOU: 0.936 | dT/rT: 2.505 / 47.584
[I 210308 18:21:00 train:121] EN | E-I [258-87] | CE: 0.02954 | TrainmIOU: 0.941 | dT/rT: 2.438 / 47.535
[I 210308 18:21:50 train:121] EN | E-I [259-87] | CE: 0.03119 | TrainmIOU: 0.941 | dT/rT: 2.434 / 47.549
[I 210308 18:22:40 train:121] EN | E-I [260-87] | CE: 0.03534 | TrainmIOU: 0.934 | dT/rT: 2.550 / 47.555
[I 210308 18:22:40 train:127] Dump weights experiments/lungseg-Epoch_00260.pth to disk...
[I 210308 18:22:40 train:137] Do evaluation...
[I 210308 18:22:44 train:149] VALIDATION | E [260] | CE: 0.58953 | ValmIOU: 0.648
[I 210308 18:23:34 train:121] EN | E-I [261-87] | CE: 0.02591 | TrainmIOU: 0.951 | dT/rT: 2.547 / 47.462
[I 210308 18:24:23 train:121] EN | E-I [262-87] | CE: 0.03069 | TrainmIOU: 0.941 | dT/rT: 1.928 / 47.754
[I 210308 18:25:13 train:121] EN | E-I [263-87] | CE: 0.03042 | TrainmIOU: 0.941 | dT/rT: 2.619 / 47.492
[I 210308 18:26:03 train:121] EN | E-I [264-87] | CE: 0.02876 | TrainmIOU: 0.946 | dT/rT: 2.446 / 47.525
[I 210308 18:26:53 train:121] EN | E-I [265-87] | CE: 0.02826 | TrainmIOU: 0.946 | dT/rT: 2.251 / 47.642
[I 210308 18:27:43 train:121] EN | E-I [266-87] | CE: 0.03356 | TrainmIOU: 0.936 | dT/rT: 2.465 / 47.455
[I 210308 18:28:33 train:121] EN | E-I [267-87] | CE: 0.03320 | TrainmIOU: 0.938 | dT/rT: 2.489 / 47.522
[I 210308 18:29:23 train:121] EN | E-I [268-87] | CE: 0.03532 | TrainmIOU: 0.935 | dT/rT: 2.491 / 47.625
[I 210308 18:30:13 train:121] EN | E-I [269-87] | CE: 0.02967 | TrainmIOU: 0.944 | dT/rT: 2.423 / 47.546
[I 210308 18:31:03 train:121] EN | E-I [270-87] | CE: 0.02971 | TrainmIOU: 0.945 | dT/rT: 2.476 / 47.508
[I 210308 18:31:03 train:127] Dump weights experiments/lungseg-Epoch_00270.pth to disk...
[I 210308 18:31:03 train:137] Do evaluation...
[I 210308 18:31:07 train:149] VALIDATION | E [270] | CE: 0.47930 | ValmIOU: 0.660
[I 210308 18:31:57 train:121] EN | E-I [271-87] | CE: 0.03658 | TrainmIOU: 0.930 | dT/rT: 2.449 / 47.587
[I 210308 18:32:47 train:121] EN | E-I [272-87] | CE: 0.02600 | TrainmIOU: 0.952 | dT/rT: 2.083 / 47.662
[I 210308 18:33:37 train:121] EN | E-I [273-87] | CE: 0.03018 | TrainmIOU: 0.942 | dT/rT: 2.331 / 47.641
[I 210308 18:34:27 train:121] EN | E-I [274-87] | CE: 0.03139 | TrainmIOU: 0.941 | dT/rT: 2.637 / 47.607
[I 210308 18:35:17 train:121] EN | E-I [275-87] | CE: 0.02788 | TrainmIOU: 0.948 | dT/rT: 2.713 / 47.453
[I 210308 18:36:07 train:121] EN | E-I [276-87] | CE: 0.04004 | TrainmIOU: 0.924 | dT/rT: 2.588 / 47.518
[I 210308 18:36:57 train:121] EN | E-I [277-87] | CE: 0.03168 | TrainmIOU: 0.940 | dT/rT: 2.346 / 47.628
[I 210308 18:37:47 train:121] EN | E-I [278-87] | CE: 0.03086 | TrainmIOU: 0.945 | dT/rT: 2.458 / 47.594
[I 210308 18:38:38 train:121] EN | E-I [279-87] | CE: 0.02615 | TrainmIOU: 0.949 | dT/rT: 2.622 / 47.535
[I 210308 18:39:28 train:121] EN | E-I [280-87] | CE: 0.03330 | TrainmIOU: 0.936 | dT/rT: 2.574 / 47.520
[I 210308 18:39:28 train:127] Dump weights experiments/lungseg-Epoch_00280.pth to disk...
[I 210308 18:39:28 train:137] Do evaluation...
[I 210308 18:39:32 train:149] VALIDATION | E [280] | CE: 0.05850 | ValmIOU: 0.883
[I 210308 18:40:21 train:121] EN | E-I [281-87] | CE: 0.03677 | TrainmIOU: 0.932 | dT/rT: 2.404 / 47.392
[I 210308 18:41:12 train:121] EN | E-I [282-87] | CE: 0.02732 | TrainmIOU: 0.949 | dT/rT: 2.726 / 47.474
