Processing: /ssd/share/SPGC-SEGMENTED/Cap subjects/crop_by_mask_cap005.nii.gz
Processing: /ssd/share/SPGC-SEGMENTED/Cap subjects/crop_by_mask_cap015.nii.gz
Processing: /ssd/share/SPGC-SEGMENTED/Cap subjects/crop_by_mask_cap026.nii.gz
Processing: /ssd/share/SPGC-SEGMENTED/Cap subjects/crop_by_mask_cap040.nii.gz
Processing: /ssd/share/SPGC-SEGMENTED/Cap subjects/crop_by_mask_cap052.nii.gz
Processing: /ssd/share/SPGC-SEGMENTED/COVID-19 subjects/crop_by_mask_P006.nii.gz
Processing: /ssd/share/SPGC-SEGMENTED/COVID-19 subjects/crop_by_mask_P017.nii.gz
Processing: /ssd/share/SPGC-SEGMENTED/COVID-19 subjects/crop_by_mask_P027.nii.gz
Processing: /ssd/share/SPGC-SEGMENTED/COVID-19 subjects/crop_by_mask_P039.nii.gz
Processing: /ssd/share/SPGC-SEGMENTED/COVID-19 subjects/crop_by_mask_P052.nii.gz
Processing: /ssd/share/SPGC-SEGMENTED/COVID-19 subjects/crop_by_mask_P064.nii.gz
Processing: /ssd/share/SPGC-SEGMENTED/COVID-19 subjects/crop_by_mask_P076.nii.gz
Processing: /ssd/share/SPGC-SEGMENTED/COVID-19 subjects/crop_by_mask_P088.nii.gz
Processing: /ssd/share/SPGC-SEGMENTED/COVID-19 subjects/crop_by_mask_P100.nii.gz
Processing: /ssd/share/SPGC-SEGMENTED/COVID-19 subjects/crop_by_mask_P113.nii.gz
Processing: /ssd/share/SPGC-SEGMENTED/COVID-19 subjects/crop_by_mask_P125.nii.gz
Processing: /ssd/share/SPGC-SEGMENTED/COVID-19 subjects/crop_by_mask_P137.nii.gz
Processing: /ssd/share/SPGC-SEGMENTED/COVID-19 subjects/crop_by_mask_P149.nii.gz
Processing: /ssd/share/SPGC-SEGMENTED/COVID-19 subjects/crop_by_mask_P161.nii.gz
Processing: /ssd/share/SPGC-SEGMENTED/Normal subjects/crop_by_mask_normal002.nii.gz
Processing: /ssd/share/SPGC-SEGMENTED/Normal subjects/crop_by_mask_normal015.nii.gz
Processing: /ssd/share/SPGC-SEGMENTED/Normal subjects/crop_by_mask_normal027.nii.gz
Processing: /ssd/share/SPGC-SEGMENTED/Normal subjects/crop_by_mask_normal040.nii.gz
Processing: /ssd/share/SPGC-SEGMENTED/Normal subjects/crop_by_mask_normal052.nii.gz
Processing: /ssd/share/SPGC-SEGMENTED/Normal subjects/crop_by_mask_normal063.nii.gz
Processing: /ssd/share/SPGC-SEGMENTED/Normal subjects/crop_by_mask_normal073.nii.gz
Processing: /ssd/share/SPGC-COVID-TEST/NII-SEGMENTED/crop_by_mask_T1-009.nii.gz
Processing: /ssd/share/SPGC-COVID-TEST/NII-SEGMENTED/crop_by_mask_T1-021.nii.gz
Processing: /ssd/share/SPGC-COVID-TEST/NII-SEGMENTED/crop_by_mask_T2-003.nii.gz
Processing: /ssd/share/SPGC-COVID-TEST/NII-SEGMENTED/crop_by_mask_T2-016.nii.gz
Processing: /ssd/share/SPGC-COVID-TEST/NII-SEGMENTED/crop_by_mask_T2-027.nii.gz
Processing: /ssd/share/SPGC-COVID-TEST/NII-SEGMENTED/crop_by_mask_T3-008.nii.gz
Processing: /ssd/share/SPGC-COVID-TEST/NII-SEGMENTED/crop_by_mask_T3-019.nii.gz
Processing: /ssd/share/SPGC-SEGMENTED/Cap subjects/crop_by_mask_cap007.nii.gz
Processing: /ssd/share/SPGC-SEGMENTED/Cap subjects/crop_by_mask_cap018.nii.gz
Processing: /ssd/share/SPGC-SEGMENTED/Cap subjects/crop_by_mask_cap033.nii.gz
Processing: /ssd/share/SPGC-SEGMENTED/Cap subjects/crop_by_mask_cap039.nii.gz
Processing: /ssd/share/SPGC-SEGMENTED/Cap subjects/crop_by_mask_cap057.nii.gz
Processing: /ssd/share/SPGC-SEGMENTED/COVID-19 subjects/crop_by_mask_P009.nii.gz
Processing: /ssd/share/SPGC-SEGMENTED/COVID-19 subjects/crop_by_mask_P024.nii.gz
Processing: /ssd/share/SPGC-SEGMENTED/COVID-19 subjects/crop_by_mask_P035.nii.gz
Processing: /ssd/share/SPGC-SEGMENTED/COVID-19 subjects/crop_by_mask_P050.nii.gz
Processing: /ssd/share/SPGC-SEGMENTED/COVID-19 subjects/crop_by_mask_P061.nii.gz
Processing: /ssd/share/SPGC-SEGMENTED/COVID-19 subjects/crop_by_mask_P073.nii.gz
Processing: /ssd/share/SPGC-SEGMENTED/COVID-19 subjects/crop_by_mask_P084.nii.gz
Processing: /ssd/share/SPGC-SEGMENTED/COVID-19 subjects/crop_by_mask_P098.nii.gz
Processing: /ssd/share/SPGC-SEGMENTED/COVID-19 subjects/crop_by_mask_P108.nii.gz
Processing: /ssd/share/SPGC-SEGMENTED/COVID-19 subjects/crop_by_mask_P120.nii.gz
Processing: /ssd/share/SPGC-SEGMENTED/COVID-19 subjects/crop_by_mask_P133.nii.gz
Processing: /ssd/share/SPGC-SEGMENTED/COVID-19 subjects/crop_by_mask_P144.nii.gz
Processing: /ssd/share/SPGC-SEGMENTED/COVID-19 subjects/crop_by_mask_P155.nii.gz
Processing: /ssd/share/SPGC-SEGMENTED/COVID-19 subjects/crop_by_mask_P168.nii.gz
Processing: /ssd/share/SPGC-SEGMENTED/Normal subjects/crop_by_mask_normal008.nii.gz
Processing: /ssd/share/SPGC-SEGMENTED/Normal subjects/crop_by_mask_normal018.nii.gz
Processing: /ssd/share/SPGC-SEGMENTED/Normal subjects/crop_by_mask_normal030.nii.gz
Processing: /ssd/share/SPGC-SEGMENTED/Normal subjects/crop_by_mask_normal041.nii.gz
Processing: /ssd/share/SPGC-SEGMENTED/Normal subjects/crop_by_mask_normal053.nii.gz
Processing: /ssd/share/SPGC-SEGMENTED/Normal subjects/crop_by_mask_normal065.nii.gz
Processing: /ssd/share/SPGC-COVID-TEST/NII-SEGMENTED/crop_by_mask_T1-002.nii.gz
Processing: /ssd/share/SPGC-COVID-TEST/NII-SEGMENTED/crop_by_mask_T1-013.nii.gz
Processing: /ssd/share/SPGC-COVID-TEST/NII-SEGMENTED/crop_by_mask_T1-028.nii.gz
Processing: /ssd/share/SPGC-COVID-TEST/NII-SEGMENTED/crop_by_mask_T2-009.nii.gz
Processing: /ssd/share/SPGC-COVID-TEST/NII-SEGMENTED/crop_by_mask_T2-018.nii.gz
Processing: /ssd/share/SPGC-COVID-TEST/NII-SEGMENTED/crop_by_mask_T2-029.nii.gz
Processing: /ssd/share/SPGC-COVID-TEST/NII-SEGMENTED/crop_by_mask_T3-010.nii.gz
Processing: /ssd/share/SPGC-COVID-TEST/NII-SEGMENTED/crop_by_mask_T3-021.nii.gz
Processing: /ssd/share/SPGC-SEGMENTED/Cap subjects/crop_by_mask_cap009.nii.gz
Processing: /ssd/share/SPGC-SEGMENTED/Cap subjects/crop_by_mask_cap024.nii.gz
Processing: /ssd/share/SPGC-SEGMENTED/Cap subjects/crop_by_mask_cap036.nii.gz
Processing: /ssd/share/SPGC-SEGMENTED/Cap subjects/crop_by_mask_cap047.nii.gz
Processing: /ssd/share/SPGC-SEGMENTED/COVID-19 subjects/crop_by_mask_P001.nii.gz
Processing: /ssd/share/SPGC-SEGMENTED/COVID-19 subjects/crop_by_mask_P013.nii.gz
Processing: /ssd/share/SPGC-SEGMENTED/COVID-19 subjects/crop_by_mask_P026.nii.gz
Processing: /ssd/share/SPGC-SEGMENTED/COVID-19 subjects/crop_by_mask_P037.nii.gz
Processing: /ssd/share/SPGC-SEGMENTED/COVID-19 subjects/crop_by_mask_P046.nii.gz
Processing: /ssd/share/SPGC-SEGMENTED/COVID-19 subjects/crop_by_mask_P058.nii.gz
Processing: /ssd/share/SPGC-SEGMENTED/COVID-19 subjects/crop_by_mask_P069.nii.gz
Processing: /ssd/share/SPGC-SEGMENTED/COVID-19 subjects/crop_by_mask_P082.nii.gz
Processing: /ssd/share/SPGC-SEGMENTED/COVID-19 subjects/crop_by_mask_P093.nii.gz
Processing: /ssd/share/SPGC-SEGMENTED/COVID-19 subjects/crop_by_mask_P107.nii.gz
Processing: /ssd/share/SPGC-SEGMENTED/COVID-19 subjects/crop_by_mask_P122.nii.gz
Processing: /ssd/share/SPGC-SEGMENTED/COVID-19 subjects/crop_by_mask_P134.nii.gz
Processing: /ssd/share/SPGC-SEGMENTED/COVID-19 subjects/crop_by_mask_P146.nii.gz
Processing: /ssd/share/SPGC-SEGMENTED/COVID-19 subjects/crop_by_mask_P157.nii.gz
Processing: /ssd/share/SPGC-SEGMENTED/COVID-19 subjects/crop_by_mask_P170.nii.gz
Processing: /ssd/share/SPGC-SEGMENTED/Normal subjects/crop_by_mask_normal011.nii.gz
Processing: /ssd/share/SPGC-SEGMENTED/Normal subjects/crop_by_mask_normal022.nii.gz
Processing: /ssd/share/SPGC-SEGMENTED/Normal subjects/crop_by_mask_normal033.nii.gz
Processing: /ssd/share/SPGC-SEGMENTED/Normal subjects/crop_by_mask_normal046.nii.gz
Processing: /ssd/share/SPGC-SEGMENTED/Normal subjects/crop_by_mask_normal058.nii.gz
Processing: /ssd/share/SPGC-SEGMENTED/Normal subjects/crop_by_mask_normal069.nii.gz
Processing: /ssd/share/SPGC-COVID-TEST/NII-SEGMENTED/crop_by_mask_T1-005.nii.gz
Processing: /ssd/share/SPGC-COVID-TEST/NII-SEGMENTED/crop_by_mask_T1-017.nii.gz
Processing: /ssd/share/SPGC-COVID-TEST/NII-SEGMENTED/crop_by_mask_T2-001.nii.gz
Processing: /ssd/share/SPGC-COVID-TEST/NII-SEGMENTED/crop_by_mask_T2-013.nii.gz
Processing: /ssd/share/SPGC-COVID-TEST/NII-SEGMENTED/crop_by_mask_T2-022.nii.gz
Processing: /ssd/share/SPGC-COVID-TEST/NII-SEGMENTED/crop_by_mask_T2-028.nii.gz
Processing: /ssd/share/SPGC-COVID-TEST/NII-SEGMENTED/crop_by_mask_T3-009.nii.gz
Processing: /ssd/share/SPGC-COVID-TEST/NII-SEGMENTED/crop_by_mask_T3-020.nii.gz
Processing: /ssd/share/SPGC-SEGMENTED/Cap subjects/crop_by_mask_cap012.nii.gz
Processing: /ssd/share/SPGC-SEGMENTED/Cap subjects/crop_by_mask_cap023.nii.gz
Processing: /ssd/share/SPGC-SEGMENTED/Cap subjects/crop_by_mask_cap038.nii.gz
Processing: /ssd/share/SPGC-SEGMENTED/Cap subjects/crop_by_mask_cap050.nii.gz
Processing: /ssd/share/SPGC-SEGMENTED/COVID-19 subjects/crop_by_mask_P002.nii.gz
Processing: /ssd/share/SPGC-SEGMENTED/COVID-19 subjects/crop_by_mask_P014.nii.gz
Processing: /ssd/share/SPGC-SEGMENTED/COVID-19 subjects/crop_by_mask_P025.nii.gz
Processing: /ssd/share/SPGC-SEGMENTED/COVID-19 subjects/crop_by_mask_P038.nii.gz
Processing: /ssd/share/SPGC-SEGMENTED/COVID-19 subjects/crop_by_mask_P049.nii.gz
Processing: /ssd/share/SPGC-SEGMENTED/COVID-19 subjects/crop_by_mask_P059.nii.gz
Processing: /ssd/share/SPGC-SEGMENTED/COVID-19 subjects/crop_by_mask_P072.nii.gz
Processing: /ssd/share/SPGC-SEGMENTED/COVID-19 subjects/crop_by_mask_P085.nii.gz
Processing: /ssd/share/SPGC-SEGMENTED/COVID-19 subjects/crop_by_mask_P095.nii.gz
Processing: /ssd/share/SPGC-SEGMENTED/COVID-19 subjects/crop_by_mask_P106.nii.gz
Processing: /ssd/share/SPGC-SEGMENTED/COVID-19 subjects/crop_by_mask_P117.nii.gz
Processing: /ssd/share/SPGC-SEGMENTED/COVID-19 subjects/crop_by_mask_P130.nii.gz
Processing: /ssd/share/SPGC-SEGMENTED/COVID-19 subjects/crop_by_mask_P141.nii.gz
Processing: /ssd/share/SPGC-SEGMENTED/COVID-19 subjects/crop_by_mask_P154.nii.gz
Processing: /ssd/share/SPGC-SEGMENTED/COVID-19 subjects/crop_by_mask_P165.nii.gz
Processing: /ssd/share/SPGC-SEGMENTED/Normal subjects/crop_by_mask_normal005.nii.gz
Processing: /ssd/share/SPGC-SEGMENTED/Normal subjects/crop_by_mask_normal017.nii.gz
Processing: /ssd/share/SPGC-SEGMENTED/Normal subjects/crop_by_mask_normal032.nii.gz
Processing: /ssd/share/SPGC-SEGMENTED/Normal subjects/crop_by_mask_normal043.nii.gz
Processing: /ssd/share/SPGC-SEGMENTED/Normal subjects/crop_by_mask_normal056.nii.gz
Processing: /ssd/share/SPGC-SEGMENTED/Normal subjects/crop_by_mask_normal068.nii.gz
Processing: /ssd/share/SPGC-SEGMENTED/Normal subjects/crop_by_mask_normal076.nii.gz
Processing: /ssd/share/SPGC-COVID-TEST/NII-SEGMENTED/crop_by_mask_T1-014.nii.gz
Processing: /ssd/share/SPGC-COVID-TEST/NII-SEGMENTED/crop_by_mask_T1-026.nii.gz
Processing: /ssd/share/SPGC-COVID-TEST/NII-SEGMENTED/crop_by_mask_T2-007.nii.gz
Processing: /ssd/share/SPGC-COVID-TEST/NII-SEGMENTED/crop_by_mask_T2-019.nii.gz
Processing: /ssd/share/SPGC-COVID-TEST/NII-SEGMENTED/crop_by_mask_T3-001.nii.gz
Processing: /ssd/share/SPGC-COVID-TEST/NII-SEGMENTED/crop_by_mask_T3-011.nii.gz
Processing: /ssd/share/SPGC-COVID-TEST/NII-SEGMENTED/crop_by_mask_T3-022.nii.gz
Processing: /ssd/share/SPGC-SEGMENTED/Cap subjects/crop_by_mask_cap011.nii.gz
Processing: /ssd/share/SPGC-SEGMENTED/Cap subjects/crop_by_mask_cap017.nii.gz
Processing: /ssd/share/SPGC-SEGMENTED/Cap subjects/crop_by_mask_cap031.nii.gz
Processing: /ssd/share/SPGC-SEGMENTED/Cap subjects/crop_by_mask_cap045.nii.gz
Processing: /ssd/share/SPGC-SEGMENTED/Cap subjects/crop_by_mask_cap058.nii.gz
Processing: /ssd/share/SPGC-SEGMENTED/COVID-19 subjects/crop_by_mask_P011.nii.gz
Processing: /ssd/share/SPGC-SEGMENTED/COVID-19 subjects/crop_by_mask_P020.nii.gz
Processing: /ssd/share/SPGC-SEGMENTED/COVID-19 subjects/crop_by_mask_P030.nii.gz
Processing: /ssd/share/SPGC-SEGMENTED/COVID-19 subjects/crop_by_mask_P043.nii.gz
Processing: /ssd/share/SPGC-SEGMENTED/COVID-19 subjects/crop_by_mask_P055.nii.gz
Processing: /ssd/share/SPGC-SEGMENTED/COVID-19 subjects/crop_by_mask_P066.nii.gz
Processing: /ssd/share/SPGC-SEGMENTED/COVID-19 subjects/crop_by_mask_P080.nii.gz
Processing: /ssd/share/SPGC-SEGMENTED/COVID-19 subjects/crop_by_mask_P092.nii.gz
Processing: /ssd/share/SPGC-SEGMENTED/COVID-19 subjects/crop_by_mask_P104.nii.gz
Processing: /ssd/share/SPGC-SEGMENTED/COVID-19 subjects/crop_by_mask_P116.nii.gz
Processing: /ssd/share/SPGC-SEGMENTED/COVID-19 subjects/crop_by_mask_P128.nii.gz
Processing: /ssd/share/SPGC-SEGMENTED/COVID-19 subjects/crop_by_mask_P140.nii.gz
Processing: /ssd/share/SPGC-SEGMENTED/COVID-19 subjects/crop_by_mask_P152.nii.gz
Processing: /ssd/share/SPGC-SEGMENTED/COVID-19 subjects/crop_by_mask_P162.nii.gz
Processing: /ssd/share/SPGC-SEGMENTED/Normal subjects/crop_by_mask_normal004.nii.gz
Processing: /ssd/share/SPGC-SEGMENTED/Normal subjects/crop_by_mask_normal014.nii.gz
Processing: /ssd/share/SPGC-SEGMENTED/Normal subjects/crop_by_mask_normal025.nii.gz
Processing: /ssd/share/SPGC-SEGMENTED/Normal subjects/crop_by_mask_normal037.nii.gz
Processing: /ssd/share/SPGC-SEGMENTED/Normal subjects/crop_by_mask_normal048.nii.gz
Processing: /ssd/share/SPGC-SEGMENTED/Normal subjects/crop_by_mask_normal060.nii.gz
Processing: /ssd/share/SPGC-SEGMENTED/Normal subjects/crop_by_mask_normal075.nii.gz
Processing: /ssd/share/SPGC-COVID-TEST/NII-SEGMENTED/crop_by_mask_T1-011.nii.gz
Processing: /ssd/share/SPGC-COVID-TEST/NII-SEGMENTED/crop_by_mask_T1-023.nii.gz
Processing: /ssd/share/SPGC-COVID-TEST/NII-SEGMENTED/crop_by_mask_T2-005.nii.gz
Processing: /ssd/share/SPGC-COVID-TEST/NII-SEGMENTED/crop_by_mask_T2-017.nii.gz
Processing: /ssd/share/SPGC-COVID-TEST/NII-SEGMENTED/crop_by_mask_T3-002.nii.gz
Processing: /ssd/share/SPGC-COVID-TEST/NII-SEGMENTED/crop_by_mask_T3-016.nii.gz
Processing: /ssd/share/SPGC-COVID-TEST/NII-SEGMENTED/crop_by_mask_T3-029.nii.gz
Processing: /ssd/share/SPGC-SEGMENTED/Cap subjects/crop_by_mask_cap002.nii.gz
Processing: /ssd/share/SPGC-SEGMENTED/Cap subjects/crop_by_mask_cap013.nii.gz
Processing: /ssd/share/SPGC-SEGMENTED/Cap subjects/crop_by_mask_cap025.nii.gz
Processing: /ssd/share/SPGC-SEGMENTED/Cap subjects/crop_by_mask_cap043.nii.gz
Processing: /ssd/share/SPGC-SEGMENTED/Cap subjects/crop_by_mask_cap056.nii.gz
Processing: /ssd/share/SPGC-SEGMENTED/COVID-19 subjects/crop_by_mask_P004.nii.gz
Processing: /ssd/share/SPGC-SEGMENTED/COVID-19 subjects/crop_by_mask_P018.nii.gz
Processing: /ssd/share/SPGC-SEGMENTED/COVID-19 subjects/crop_by_mask_P033.nii.gz
Processing: /ssd/share/SPGC-SEGMENTED/COVID-19 subjects/crop_by_mask_P045.nii.gz
Processing: /ssd/share/SPGC-SEGMENTED/COVID-19 subjects/crop_by_mask_P057.nii.gz
Processing: /ssd/share/SPGC-SEGMENTED/COVID-19 subjects/crop_by_mask_P070.nii.gz
Processing: /ssd/share/SPGC-SEGMENTED/COVID-19 subjects/crop_by_mask_P081.nii.gz
Processing: /ssd/share/SPGC-SEGMENTED/COVID-19 subjects/crop_by_mask_P096.nii.gz
Processing: /ssd/share/SPGC-SEGMENTED/COVID-19 subjects/crop_by_mask_P109.nii.gz
Processing: /ssd/share/SPGC-SEGMENTED/COVID-19 subjects/crop_by_mask_P121.nii.gz
Processing: /ssd/share/SPGC-SEGMENTED/COVID-19 subjects/crop_by_mask_P132.nii.gz
Processing: /ssd/share/SPGC-SEGMENTED/COVID-19 subjects/crop_by_mask_P143.nii.gz
Processing: /ssd/share/SPGC-SEGMENTED/COVID-19 subjects/crop_by_mask_P158.nii.gz
Processing: /ssd/share/SPGC-SEGMENTED/COVID-19 subjects/crop_by_mask_P169.nii.gz
Processing: /ssd/share/SPGC-SEGMENTED/Normal subjects/crop_by_mask_normal010.nii.gz
Processing: /ssd/share/SPGC-SEGMENTED/Normal subjects/crop_by_mask_normal023.nii.gz
Processing: /ssd/share/SPGC-SEGMENTED/Normal subjects/crop_by_mask_normal035.nii.gz
Processing: /ssd/share/SPGC-SEGMENTED/Normal subjects/crop_by_mask_normal047.nii.gz
Processing: /ssd/share/SPGC-SEGMENTED/Normal subjects/crop_by_mask_normal055.nii.gz
Processing: /ssd/share/SPGC-SEGMENTED/Normal subjects/crop_by_mask_normal066.nii.gz
Processing: /ssd/share/SPGC-COVID-TEST/NII-SEGMENTED/crop_by_mask_T1-003.nii.gz
Processing: /ssd/share/SPGC-COVID-TEST/NII-SEGMENTED/crop_by_mask_T1-016.nii.gz
Processing: /ssd/share/SPGC-COVID-TEST/NII-SEGMENTED/crop_by_mask_T1-025.nii.gz
Processing: /ssd/share/SPGC-COVID-TEST/NII-SEGMENTED/crop_by_mask_T2-010.nii.gz
Processing: /ssd/share/SPGC-COVID-TEST/NII-SEGMENTED/crop_by_mask_T2-020.nii.gz
Processing: /ssd/share/SPGC-COVID-TEST/NII-SEGMENTED/crop_by_mask_T2-030.nii.gz
Processing: /ssd/share/SPGC-COVID-TEST/NII-SEGMENTED/crop_by_mask_T3-024.nii.gz
Processing: /ssd/share/SPGC-SEGMENTED/Cap subjects/crop_by_mask_cap010.nii.gz
Processing: /ssd/share/SPGC-SEGMENTED/Cap subjects/crop_by_mask_cap019.nii.gz
Processing: /ssd/share/SPGC-SEGMENTED/Cap subjects/crop_by_mask_cap028.nii.gz
Processing: /ssd/share/SPGC-SEGMENTED/Cap subjects/crop_by_mask_cap044.nii.gz
Processing: /ssd/share/SPGC-SEGMENTED/Cap subjects/crop_by_mask_cap051.nii.gz
Processing: /ssd/share/SPGC-SEGMENTED/COVID-19 subjects/crop_by_mask_P008.nii.gz
Processing: /ssd/share/SPGC-SEGMENTED/COVID-19 subjects/crop_by_mask_P022.nii.gz
Processing: /ssd/share/SPGC-SEGMENTED/COVID-19 subjects/crop_by_mask_P029.nii.gz
Processing: /ssd/share/SPGC-SEGMENTED/COVID-19 subjects/crop_by_mask_P041.nii.gz
Processing: /ssd/share/SPGC-SEGMENTED/COVID-19 subjects/crop_by_mask_P054.nii.gz
Processing: /ssd/share/SPGC-SEGMENTED/COVID-19 subjects/crop_by_mask_P067.nii.gz
Processing: /ssd/share/SPGC-SEGMENTED/COVID-19 subjects/crop_by_mask_P077.nii.gz
Processing: /ssd/share/SPGC-SEGMENTED/COVID-19 subjects/crop_by_mask_P091.nii.gz
Processing: /ssd/share/SPGC-SEGMENTED/COVID-19 subjects/crop_by_mask_P103.nii.gz
Processing: /ssd/share/SPGC-SEGMENTED/COVID-19 subjects/crop_by_mask_P115.nii.gz
Processing: /ssd/share/SPGC-SEGMENTED/COVID-19 subjects/crop_by_mask_P124.nii.gz
Processing: /ssd/share/SPGC-SEGMENTED/COVID-19 subjects/crop_by_mask_P136.nii.gz
Processing: /ssd/share/SPGC-SEGMENTED/COVID-19 subjects/crop_by_mask_P148.nii.gz
Processing: /ssd/share/SPGC-SEGMENTED/COVID-19 subjects/crop_by_mask_P160.nii.gz
Processing: /ssd/share/SPGC-SEGMENTED/COVID-19 subjects/crop_by_mask_P171.nii.gz
Processing: /ssd/share/SPGC-SEGMENTED/Normal subjects/crop_by_mask_normal012.nii.gz
Processing: /ssd/share/SPGC-SEGMENTED/Normal subjects/crop_by_mask_normal024.nii.gz
Processing: /ssd/share/SPGC-SEGMENTED/Normal subjects/crop_by_mask_normal036.nii.gz
Processing: /ssd/share/SPGC-SEGMENTED/Normal subjects/crop_by_mask_normal049.nii.gz
Processing: /ssd/share/SPGC-SEGMENTED/Normal subjects/crop_by_mask_normal061.nii.gz
Processing: /ssd/share/SPGC-SEGMENTED/Normal subjects/crop_by_mask_normal072.nii.gz
Processing: /ssd/share/SPGC-COVID-TEST/NII-SEGMENTED/crop_by_mask_T1-008.nii.gz
Processing: /ssd/share/SPGC-COVID-TEST/NII-SEGMENTED/crop_by_mask_T1-019.nii.gz
Processing: /ssd/share/SPGC-COVID-TEST/NII-SEGMENTED/crop_by_mask_T1-029.nii.gz
Processing: /ssd/share/SPGC-COVID-TEST/NII-SEGMENTED/crop_by_mask_T2-011.nii.gz
Processing: /ssd/share/SPGC-COVID-TEST/NII-SEGMENTED/crop_by_mask_T3-004.nii.gz
Processing: /ssd/share/SPGC-COVID-TEST/NII-SEGMENTED/crop_by_mask_T3-012.nii.gz
Processing: /ssd/share/SPGC-COVID-TEST/NII-SEGMENTED/crop_by_mask_T3-023.nii.gz
Processing: /ssd/share/SPGC-SEGMENTED/Cap subjects/crop_by_mask_cap003.nii.gz
Processing: /ssd/share/SPGC-SEGMENTED/Cap subjects/crop_by_mask_cap014.nii.gz
Processing: /ssd/share/SPGC-SEGMENTED/Cap subjects/crop_by_mask_cap032.nii.gz
Processing: /ssd/share/SPGC-SEGMENTED/Cap subjects/crop_by_mask_cap041.nii.gz
Processing: /ssd/share/SPGC-SEGMENTED/Cap subjects/crop_by_mask_cap055.nii.gz
Processing: /ssd/share/SPGC-SEGMENTED/COVID-19 subjects/crop_by_mask_P005.nii.gz
Processing: /ssd/share/SPGC-SEGMENTED/COVID-19 subjects/crop_by_mask_P016.nii.gz
Processing: /ssd/share/SPGC-SEGMENTED/COVID-19 subjects/crop_by_mask_P031.nii.gz
Processing: /ssd/share/SPGC-SEGMENTED/COVID-19 subjects/crop_by_mask_P044.nii.gz
Processing: /ssd/share/SPGC-SEGMENTED/COVID-19 subjects/crop_by_mask_P056.nii.gz
Processing: /ssd/share/SPGC-SEGMENTED/COVID-19 subjects/crop_by_mask_P068.nii.gz
Processing: /ssd/share/SPGC-SEGMENTED/COVID-19 subjects/crop_by_mask_P078.nii.gz
Processing: /ssd/share/SPGC-SEGMENTED/COVID-19 subjects/crop_by_mask_P090.nii.gz
Processing: /ssd/share/SPGC-SEGMENTED/COVID-19 subjects/crop_by_mask_P102.nii.gz
Processing: /ssd/share/SPGC-SEGMENTED/COVID-19 subjects/crop_by_mask_P114.nii.gz
Processing: /ssd/share/SPGC-SEGMENTED/COVID-19 subjects/crop_by_mask_P126.nii.gz
Processing: /ssd/share/SPGC-SEGMENTED/COVID-19 subjects/crop_by_mask_P139.nii.gz
Processing: /ssd/share/SPGC-SEGMENTED/COVID-19 subjects/crop_by_mask_P151.nii.gz
Processing: /ssd/share/SPGC-SEGMENTED/COVID-19 subjects/crop_by_mask_P164.nii.gz
Processing: /ssd/share/SPGC-SEGMENTED/Normal subjects/crop_by_mask_normal006.nii.gz
Processing: /ssd/share/SPGC-SEGMENTED/Normal subjects/crop_by_mask_normal019.nii.gz
Processing: /ssd/share/SPGC-SEGMENTED/Normal subjects/crop_by_mask_normal029.nii.gz
Processing: /ssd/share/SPGC-SEGMENTED/Normal subjects/crop_by_mask_normal042.nii.gz
Processing: /ssd/share/SPGC-SEGMENTED/Normal subjects/crop_by_mask_normal051.nii.gz
Processing: /ssd/share/SPGC-SEGMENTED/Normal subjects/crop_by_mask_normal062.nii.gz
Processing: /ssd/share/SPGC-SEGMENTED/Normal subjects/crop_by_mask_normal074.nii.gz
Processing: /ssd/share/SPGC-COVID-TEST/NII-SEGMENTED/crop_by_mask_T1-010.nii.gz
Processing: /ssd/share/SPGC-COVID-TEST/NII-SEGMENTED/crop_by_mask_T1-022.nii.gz
Processing: /ssd/share/SPGC-COVID-TEST/NII-SEGMENTED/crop_by_mask_T2-004.nii.gz
Processing: /ssd/share/SPGC-COVID-TEST/NII-SEGMENTED/crop_by_mask_T2-015.nii.gz
Processing: /ssd/share/SPGC-COVID-TEST/NII-SEGMENTED/crop_by_mask_T2-026.nii.gz
Processing: /ssd/share/SPGC-COVID-TEST/NII-SEGMENTED/crop_by_mask_T3-007.nii.gz
Processing: /ssd/share/SPGC-COVID-TEST/NII-SEGMENTED/crop_by_mask_T3-017.nii.gz
Processing: /ssd/share/SPGC-COVID-TEST/NII-SEGMENTED/crop_by_mask_T3-030.nii.gz
Processing: /ssd/share/SPGC-SEGMENTED/Cap subjects/crop_by_mask_cap006.nii.gz
Processing: /ssd/share/SPGC-SEGMENTED/Cap subjects/crop_by_mask_cap016.nii.gz
Processing: /ssd/share/SPGC-SEGMENTED/Cap subjects/crop_by_mask_cap027.nii.gz
Processing: /ssd/share/SPGC-SEGMENTED/Cap subjects/crop_by_mask_cap046.nii.gz
Processing: /ssd/share/SPGC-SEGMENTED/Cap subjects/crop_by_mask_cap053.nii.gz
Processing: /ssd/share/SPGC-SEGMENTED/COVID-19 subjects/crop_by_mask_P007.nii.gz
Processing: /ssd/share/SPGC-SEGMENTED/COVID-19 subjects/crop_by_mask_P019.nii.gz
Processing: /ssd/share/SPGC-SEGMENTED/COVID-19 subjects/crop_by_mask_P032.nii.gz
Processing: /ssd/share/SPGC-SEGMENTED/COVID-19 subjects/crop_by_mask_P042.nii.gz
Processing: /ssd/share/SPGC-SEGMENTED/COVID-19 subjects/crop_by_mask_P053.nii.gz
Processing: /ssd/share/SPGC-SEGMENTED/COVID-19 subjects/crop_by_mask_P065.nii.gz
Processing: /ssd/share/SPGC-SEGMENTED/COVID-19 subjects/crop_by_mask_P079.nii.gz
Processing: /ssd/share/SPGC-SEGMENTED/COVID-19 subjects/crop_by_mask_P089.nii.gz
Processing: /ssd/share/SPGC-SEGMENTED/COVID-19 subjects/crop_by_mask_P101.nii.gz
Processing: /ssd/share/SPGC-SEGMENTED/COVID-19 subjects/crop_by_mask_P112.nii.gz
Processing: /ssd/share/SPGC-SEGMENTED/COVID-19 subjects/crop_by_mask_P127.nii.gz
Processing: /ssd/share/SPGC-SEGMENTED/COVID-19 subjects/crop_by_mask_P138.nii.gz
Processing: /ssd/share/SPGC-SEGMENTED/COVID-19 subjects/crop_by_mask_P150.nii.gz
Processing: /ssd/share/SPGC-SEGMENTED/COVID-19 subjects/crop_by_mask_P163.nii.gz
Processing: /ssd/share/SPGC-SEGMENTED/Normal subjects/crop_by_mask_normal003.nii.gz
Processing: /ssd/share/SPGC-SEGMENTED/Normal subjects/crop_by_mask_normal016.nii.gz
Processing: /ssd/share/SPGC-SEGMENTED/Normal subjects/crop_by_mask_normal026.nii.gz
Processing: /ssd/share/SPGC-SEGMENTED/Normal subjects/crop_by_mask_normal038.nii.gz
Processing: /ssd/share/SPGC-SEGMENTED/Normal subjects/crop_by_mask_normal054.nii.gz
Processing: /ssd/share/SPGC-SEGMENTED/Normal subjects/crop_by_mask_normal067.nii.gz
Processing: /ssd/share/SPGC-COVID-TEST/NII-SEGMENTED/crop_by_mask_T1-004.nii.gz
Processing: /ssd/share/SPGC-COVID-TEST/NII-SEGMENTED/crop_by_mask_T1-012.nii.gz
Processing: /ssd/share/SPGC-COVID-TEST/NII-SEGMENTED/crop_by_mask_T1-024.nii.gz
Processing: /ssd/share/SPGC-COVID-TEST/NII-SEGMENTED/crop_by_mask_T2-006.nii.gz
Processing: /ssd/share/SPGC-COVID-TEST/NII-SEGMENTED/crop_by_mask_T2-023.nii.gz
Processing: /ssd/share/SPGC-COVID-TEST/NII-SEGMENTED/crop_by_mask_T3-013.nii.gz
Processing: /ssd/share/SPGC-COVID-TEST/NII-SEGMENTED/crop_by_mask_T3-026.nii.gz
Processing: /ssd/share/SPGC-SEGMENTED/Cap subjects/crop_by_mask_cap008.nii.gz
Processing: /ssd/share/SPGC-SEGMENTED/Cap subjects/crop_by_mask_cap020.nii.gz
Processing: /ssd/share/SPGC-SEGMENTED/Cap subjects/crop_by_mask_cap034.nii.gz
Processing: /ssd/share/SPGC-SEGMENTED/Cap subjects/crop_by_mask_cap042.nii.gz
Processing: /ssd/share/SPGC-SEGMENTED/Cap subjects/crop_by_mask_cap054.nii.gz
Processing: /ssd/share/SPGC-SEGMENTED/COVID-19 subjects/crop_by_mask_P003.nii.gz
Processing: /ssd/share/SPGC-SEGMENTED/COVID-19 subjects/crop_by_mask_P015.nii.gz
Processing: /ssd/share/SPGC-SEGMENTED/COVID-19 subjects/crop_by_mask_P028.nii.gz
Processing: /ssd/share/SPGC-SEGMENTED/COVID-19 subjects/crop_by_mask_P040.nii.gz
Processing: /ssd/share/SPGC-SEGMENTED/COVID-19 subjects/crop_by_mask_P051.nii.gz
Processing: /ssd/share/SPGC-SEGMENTED/COVID-19 subjects/crop_by_mask_P063.nii.gz
Processing: /ssd/share/SPGC-SEGMENTED/COVID-19 subjects/crop_by_mask_P075.nii.gz
Processing: /ssd/share/SPGC-SEGMENTED/COVID-19 subjects/crop_by_mask_P087.nii.gz
Processing: /ssd/share/SPGC-SEGMENTED/COVID-19 subjects/crop_by_mask_P097.nii.gz
Processing: /ssd/share/SPGC-SEGMENTED/COVID-19 subjects/crop_by_mask_P110.nii.gz
Processing: /ssd/share/SPGC-SEGMENTED/COVID-19 subjects/crop_by_mask_P119.nii.gz
Processing: /ssd/share/SPGC-SEGMENTED/COVID-19 subjects/crop_by_mask_P129.nii.gz
Processing: /ssd/share/SPGC-SEGMENTED/COVID-19 subjects/crop_by_mask_P142.nii.gz
Processing: /ssd/share/SPGC-SEGMENTED/COVID-19 subjects/crop_by_mask_P153.nii.gz
Processing: /ssd/share/SPGC-SEGMENTED/COVID-19 subjects/crop_by_mask_P167.nii.gz
Processing: /ssd/share/SPGC-SEGMENTED/Normal subjects/crop_by_mask_normal009.nii.gz
Processing: /ssd/share/SPGC-SEGMENTED/Normal subjects/crop_by_mask_normal021.nii.gz
Processing: /ssd/share/SPGC-SEGMENTED/Normal subjects/crop_by_mask_normal034.nii.gz
Processing: /ssd/share/SPGC-SEGMENTED/Normal subjects/crop_by_mask_normal045.nii.gz
Processing: /ssd/share/SPGC-SEGMENTED/Normal subjects/crop_by_mask_normal059.nii.gz
Processing: /ssd/share/SPGC-SEGMENTED/Normal subjects/crop_by_mask_normal071.nii.gz
Processing: /ssd/share/SPGC-COVID-TEST/NII-SEGMENTED/crop_by_mask_T1-006.nii.gz
Processing: /ssd/share/SPGC-COVID-TEST/NII-SEGMENTED/crop_by_mask_T1-020.nii.gz
Processing: /ssd/share/SPGC-COVID-TEST/NII-SEGMENTED/crop_by_mask_T2-002.nii.gz
Processing: /ssd/share/SPGC-COVID-TEST/NII-SEGMENTED/crop_by_mask_T2-012.nii.gz
Processing: /ssd/share/SPGC-COVID-TEST/NII-SEGMENTED/crop_by_mask_T2-024.nii.gz
Processing: /ssd/share/SPGC-COVID-TEST/NII-SEGMENTED/crop_by_mask_T3-006.nii.gz
Processing: /ssd/share/SPGC-COVID-TEST/NII-SEGMENTED/crop_by_mask_T3-018.nii.gz
Processing: /ssd/share/SPGC-COVID-TEST/NII-SEGMENTED/crop_by_mask_T3-025.nii.gz
Processing: /ssd/share/SPGC-SEGMENTED/Cap subjects/crop_by_mask_cap004.nii.gz
Processing: /ssd/share/SPGC-SEGMENTED/Cap subjects/crop_by_mask_cap022.nii.gz
Processing: /ssd/share/SPGC-SEGMENTED/Cap subjects/crop_by_mask_cap037.nii.gz
Processing: /ssd/share/SPGC-SEGMENTED/Cap subjects/crop_by_mask_cap049.nii.gz
Processing: /ssd/share/SPGC-SEGMENTED/Cap subjects/crop_by_mask_cap060.nii.gz
Processing: /ssd/share/SPGC-SEGMENTED/COVID-19 subjects/crop_by_mask_P012.nii.gz
Processing: /ssd/share/SPGC-SEGMENTED/COVID-19 subjects/crop_by_mask_P023.nii.gz
Processing: /ssd/share/SPGC-SEGMENTED/COVID-19 subjects/crop_by_mask_P036.nii.gz
Processing: /ssd/share/SPGC-SEGMENTED/COVID-19 subjects/crop_by_mask_P048.nii.gz
Processing: /ssd/share/SPGC-SEGMENTED/COVID-19 subjects/crop_by_mask_P062.nii.gz
Processing: /ssd/share/SPGC-SEGMENTED/COVID-19 subjects/crop_by_mask_P074.nii.gz
Processing: /ssd/share/SPGC-SEGMENTED/COVID-19 subjects/crop_by_mask_P083.nii.gz
Processing: /ssd/share/SPGC-SEGMENTED/COVID-19 subjects/crop_by_mask_P094.nii.gz
Processing: /ssd/share/SPGC-SEGMENTED/COVID-19 subjects/crop_by_mask_P105.nii.gz
Processing: /ssd/share/SPGC-SEGMENTED/COVID-19 subjects/crop_by_mask_P118.nii.gz
Processing: /ssd/share/SPGC-SEGMENTED/COVID-19 subjects/crop_by_mask_P135.nii.gz
Processing: /ssd/share/SPGC-SEGMENTED/COVID-19 subjects/crop_by_mask_P145.nii.gz
Processing: /ssd/share/SPGC-SEGMENTED/COVID-19 subjects/crop_by_mask_P156.nii.gz
Processing: /ssd/share/SPGC-SEGMENTED/COVID-19 subjects/crop_by_mask_P166.nii.gz
Processing: /ssd/share/SPGC-SEGMENTED/Normal subjects/crop_by_mask_normal007.nii.gz
Processing: /ssd/share/SPGC-SEGMENTED/Normal subjects/crop_by_mask_normal020.nii.gz
Processing: /ssd/share/SPGC-SEGMENTED/Normal subjects/crop_by_mask_normal031.nii.gz
Processing: /ssd/share/SPGC-SEGMENTED/Normal subjects/crop_by_mask_normal044.nii.gz
Processing: /ssd/share/SPGC-SEGMENTED/Normal subjects/crop_by_mask_normal057.nii.gz
Processing: /ssd/share/SPGC-SEGMENTED/Normal subjects/crop_by_mask_normal070.nii.gz
Processing: /ssd/share/SPGC-COVID-TEST/NII-SEGMENTED/crop_by_mask_T1-007.nii.gz
Processing: /ssd/share/SPGC-COVID-TEST/NII-SEGMENTED/crop_by_mask_T1-018.nii.gz
Processing: /ssd/share/SPGC-COVID-TEST/NII-SEGMENTED/crop_by_mask_T1-030.nii.gz
Processing: /ssd/share/SPGC-COVID-TEST/NII-SEGMENTED/crop_by_mask_T2-014.nii.gz
Processing: /ssd/share/SPGC-COVID-TEST/NII-SEGMENTED/crop_by_mask_T2-021.nii.gz
Processing: /ssd/share/SPGC-COVID-TEST/NII-SEGMENTED/crop_by_mask_T3-005.nii.gz
Processing: /ssd/share/SPGC-COVID-TEST/NII-SEGMENTED/crop_by_mask_T3-015.nii.gz
Processing: /ssd/share/SPGC-COVID-TEST/NII-SEGMENTED/crop_by_mask_T3-028.nii.gz
Processing: /ssd/share/SPGC-SEGMENTED/Cap subjects/crop_by_mask_cap001.nii.gz
Processing: /ssd/share/SPGC-SEGMENTED/Cap subjects/crop_by_mask_cap021.nii.gz
Processing: /ssd/share/SPGC-SEGMENTED/Cap subjects/crop_by_mask_cap035.nii.gz
Processing: /ssd/share/SPGC-SEGMENTED/Cap subjects/crop_by_mask_cap048.nii.gz
Processing: /ssd/share/SPGC-SEGMENTED/Cap subjects/crop_by_mask_cap059.nii.gz
Processing: /ssd/share/SPGC-SEGMENTED/COVID-19 subjects/crop_by_mask_P010.nii.gz
Processing: /ssd/share/SPGC-SEGMENTED/COVID-19 subjects/crop_by_mask_P021.nii.gz
Processing: /ssd/share/SPGC-SEGMENTED/COVID-19 subjects/crop_by_mask_P034.nii.gz
Processing: /ssd/share/SPGC-SEGMENTED/COVID-19 subjects/crop_by_mask_P047.nii.gz
Processing: /ssd/share/SPGC-SEGMENTED/COVID-19 subjects/crop_by_mask_P060.nii.gz
Processing: /ssd/share/SPGC-SEGMENTED/COVID-19 subjects/crop_by_mask_P071.nii.gz
Processing: /ssd/share/SPGC-SEGMENTED/COVID-19 subjects/crop_by_mask_P086.nii.gz
Processing: /ssd/share/SPGC-SEGMENTED/COVID-19 subjects/crop_by_mask_P099.nii.gz
Processing: /ssd/share/SPGC-SEGMENTED/COVID-19 subjects/crop_by_mask_P111.nii.gz
Processing: /ssd/share/SPGC-SEGMENTED/COVID-19 subjects/crop_by_mask_P123.nii.gz
Processing: /ssd/share/SPGC-SEGMENTED/COVID-19 subjects/crop_by_mask_P131.nii.gz
Processing: /ssd/share/SPGC-SEGMENTED/COVID-19 subjects/crop_by_mask_P147.nii.gz
Processing: /ssd/share/SPGC-SEGMENTED/COVID-19 subjects/crop_by_mask_P159.nii.gz
Processing: /ssd/share/SPGC-SEGMENTED/Normal subjects/crop_by_mask_normal001.nii.gz
Processing: /ssd/share/SPGC-SEGMENTED/Normal subjects/crop_by_mask_normal013.nii.gz
Processing: /ssd/share/SPGC-SEGMENTED/Normal subjects/crop_by_mask_normal028.nii.gz
Processing: /ssd/share/SPGC-SEGMENTED/Normal subjects/crop_by_mask_normal039.nii.gz
Processing: /ssd/share/SPGC-SEGMENTED/Normal subjects/crop_by_mask_normal050.nii.gz
Processing: /ssd/share/SPGC-SEGMENTED/Normal subjects/crop_by_mask_normal064.nii.gz
Processing: /ssd/share/SPGC-COVID-TEST/NII-SEGMENTED/crop_by_mask_T1-001.nii.gz
Processing: /ssd/share/SPGC-COVID-TEST/NII-SEGMENTED/crop_by_mask_T1-015.nii.gz
Processing: /ssd/share/SPGC-COVID-TEST/NII-SEGMENTED/crop_by_mask_T1-027.nii.gz
Processing: /ssd/share/SPGC-COVID-TEST/NII-SEGMENTED/crop_by_mask_T2-008.nii.gz
Processing: /ssd/share/SPGC-COVID-TEST/NII-SEGMENTED/crop_by_mask_T2-025.nii.gz
Processing: /ssd/share/SPGC-COVID-TEST/NII-SEGMENTED/crop_by_mask_T3-003.nii.gz
Processing: /ssd/share/SPGC-COVID-TEST/NII-SEGMENTED/crop_by_mask_T3-014.nii.gz
Processing: /ssd/share/SPGC-COVID-TEST/NII-SEGMENTED/crop_by_mask_T3-027.nii.gz
0/395 done...
1/395 done...
2/395 done...
3/395 done...
4/395 done...
5/395 done...
6/395 done...
7/395 done...
8/395 done...
9/395 done...
10/395 done...
11/395 done...
12/395 done...
13/395 done...
14/395 done...
15/395 done...
16/395 done...
17/395 done...
18/395 done...
19/395 done...
20/395 done...
21/395 done...
22/395 done...
23/395 done...
24/395 done...
25/395 done...
26/395 done...
27/395 done...
28/395 done...
29/395 done...
30/395 done...
31/395 done...
32/395 done...
33/395 done...
34/395 done...
35/395 done...
36/395 done...
37/395 done...
38/395 done...
39/395 done...
40/395 done...
41/395 done...
42/395 done...
43/395 done...
44/395 done...
45/395 done...
46/395 done...
47/395 done...
48/395 done...
49/395 done...
50/395 done...
51/395 done...
52/395 done...
53/395 done...
54/395 done...
55/395 done...
56/395 done...
57/395 done...
58/395 done...
59/395 done...
60/395 done...
61/395 done...
62/395 done...
63/395 done...
64/395 done...
65/395 done...
66/395 done...
67/395 done...
68/395 done...
69/395 done...
70/395 done...
71/395 done...
72/395 done...
73/395 done...
74/395 done...
75/395 done...
76/395 done...
77/395 done...
78/395 done...
79/395 done...
80/395 done...
81/395 done...
82/395 done...
83/395 done...
84/395 done...
85/395 done...
86/395 done...
87/395 done...
88/395 done...
89/395 done...
90/395 done...
91/395 done...
92/395 done...
93/395 done...
94/395 done...
95/395 done...
96/395 done...
97/395 done...
98/395 done...
99/395 done...
100/395 done...
101/395 done...
102/395 done...
103/395 done...
104/395 done...
105/395 done...
106/395 done...
107/395 done...
108/395 done...
109/395 done...
110/395 done...
111/395 done...
112/395 done...
113/395 done...
114/395 done...
115/395 done...
116/395 done...
117/395 done...
118/395 done...
119/395 done...
120/395 done...
121/395 done...
122/395 done...
123/395 done...
124/395 done...
125/395 done...
126/395 done...
127/395 done...
128/395 done...
129/395 done...
130/395 done...
131/395 done...
132/395 done...
133/395 done...
134/395 done...
135/395 done...
136/395 done...
137/395 done...
138/395 done...
139/395 done...
140/395 done...
141/395 done...
142/395 done...
143/395 done...
144/395 done...
145/395 done...
146/395 done...
147/395 done...
148/395 done...
149/395 done...
150/395 done...
151/395 done...
152/395 done...
153/395 done...
154/395 done...
155/395 done...
156/395 done...
157/395 done...
158/395 done...
159/395 done...
160/395 done...
161/395 done...
162/395 done...
163/395 done...
164/395 done...
165/395 done...
166/395 done...
167/395 done...
168/395 done...
169/395 done...
170/395 done...
171/395 done...
172/395 done...
173/395 done...
174/395 done...
175/395 done...
176/395 done...
177/395 done...
178/395 done...
179/395 done...
180/395 done...
181/395 done...
182/395 done...
183/395 done...
184/395 done...
185/395 done...
186/395 done...
187/395 done...
188/395 done...
189/395 done...
190/395 done...
191/395 done...
192/395 done...
193/395 done...
194/395 done...
195/395 done...
196/395 done...
197/395 done...
198/395 done...
199/395 done...
200/395 done...
201/395 done...
202/395 done...
203/395 done...
204/395 done...
205/395 done...
206/395 done...
207/395 done...
208/395 done...
209/395 done...
210/395 done...
211/395 done...
212/395 done...
213/395 done...
214/395 done...
215/395 done...
216/395 done...
217/395 done...
218/395 done...
219/395 done...
220/395 done...
221/395 done...
222/395 done...
223/395 done...
224/395 done...
225/395 done...
226/395 done...
227/395 done...
228/395 done...
229/395 done...
230/395 done...
231/395 done...
232/395 done...
233/395 done...
234/395 done...
235/395 done...
236/395 done...
237/395 done...
238/395 done...
239/395 done...
240/395 done...
241/395 done...
242/395 done...
243/395 done...
244/395 done...
245/395 done...
246/395 done...
247/395 done...
248/395 done...
249/395 done...
250/395 done...
251/395 done...
252/395 done...
253/395 done...
254/395 done...
255/395 done...
256/395 done...
257/395 done...
258/395 done...
259/395 done...
260/395 done...
261/395 done...
262/395 done...
263/395 done...
264/395 done...
265/395 done...
266/395 done...
267/395 done...
268/395 done...
269/395 done...
270/395 done...
271/395 done...
272/395 done...
273/395 done...
274/395 done...
275/395 done...
276/395 done...
277/395 done...
278/395 done...
279/395 done...
280/395 done...
281/395 done...
282/395 done...
283/395 done...
284/395 done...
285/395 done...
286/395 done...
287/395 done...
288/395 done...
289/395 done...
290/395 done...
291/395 done...
292/395 done...
293/395 done...
294/395 done...
295/395 done...
296/395 done...
297/395 done...
298/395 done...
299/395 done...
300/395 done...
301/395 done...
302/395 done...
303/395 done...
304/395 done...
305/395 done...
306/395 done...
307/395 done...
308/395 done...
309/395 done...
310/395 done...
311/395 done...
312/395 done...
313/395 done...
314/395 done...
315/395 done...
316/395 done...
317/395 done...
318/395 done...
319/395 done...
320/395 done...
321/395 done...
322/395 done...
323/395 done...
324/395 done...
325/395 done...
326/395 done...
327/395 done...
328/395 done...
329/395 done...
330/395 done...
331/395 done...
332/395 done...
333/395 done...
334/395 done...
335/395 done...
336/395 done...
337/395 done...
338/395 done...
339/395 done...
340/395 done...
341/395 done...
342/395 done...
343/395 done...
344/395 done...
345/395 done...
346/395 done...
347/395 done...
348/395 done...
349/395 done...
350/395 done...
351/395 done...
352/395 done...
353/395 done...
354/395 done...
355/395 done...
356/395 done...
357/395 done...
358/395 done...
359/395 done...
360/395 done...
361/395 done...
362/395 done...
363/395 done...
364/395 done...
365/395 done...
366/395 done...
367/395 done...
368/395 done...
369/395 done...
370/395 done...
371/395 done...
372/395 done...
373/395 done...
374/395 done...
375/395 done...
376/395 done...
377/395 done...
378/395 done...
379/395 done...
380/395 done...
381/395 done...
382/395 done...
383/395 done...
384/395 done...
385/395 done...
386/395 done...
387/395 done...
388/395 done...
389/395 done...
390/395 done...
391/395 done...
392/395 done...
393/395 done...
394/395 done...
