main.py:42: FutureWarning: circle is deprecated in favor of disk.circle will be removed in version 0.19
  rr, cc = circle(255, 255, 253)  # the standard is 256, we use 253
[INFO] Processing /ssd/share/SPGC-COVID/DICOM/Cap subjects/cap002 - cap002
[INFO] Total/Ignore/Reserved 131/0/131 CTAs, slice_thickess 2.0...               
[INFO] Processing /ssd/share/SPGC-COVID/DICOM/Cap subjects/cap013 - cap013
[INFO] Total/Ignore/Reserved 141/0/141 CTAs, slice_thickess 2.0...               
[INFO] Processing /ssd/share/SPGC-COVID/DICOM/Cap subjects/cap025 - cap025
[INFO] Total/Ignore/Reserved 176/0/176 CTAs, slice_thickess 2.0...               
[INFO] Processing /ssd/share/SPGC-COVID/DICOM/Cap subjects/cap041 - cap041
[INFO] Total/Ignore/Reserved 148/0/148 CTAs, slice_thickess 2.0...               
[INFO] Processing /ssd/share/SPGC-COVID/DICOM/Cap subjects/cap054 - cap054
[INFO] Total/Ignore/Reserved 146/0/146 CTAs, slice_thickess 2.0...               
[INFO] Processing /ssd/share/SPGC-COVID/DICOM/COVID-19 subjects/P004 - P004
[INFO] Total/Ignore/Reserved 164/0/164 CTAs, slice_thickess 2.0...               
[INFO] Processing /ssd/share/SPGC-COVID/DICOM/COVID-19 subjects/P019 - P019
[INFO] Total/Ignore/Reserved 150/0/150 CTAs, slice_thickess 2.0...               
[INFO] Processing /ssd/share/SPGC-COVID/DICOM/COVID-19 subjects/P032 - P032
[INFO] Total/Ignore/Reserved 131/0/131 CTAs, slice_thickess 2.0...               
[INFO] Processing /ssd/share/SPGC-COVID/DICOM/COVID-19 subjects/P042 - P042
[INFO] Total/Ignore/Reserved 134/0/134 CTAs, slice_thickess 2.0...               
[INFO] Processing /ssd/share/SPGC-COVID/DICOM/COVID-19 subjects/P052 - P052
[INFO] Total/Ignore/Reserved 159/0/159 CTAs, slice_thickess 2.0...               
[INFO] Processing /ssd/share/SPGC-COVID/DICOM/COVID-19 subjects/P064 - P064
[INFO] Total/Ignore/Reserved 144/0/144 CTAs, slice_thickess 2.0...               
[INFO] Processing /ssd/share/SPGC-COVID/DICOM/COVID-19 subjects/P076 - P076
[INFO] Total/Ignore/Reserved 135/0/135 CTAs, slice_thickess 2.0...               
[INFO] Processing /ssd/share/SPGC-COVID/DICOM/COVID-19 subjects/P088 - P088
[INFO] Total/Ignore/Reserved 156/0/156 CTAs, slice_thickess 2.0...               
[INFO] Processing /ssd/share/SPGC-COVID/DICOM/COVID-19 subjects/P101 - P101
[INFO] Total/Ignore/Reserved 164/0/164 CTAs, slice_thickess 2.0...               
[INFO] Processing /ssd/share/SPGC-COVID/DICOM/COVID-19 subjects/P113 - P113
[INFO] Total/Ignore/Reserved 148/0/148 CTAs, slice_thickess 2.0...               
[INFO] Processing /ssd/share/SPGC-COVID/DICOM/COVID-19 subjects/P124 - P124
[INFO] Total/Ignore/Reserved 146/0/146 CTAs, slice_thickess 2.0...               
[INFO] Processing /ssd/share/SPGC-COVID/DICOM/COVID-19 subjects/P136 - P136
[INFO] Total/Ignore/Reserved 129/0/129 CTAs, slice_thickess 2.0...               
[INFO] Processing /ssd/share/SPGC-COVID/DICOM/COVID-19 subjects/P148 - P148
[INFO] Total/Ignore/Reserved 141/0/141 CTAs, slice_thickess 2.0...               
[INFO] Processing /ssd/share/SPGC-COVID/DICOM/COVID-19 subjects/P159 - P159
[INFO] Total/Ignore/Reserved 162/0/162 CTAs, slice_thickess 2.0...               
[INFO] Processing /ssd/share/SPGC-COVID/DICOM/Normal subjects/normal002 - normal002
[INFO] Total/Ignore/Reserved 167/0/167 CTAs, slice_thickess 2.0...               
[INFO] Processing /ssd/share/SPGC-COVID/DICOM/Normal subjects/normal015 - normal015
[INFO] Total/Ignore/Reserved 145/0/145 CTAs, slice_thickess 2.0...               
[INFO] Processing /ssd/share/SPGC-COVID/DICOM/Normal subjects/normal027 - normal027
[INFO] Total/Ignore/Reserved 168/0/168 CTAs, slice_thickess 2.0...               
[INFO] Processing /ssd/share/SPGC-COVID/DICOM/Normal subjects/normal040 - normal040
[INFO] Total/Ignore/Reserved 151/0/151 CTAs, slice_thickess 2.0...               
[INFO] Processing /ssd/share/SPGC-COVID/DICOM/Normal subjects/normal053 - normal053
[INFO] Total/Ignore/Reserved 152/0/152 CTAs, slice_thickess 2.0...               
[INFO] Processing /ssd/share/SPGC-COVID/DICOM/Normal subjects/normal065 - normal065
[INFO] Total/Ignore/Reserved 163/0/163 CTAs, slice_thickess 2.0...               
[INFO] Processing /ssd/share/SPGC-COVID-TEST/DICOM/T1-004 - T1-004
[INFO] Total/Ignore/Reserved 129/0/129 CTAs, slice_thickess 2.0...               
	[SUBINFO] lung images' shape: (258, 512, 512)
[INFO] Processing /ssd/share/SPGC-COVID-TEST/DICOM/T1-014 - T1-014
[INFO] Total/Ignore/Reserved 144/0/144 CTAs, slice_thickess 2.0...               
	[SUBINFO] lung images' shape: (288, 512, 512)
[INFO] Processing /ssd/share/SPGC-COVID-TEST/DICOM/T1-026 - T1-026
[INFO] Total/Ignore/Reserved 132/0/132 CTAs, slice_thickess 2.0...               
	[SUBINFO] lung images' shape: (264, 512, 512)
[INFO] Processing /ssd/share/SPGC-COVID-TEST/DICOM/T3-007 - T3-007
[INFO] Total/Ignore/Reserved 131/0/131 CTAs, slice_thickess 2.0...               
	[SUBINFO] lung images' shape: (262, 512, 512)
[INFO] Processing /ssd/share/SPGC-COVID-TEST/DICOM/T3-019 - T3-019
[INFO] Total/Ignore/Reserved 149/0/149 CTAs, slice_thickess 2.0...               
	[SUBINFO] lung images' shape: (298, 512, 512)
[INFO] Processing /ssd/share/SPGC-COVID/DICOM/Cap subjects/cap009 - cap009
[INFO] Total/Ignore/Reserved 190/0/190 CTAs, slice_thickess 2.0...               
[INFO] Processing /ssd/share/SPGC-COVID/DICOM/Cap subjects/cap024 - cap024
[INFO] Total/Ignore/Reserved 151/0/151 CTAs, slice_thickess 2.0...               
[INFO] Processing /ssd/share/SPGC-COVID/DICOM/Cap subjects/cap034 - cap034
[INFO] Total/Ignore/Reserved 144/0/144 CTAs, slice_thickess 2.0...               
[INFO] Processing /ssd/share/SPGC-COVID/DICOM/Cap subjects/cap044 - cap044
[INFO] Total/Ignore/Reserved 120/0/120 CTAs, slice_thickess 2.0...               
[INFO] Processing /ssd/share/SPGC-COVID/DICOM/Cap subjects/cap052 - cap052
[INFO] Total/Ignore/Reserved 162/0/162 CTAs, slice_thickess 2.0...               
[INFO] Processing /ssd/share/SPGC-COVID/DICOM/COVID-19 subjects/P005 - P005
[INFO] Total/Ignore/Reserved 144/0/144 CTAs, slice_thickess 2.0...               
[INFO] Processing /ssd/share/SPGC-COVID/DICOM/COVID-19 subjects/P016 - P016
[INFO] Total/Ignore/Reserved 166/0/166 CTAs, slice_thickess 2.0...               
[INFO] Processing /ssd/share/SPGC-COVID/DICOM/COVID-19 subjects/P030 - P030
[INFO] Total/Ignore/Reserved 142/0/142 CTAs, slice_thickess 2.0...               
[INFO] Processing /ssd/share/SPGC-COVID/DICOM/COVID-19 subjects/P043 - P043
[INFO] Total/Ignore/Reserved 148/0/148 CTAs, slice_thickess 2.0...               
[INFO] Processing /ssd/share/SPGC-COVID/DICOM/COVID-19 subjects/P054 - P054
[INFO] Total/Ignore/Reserved 167/0/167 CTAs, slice_thickess 2.0...               
[INFO] Processing /ssd/share/SPGC-COVID/DICOM/COVID-19 subjects/P068 - P068
[INFO] Total/Ignore/Reserved 140/0/140 CTAs, slice_thickess 2.0...               
[INFO] Processing /ssd/share/SPGC-COVID/DICOM/COVID-19 subjects/P079 - P079
[INFO] Total/Ignore/Reserved 127/0/127 CTAs, slice_thickess 2.0...               
[INFO] Processing /ssd/share/SPGC-COVID/DICOM/COVID-19 subjects/P089 - P089
[INFO] Total/Ignore/Reserved 138/0/138 CTAs, slice_thickess 2.0...               
[INFO] Processing /ssd/share/SPGC-COVID/DICOM/COVID-19 subjects/P100 - P100
[INFO] Total/Ignore/Reserved 167/0/167 CTAs, slice_thickess 2.0...               
[INFO] Processing /ssd/share/SPGC-COVID/DICOM/COVID-19 subjects/P112 - P112
[INFO] Total/Ignore/Reserved 165/0/165 CTAs, slice_thickess 2.0...               
[INFO] Processing /ssd/share/SPGC-COVID/DICOM/COVID-19 subjects/P127 - P127
[INFO] Total/Ignore/Reserved 149/0/149 CTAs, slice_thickess 2.0...               
[INFO] Processing /ssd/share/SPGC-COVID/DICOM/COVID-19 subjects/P139 - P139
[INFO] Total/Ignore/Reserved 151/0/151 CTAs, slice_thickess 2.0...               
[INFO] Processing /ssd/share/SPGC-COVID/DICOM/COVID-19 subjects/P151 - P151
[INFO] Total/Ignore/Reserved 150/0/150 CTAs, slice_thickess 2.0...               
[INFO] Processing /ssd/share/SPGC-COVID/DICOM/COVID-19 subjects/P164 - P164
[INFO] Total/Ignore/Reserved 184/0/184 CTAs, slice_thickess 2.0...               
[INFO] Processing /ssd/share/SPGC-COVID/DICOM/Normal subjects/normal006 - normal006
[INFO] Total/Ignore/Reserved 144/0/144 CTAs, slice_thickess 2.0...               
[INFO] Processing /ssd/share/SPGC-COVID/DICOM/Normal subjects/normal018 - normal018
[INFO] Total/Ignore/Reserved 136/0/136 CTAs, slice_thickess 2.0...               
[INFO] Processing /ssd/share/SPGC-COVID/DICOM/Normal subjects/normal029 - normal029
[INFO] Total/Ignore/Reserved 137/0/137 CTAs, slice_thickess 2.0...               
[INFO] Processing /ssd/share/SPGC-COVID/DICOM/Normal subjects/normal042 - normal042
[INFO] Total/Ignore/Reserved 129/0/129 CTAs, slice_thickess 2.0...               
[INFO] Processing /ssd/share/SPGC-COVID/DICOM/Normal subjects/normal051 - normal051
[INFO] Total/Ignore/Reserved 160/0/160 CTAs, slice_thickess 2.0...               
[INFO] Processing /ssd/share/SPGC-COVID/DICOM/Normal subjects/normal063 - normal063
[INFO] Total/Ignore/Reserved 123/0/123 CTAs, slice_thickess 2.0...               
[INFO] Processing /ssd/share/SPGC-COVID/DICOM/Normal subjects/normal073 - normal073
[INFO] Total/Ignore/Reserved 136/0/136 CTAs, slice_thickess 2.0...               
[INFO] Processing /ssd/share/SPGC-COVID-TEST/DICOM/T1-009 - T1-009
[INFO] Total/Ignore/Reserved 146/0/146 CTAs, slice_thickess 2.0...               
	[SUBINFO] lung images' shape: (292, 512, 512)
[INFO] Processing /ssd/share/SPGC-COVID-TEST/DICOM/T1-021 - T1-021
[INFO] Total/Ignore/Reserved 133/0/133 CTAs, slice_thickess 2.0...               
	[SUBINFO] lung images' shape: (266, 512, 512)
[INFO] Processing /ssd/share/SPGC-COVID-TEST/DICOM/T1-029 - T1-029
[INFO] Total/Ignore/Reserved 128/0/128 CTAs, slice_thickess 2.0...               
	[SUBINFO] lung images' shape: (256, 512, 512)
[INFO] Processing /ssd/share/SPGC-COVID-TEST/DICOM/T3-008 - T3-008
[INFO] Total/Ignore/Reserved 141/0/141 CTAs, slice_thickess 2.0...               
	[SUBINFO] lung images' shape: (282, 512, 512)
[INFO] Processing /ssd/share/SPGC-COVID-TEST/DICOM/T3-022 - T3-022
[INFO] Total/Ignore/Reserved 142/0/142 CTAs, slice_thickess 2.0...               
	[SUBINFO] lung images' shape: (284, 512, 512)
[INFO] Processing /ssd/share/SPGC-COVID/DICOM/Cap subjects/cap008 - cap008
[INFO] Total/Ignore/Reserved 171/0/171 CTAs, slice_thickess 2.0...               
[INFO] Processing /ssd/share/SPGC-COVID/DICOM/Cap subjects/cap020 - cap020
[INFO] Total/Ignore/Reserved 133/0/133 CTAs, slice_thickess 2.0...               
[INFO] Processing /ssd/share/SPGC-COVID/DICOM/Cap subjects/cap031 - cap031
[INFO] Total/Ignore/Reserved 172/0/172 CTAs, slice_thickess 2.0...               
[INFO] Processing /ssd/share/SPGC-COVID/DICOM/Cap subjects/cap043 - cap043
[INFO] Total/Ignore/Reserved 155/0/155 CTAs, slice_thickess 2.0...               
[INFO] Processing /ssd/share/SPGC-COVID/DICOM/Cap subjects/cap056 - cap056
[INFO] Total/Ignore/Reserved 121/0/121 CTAs, slice_thickess 2.0...               
[INFO] Processing /ssd/share/SPGC-COVID/DICOM/COVID-19 subjects/P002 - P002
[INFO] Total/Ignore/Reserved 133/0/133 CTAs, slice_thickess 2.0...               
[INFO] Processing /ssd/share/SPGC-COVID/DICOM/COVID-19 subjects/P013 - P013
[INFO] Total/Ignore/Reserved 171/0/171 CTAs, slice_thickess 2.0...               
[INFO] Processing /ssd/share/SPGC-COVID/DICOM/COVID-19 subjects/P028 - P028
[INFO] Total/Ignore/Reserved 135/0/135 CTAs, slice_thickess 2.0...               
[INFO] Processing /ssd/share/SPGC-COVID/DICOM/COVID-19 subjects/P038 - P038
[INFO] Total/Ignore/Reserved 137/0/137 CTAs, slice_thickess 2.0...               
[INFO] Processing /ssd/share/SPGC-COVID/DICOM/COVID-19 subjects/P050 - P050
[INFO] Total/Ignore/Reserved 163/0/163 CTAs, slice_thickess 2.0...               
[INFO] Processing /ssd/share/SPGC-COVID/DICOM/COVID-19 subjects/P062 - P062
[INFO] Total/Ignore/Reserved 135/0/135 CTAs, slice_thickess 2.0...               
[INFO] Processing /ssd/share/SPGC-COVID/DICOM/COVID-19 subjects/P074 - P074
[INFO] Total/Ignore/Reserved 144/0/144 CTAs, slice_thickess 2.0...               
[INFO] Processing /ssd/share/SPGC-COVID/DICOM/COVID-19 subjects/P087 - P087
[INFO] Total/Ignore/Reserved 142/0/142 CTAs, slice_thickess 2.0...               
[INFO] Processing /ssd/share/SPGC-COVID/DICOM/COVID-19 subjects/P097 - P097
[INFO] Total/Ignore/Reserved 143/0/143 CTAs, slice_thickess 2.0...               
[INFO] Processing /ssd/share/SPGC-COVID/DICOM/COVID-19 subjects/P109 - P109
[INFO] Total/Ignore/Reserved 153/0/153 CTAs, slice_thickess 2.0...               
[INFO] Processing /ssd/share/SPGC-COVID/DICOM/COVID-19 subjects/P121 - P121
[INFO] Total/Ignore/Reserved 145/0/145 CTAs, slice_thickess 2.0...               
[INFO] Processing /ssd/share/SPGC-COVID/DICOM/COVID-19 subjects/P131 - P131
[INFO] Total/Ignore/Reserved 164/0/164 CTAs, slice_thickess 2.0...               
[INFO] Processing /ssd/share/SPGC-COVID/DICOM/COVID-19 subjects/P146 - P146
[INFO] Total/Ignore/Reserved 136/0/136 CTAs, slice_thickess 2.0...               
[INFO] Processing /ssd/share/SPGC-COVID/DICOM/COVID-19 subjects/P157 - P157
[INFO] Total/Ignore/Reserved 147/0/147 CTAs, slice_thickess 2.0...               
[INFO] Processing /ssd/share/SPGC-COVID/DICOM/COVID-19 subjects/P170 - P170
[INFO] Total/Ignore/Reserved 148/0/148 CTAs, slice_thickess 2.0...               
[INFO] Processing /ssd/share/SPGC-COVID/DICOM/Normal subjects/normal012 - normal012
[INFO] Total/Ignore/Reserved 160/0/160 CTAs, slice_thickess 2.0...               
[INFO] Processing /ssd/share/SPGC-COVID/DICOM/Normal subjects/normal024 - normal024
[INFO] Total/Ignore/Reserved 167/0/167 CTAs, slice_thickess 2.0...               
[INFO] Processing /ssd/share/SPGC-COVID/DICOM/Normal subjects/normal037 - normal037
[INFO] Total/Ignore/Reserved 148/0/148 CTAs, slice_thickess 2.0...               
[INFO] Processing /ssd/share/SPGC-COVID/DICOM/Normal subjects/normal048 - normal048
[INFO] Total/Ignore/Reserved 168/0/168 CTAs, slice_thickess 2.0...               
[INFO] Processing /ssd/share/SPGC-COVID/DICOM/Normal subjects/normal061 - normal061
[INFO] Total/Ignore/Reserved 112/0/112 CTAs, slice_thickess 2.0...               
[INFO] Processing /ssd/share/SPGC-COVID/DICOM/Normal subjects/normal072 - normal072
[INFO] Total/Ignore/Reserved 152/0/152 CTAs, slice_thickess 2.0...               
[INFO] Processing /ssd/share/SPGC-COVID-TEST/DICOM/T1-008 - T1-008
[INFO] Total/Ignore/Reserved 131/0/131 CTAs, slice_thickess 2.0...               
	[SUBINFO] lung images' shape: (262, 512, 512)
[INFO] Processing /ssd/share/SPGC-COVID-TEST/DICOM/T1-015 - T1-015
[INFO] Total/Ignore/Reserved 143/0/143 CTAs, slice_thickess 2.0...               
	[SUBINFO] lung images' shape: (286, 512, 512)
[INFO] Processing /ssd/share/SPGC-COVID-TEST/DICOM/T1-027 - T1-027
[INFO] Total/Ignore/Reserved 137/0/137 CTAs, slice_thickess 2.0...               
	[SUBINFO] lung images' shape: (274, 512, 512)
[INFO] Processing /ssd/share/SPGC-COVID-TEST/DICOM/T3-009 - T3-009
[INFO] Total/Ignore/Reserved 139/0/139 CTAs, slice_thickess 2.0...               
	[SUBINFO] lung images' shape: (278, 512, 512)
[INFO] Processing /ssd/share/SPGC-COVID-TEST/DICOM/T3-021 - T3-021
[INFO] Total/Ignore/Reserved 150/0/150 CTAs, slice_thickess 2.0...               
	[SUBINFO] lung images' shape: (300, 512, 512)
[INFO] Processing /ssd/share/SPGC-COVID/DICOM/Cap subjects/cap006 - cap006
[INFO] Total/Ignore/Reserved 157/0/157 CTAs, slice_thickess 2.0...               
[INFO] Processing /ssd/share/SPGC-COVID/DICOM/Cap subjects/cap017 - cap017
[INFO] Total/Ignore/Reserved 137/0/137 CTAs, slice_thickess 2.0...               
[INFO] Processing /ssd/share/SPGC-COVID/DICOM/Cap subjects/cap029 - cap029
[INFO] Total/Ignore/Reserved 251/0/251 CTAs, slice_thickess 2.0...               
[INFO] Processing /ssd/share/SPGC-COVID/DICOM/Cap subjects/cap047 - cap047
[INFO] Total/Ignore/Reserved 165/0/165 CTAs, slice_thickess 2.0...               
[INFO] Processing /ssd/share/SPGC-COVID/DICOM/COVID-19 subjects/P001 - P001
[INFO] Total/Ignore/Reserved 148/0/148 CTAs, slice_thickess 2.0...               
[INFO] Processing /ssd/share/SPGC-COVID/DICOM/COVID-19 subjects/P014 - P014
[INFO] Total/Ignore/Reserved 142/0/142 CTAs, slice_thickess 2.0...               
[INFO] Processing /ssd/share/SPGC-COVID/DICOM/COVID-19 subjects/P024 - P024
[INFO] Total/Ignore/Reserved 136/0/136 CTAs, slice_thickess 2.0...               
[INFO] Processing /ssd/share/SPGC-COVID/DICOM/COVID-19 subjects/P036 - P036
[INFO] Total/Ignore/Reserved 147/0/147 CTAs, slice_thickess 2.0...               
[INFO] Processing /ssd/share/SPGC-COVID/DICOM/COVID-19 subjects/P048 - P048
[INFO] Total/Ignore/Reserved 177/0/177 CTAs, slice_thickess 2.0...               
[INFO] Processing /ssd/share/SPGC-COVID/DICOM/COVID-19 subjects/P061 - P061
[INFO] Total/Ignore/Reserved 137/0/137 CTAs, slice_thickess 2.0...               
[INFO] Processing /ssd/share/SPGC-COVID/DICOM/COVID-19 subjects/P073 - P073
[INFO] Total/Ignore/Reserved 148/0/148 CTAs, slice_thickess 2.0...               
[INFO] Processing /ssd/share/SPGC-COVID/DICOM/COVID-19 subjects/P083 - P083
[INFO] Total/Ignore/Reserved 134/0/134 CTAs, slice_thickess 2.0...               
[INFO] Processing /ssd/share/SPGC-COVID/DICOM/COVID-19 subjects/P095 - P095
[INFO] Total/Ignore/Reserved 154/0/154 CTAs, slice_thickess 2.0...               
[INFO] Processing /ssd/share/SPGC-COVID/DICOM/COVID-19 subjects/P108 - P108
[INFO] Total/Ignore/Reserved 147/0/147 CTAs, slice_thickess 2.0...               
[INFO] Processing /ssd/share/SPGC-COVID/DICOM/COVID-19 subjects/P120 - P120
[INFO] Total/Ignore/Reserved 159/0/159 CTAs, slice_thickess 2.0...               
[INFO] Processing /ssd/share/SPGC-COVID/DICOM/COVID-19 subjects/P135 - P135
[INFO] Total/Ignore/Reserved 142/0/142 CTAs, slice_thickess 2.0...               
[INFO] Processing /ssd/share/SPGC-COVID/DICOM/COVID-19 subjects/P145 - P145
[INFO] Total/Ignore/Reserved 133/0/133 CTAs, slice_thickess 2.0...               
[INFO] Processing /ssd/share/SPGC-COVID/DICOM/COVID-19 subjects/P156 - P156
[INFO] Total/Ignore/Reserved 136/0/136 CTAs, slice_thickess 2.0...               
[INFO] Processing /ssd/share/SPGC-COVID/DICOM/COVID-19 subjects/P166 - P166
[INFO] Total/Ignore/Reserved 137/0/137 CTAs, slice_thickess 2.0...               
[INFO] Processing /ssd/share/SPGC-COVID/DICOM/Normal subjects/normal007 - normal007
[INFO] Total/Ignore/Reserved 142/0/142 CTAs, slice_thickess 2.0...               
[INFO] Processing /ssd/share/SPGC-COVID/DICOM/Normal subjects/normal019 - normal019
[INFO] Total/Ignore/Reserved 133/0/133 CTAs, slice_thickess 2.0...               
[INFO] Processing /ssd/share/SPGC-COVID/DICOM/Normal subjects/normal030 - normal030
[INFO] Total/Ignore/Reserved 130/0/130 CTAs, slice_thickess 2.0...               
[INFO] Processing /ssd/share/SPGC-COVID/DICOM/Normal subjects/normal041 - normal041
[INFO] Total/Ignore/Reserved 151/0/151 CTAs, slice_thickess 2.0...               
[INFO] Processing /ssd/share/SPGC-COVID/DICOM/Normal subjects/normal054 - normal054
[INFO] Total/Ignore/Reserved 164/0/164 CTAs, slice_thickess 2.0...               
[INFO] Processing /ssd/share/SPGC-COVID/DICOM/Normal subjects/normal068 - normal068
[INFO] Total/Ignore/Reserved 132/0/132 CTAs, slice_thickess 2.0...               
[INFO] Processing /ssd/share/SPGC-COVID/DICOM/Normal subjects/normal076 - normal076
[INFO] Total/Ignore/Reserved 171/0/171 CTAs, slice_thickess 2.0...               
[INFO] Processing /ssd/share/SPGC-COVID-TEST/DICOM/T1-012 - T1-012
[INFO] Total/Ignore/Reserved 138/0/138 CTAs, slice_thickess 2.0...               
	[SUBINFO] lung images' shape: (276, 512, 512)
[INFO] Processing /ssd/share/SPGC-COVID-TEST/DICOM/T1-019 - T1-019
[INFO] Total/Ignore/Reserved 127/0/127 CTAs, slice_thickess 2.0...               
	[SUBINFO] lung images' shape: (254, 512, 512)
[INFO] Processing /ssd/share/SPGC-COVID-TEST/DICOM/T1-025 - T1-025
[INFO] Total/Ignore/Reserved 148/0/148 CTAs, slice_thickess 2.0...               
	[SUBINFO] lung images' shape: (296, 512, 512)
[INFO] Processing /ssd/share/SPGC-COVID-TEST/DICOM/T3-011 - T3-011
[INFO] Total/Ignore/Reserved 157/0/157 CTAs, slice_thickess 2.0...               
	[SUBINFO] lung images' shape: (314, 512, 512)
[INFO] Processing /ssd/share/SPGC-COVID-TEST/DICOM/T3-024 - T3-024
[INFO] Total/Ignore/Reserved 132/0/132 CTAs, slice_thickess 2.0...               
	[SUBINFO] lung images' shape: (264, 512, 512)
[INFO] Processing /ssd/share/SPGC-COVID/DICOM/Cap subjects/cap012 - cap012
[INFO] Total/Ignore/Reserved 187/0/187 CTAs, slice_thickess 2.0...               
[INFO] Processing /ssd/share/SPGC-COVID/DICOM/Cap subjects/cap023 - cap023
[INFO] Total/Ignore/Reserved 186/0/186 CTAs, slice_thickess 2.0...               
[INFO] Processing /ssd/share/SPGC-COVID/DICOM/Cap subjects/cap036 - cap036
[INFO] Total/Ignore/Reserved 136/0/136 CTAs, slice_thickess 2.0...               
[INFO] Processing /ssd/share/SPGC-COVID/DICOM/Cap subjects/cap045 - cap045
[INFO] Total/Ignore/Reserved 154/0/154 CTAs, slice_thickess 2.0...               
[INFO] Processing /ssd/share/SPGC-COVID/DICOM/Cap subjects/cap058 - cap058
[INFO] Total/Ignore/Reserved 152/0/152 CTAs, slice_thickess 2.0...               
[INFO] Processing /ssd/share/SPGC-COVID/DICOM/COVID-19 subjects/P010 - P010
[INFO] Total/Ignore/Reserved 138/0/138 CTAs, slice_thickess 2.0...               
[INFO] Processing /ssd/share/SPGC-COVID/DICOM/COVID-19 subjects/P021 - P021
[INFO] Total/Ignore/Reserved 163/0/163 CTAs, slice_thickess 2.0...               
[INFO] Processing /ssd/share/SPGC-COVID/DICOM/COVID-19 subjects/P034 - P034
[INFO] Total/Ignore/Reserved 160/0/160 CTAs, slice_thickess 2.0...               
[INFO] Processing /ssd/share/SPGC-COVID/DICOM/COVID-19 subjects/P046 - P046
[INFO] Total/Ignore/Reserved 144/0/144 CTAs, slice_thickess 2.0...               
[INFO] Processing /ssd/share/SPGC-COVID/DICOM/COVID-19 subjects/P058 - P058
[INFO] Total/Ignore/Reserved 150/0/150 CTAs, slice_thickess 2.0...               
[INFO] Processing /ssd/share/SPGC-COVID/DICOM/COVID-19 subjects/P069 - P069
[INFO] Total/Ignore/Reserved 146/0/146 CTAs, slice_thickess 2.0...               
[INFO] Processing /ssd/share/SPGC-COVID/DICOM/COVID-19 subjects/P081 - P081
[INFO] Total/Ignore/Reserved 186/0/186 CTAs, slice_thickess 2.0...               
[INFO] Processing /ssd/share/SPGC-COVID/DICOM/COVID-19 subjects/P094 - P094
[INFO] Total/Ignore/Reserved 156/0/156 CTAs, slice_thickess 2.0...               
[INFO] Processing /ssd/share/SPGC-COVID/DICOM/COVID-19 subjects/P106 - P106
[INFO] Total/Ignore/Reserved 139/0/139 CTAs, slice_thickess 2.0...               
[INFO] Processing /ssd/share/SPGC-COVID/DICOM/COVID-19 subjects/P117 - P117
[INFO] Total/Ignore/Reserved 155/0/155 CTAs, slice_thickess 2.0...               
[INFO] Processing /ssd/share/SPGC-COVID/DICOM/COVID-19 subjects/P130 - P130
[INFO] Total/Ignore/Reserved 128/0/128 CTAs, slice_thickess 2.0...               
[INFO] Processing /ssd/share/SPGC-COVID/DICOM/COVID-19 subjects/P141 - P141
[INFO] Total/Ignore/Reserved 158/0/158 CTAs, slice_thickess 2.0...               
[INFO] Processing /ssd/share/SPGC-COVID/DICOM/COVID-19 subjects/P154 - P154
[INFO] Total/Ignore/Reserved 134/0/134 CTAs, slice_thickess 2.0...               
[INFO] Processing /ssd/share/SPGC-COVID/DICOM/COVID-19 subjects/P165 - P165
[INFO] Total/Ignore/Reserved 128/0/128 CTAs, slice_thickess 2.0...               
[INFO] Processing /ssd/share/SPGC-COVID/DICOM/Normal subjects/normal005 - normal005
[INFO] Total/Ignore/Reserved 143/0/143 CTAs, slice_thickess 2.0...               
[INFO] Processing /ssd/share/SPGC-COVID/DICOM/Normal subjects/normal017 - normal017
[INFO] Total/Ignore/Reserved 177/0/177 CTAs, slice_thickess 2.0...               
[INFO] Processing /ssd/share/SPGC-COVID/DICOM/Normal subjects/normal031 - normal031
[INFO] Total/Ignore/Reserved 166/0/166 CTAs, slice_thickess 2.0...               
[INFO] Processing /ssd/share/SPGC-COVID/DICOM/Normal subjects/normal044 - normal044
[INFO] Total/Ignore/Reserved 150/0/150 CTAs, slice_thickess 2.0...               
[INFO] Processing /ssd/share/SPGC-COVID/DICOM/Normal subjects/normal058 - normal058
[INFO] Total/Ignore/Reserved 145/0/145 CTAs, slice_thickess 2.0...               
[INFO] Processing /ssd/share/SPGC-COVID/DICOM/Normal subjects/normal069 - normal069
[INFO] Total/Ignore/Reserved 173/0/173 CTAs, slice_thickess 2.0...               
[INFO] Processing /ssd/share/SPGC-COVID-TEST/DICOM/T1-005 - T1-005
[INFO] Total/Ignore/Reserved 138/0/138 CTAs, slice_thickess 2.0...               
	[SUBINFO] lung images' shape: (276, 512, 512)
[INFO] Processing /ssd/share/SPGC-COVID-TEST/DICOM/T1-018 - T1-018
[INFO] Total/Ignore/Reserved 146/0/146 CTAs, slice_thickess 2.0...               
	[SUBINFO] lung images' shape: (292, 512, 512)
[INFO] Processing /ssd/share/SPGC-COVID-TEST/DICOM/T1-030 - T1-030
[INFO] Total/Ignore/Reserved 143/0/143 CTAs, slice_thickess 2.0...               
	[SUBINFO] lung images' shape: (286, 512, 512)
[INFO] Processing /ssd/share/SPGC-COVID-TEST/DICOM/T3-013 - T3-013
[INFO] Total/Ignore/Reserved 155/0/155 CTAs, slice_thickess 2.0...               
	[SUBINFO] lung images' shape: (310, 512, 512)
[INFO] Processing /ssd/share/SPGC-COVID-TEST/DICOM/T3-025 - T3-025
[INFO] Total/Ignore/Reserved 152/0/152 CTAs, slice_thickess 2.0...               
	[SUBINFO] lung images' shape: (304, 512, 512)
[INFO] Processing /ssd/share/SPGC-COVID/DICOM/Cap subjects/cap004 - cap004
[INFO] Total/Ignore/Reserved 181/0/181 CTAs, slice_thickess 2.0...               
[INFO] Processing /ssd/share/SPGC-COVID/DICOM/Cap subjects/cap022 - cap022
[INFO] Total/Ignore/Reserved 164/0/164 CTAs, slice_thickess 2.0...               
[INFO] Processing /ssd/share/SPGC-COVID/DICOM/Cap subjects/cap035 - cap035
[INFO] Total/Ignore/Reserved 170/0/170 CTAs, slice_thickess 2.0...               
[INFO] Processing /ssd/share/SPGC-COVID/DICOM/Cap subjects/cap046 - cap046
[INFO] Total/Ignore/Reserved 108/0/108 CTAs, slice_thickess 2.0...               
[INFO] Processing /ssd/share/SPGC-COVID/DICOM/Cap subjects/cap055 - cap055
[INFO] Total/Ignore/Reserved 148/0/148 CTAs, slice_thickess 2.0...               
[INFO] Processing /ssd/share/SPGC-COVID/DICOM/COVID-19 subjects/P008 - P008
[INFO] Total/Ignore/Reserved 159/0/159 CTAs, slice_thickess 2.0...               
[INFO] Processing /ssd/share/SPGC-COVID/DICOM/COVID-19 subjects/P020 - P020
[INFO] Total/Ignore/Reserved 128/0/128 CTAs, slice_thickess 2.0...               
[INFO] Processing /ssd/share/SPGC-COVID/DICOM/COVID-19 subjects/P029 - P029
[INFO] Total/Ignore/Reserved 131/0/131 CTAs, slice_thickess 2.0...               
[INFO] Processing /ssd/share/SPGC-COVID/DICOM/COVID-19 subjects/P041 - P041
[INFO] Total/Ignore/Reserved 146/0/146 CTAs, slice_thickess 2.0...               
[INFO] Processing /ssd/share/SPGC-COVID/DICOM/COVID-19 subjects/P053 - P053
[INFO] Total/Ignore/Reserved 159/0/159 CTAs, slice_thickess 2.0...               
[INFO] Processing /ssd/share/SPGC-COVID/DICOM/COVID-19 subjects/P065 - P065
[INFO] Total/Ignore/Reserved 155/0/155 CTAs, slice_thickess 2.0...               
[INFO] Processing /ssd/share/SPGC-COVID/DICOM/COVID-19 subjects/P080 - P080
[INFO] Total/Ignore/Reserved 173/0/173 CTAs, slice_thickess 2.0...               
[INFO] Processing /ssd/share/SPGC-COVID/DICOM/COVID-19 subjects/P092 - P092
[INFO] Total/Ignore/Reserved 148/0/148 CTAs, slice_thickess 2.0...               
[INFO] Processing /ssd/share/SPGC-COVID/DICOM/COVID-19 subjects/P104 - P104
[INFO] Total/Ignore/Reserved 149/0/149 CTAs, slice_thickess 2.0...               
[INFO] Processing /ssd/share/SPGC-COVID/DICOM/COVID-19 subjects/P116 - P116
[INFO] Total/Ignore/Reserved 142/0/142 CTAs, slice_thickess 2.0...               
[INFO] Processing /ssd/share/SPGC-COVID/DICOM/COVID-19 subjects/P128 - P128
[INFO] Total/Ignore/Reserved 148/0/148 CTAs, slice_thickess 2.0...               
[INFO] Processing /ssd/share/SPGC-COVID/DICOM/COVID-19 subjects/P140 - P140
[INFO] Total/Ignore/Reserved 142/0/142 CTAs, slice_thickess 2.0...               
[INFO] Processing /ssd/share/SPGC-COVID/DICOM/COVID-19 subjects/P152 - P152
[INFO] Total/Ignore/Reserved 123/0/123 CTAs, slice_thickess 2.0...               
[INFO] Processing /ssd/share/SPGC-COVID/DICOM/COVID-19 subjects/P163 - P163
[INFO] Total/Ignore/Reserved 139/0/139 CTAs, slice_thickess 2.0...               
[INFO] Processing /ssd/share/SPGC-COVID/DICOM/Normal subjects/normal003 - normal003
[INFO] Total/Ignore/Reserved 169/0/169 CTAs, slice_thickess 2.0...               
[INFO] Processing /ssd/share/SPGC-COVID/DICOM/Normal subjects/normal016 - normal016
[INFO] Total/Ignore/Reserved 124/0/124 CTAs, slice_thickess 2.0...               
[INFO] Processing /ssd/share/SPGC-COVID/DICOM/Normal subjects/normal026 - normal026
[INFO] Total/Ignore/Reserved 147/0/147 CTAs, slice_thickess 2.0...               
[INFO] Processing /ssd/share/SPGC-COVID/DICOM/Normal subjects/normal038 - normal038
[INFO] Total/Ignore/Reserved 185/0/185 CTAs, slice_thickess 2.0...               
[INFO] Processing /ssd/share/SPGC-COVID/DICOM/Normal subjects/normal052 - normal052
[INFO] Total/Ignore/Reserved 142/0/142 CTAs, slice_thickess 2.0...               
[INFO] Processing /ssd/share/SPGC-COVID/DICOM/Normal subjects/normal062 - normal062
[INFO] Total/Ignore/Reserved 142/0/142 CTAs, slice_thickess 2.0...               
[INFO] Processing /ssd/share/SPGC-COVID/DICOM/Normal subjects/normal074 - normal074
[INFO] Total/Ignore/Reserved 134/0/134 CTAs, slice_thickess 2.0...               
[INFO] Processing /ssd/share/SPGC-COVID-TEST/DICOM/T1-010 - T1-010
[INFO] Total/Ignore/Reserved 133/0/133 CTAs, slice_thickess 2.0...               
	[SUBINFO] lung images' shape: (266, 512, 512)
[INFO] Processing /ssd/share/SPGC-COVID-TEST/DICOM/T1-016 - T1-016
[INFO] Total/Ignore/Reserved 139/0/139 CTAs, slice_thickess 2.0...               
	[SUBINFO] lung images' shape: (278, 512, 512)
[INFO] Processing /ssd/share/SPGC-COVID-TEST/DICOM/T1-028 - T1-028
[INFO] Total/Ignore/Reserved 135/0/135 CTAs, slice_thickess 2.0...               
	[SUBINFO] lung images' shape: (270, 512, 512)
[INFO] Processing /ssd/share/SPGC-COVID-TEST/DICOM/T3-010 - T3-010
[INFO] Total/Ignore/Reserved 132/0/132 CTAs, slice_thickess 2.0...               
	[SUBINFO] lung images' shape: (264, 512, 512)
[INFO] Processing /ssd/share/SPGC-COVID-TEST/DICOM/T3-020 - T3-020
[INFO] Total/Ignore/Reserved 167/0/167 CTAs, slice_thickess 2.0...               
	[SUBINFO] lung images' shape: (334, 512, 512)
[INFO] Processing /ssd/share/SPGC-COVID/DICOM/Cap subjects/cap003 - cap003
[INFO] Total/Ignore/Reserved 134/0/134 CTAs, slice_thickess 2.0...               
[INFO] Processing /ssd/share/SPGC-COVID/DICOM/Cap subjects/cap015 - cap015
[INFO] Total/Ignore/Reserved 151/0/151 CTAs, slice_thickess 2.0...               
[INFO] Processing /ssd/share/SPGC-COVID/DICOM/Cap subjects/cap026 - cap026
[INFO] Processing /ssd/share/SPGC-COVID/DICOM/Cap subjects/cap037 - cap037
[INFO] Total/Ignore/Reserved 157/0/157 CTAs, slice_thickess 2.0...               
[INFO] Processing /ssd/share/SPGC-COVID/DICOM/Cap subjects/cap049 - cap049
[INFO] Total/Ignore/Reserved 140/0/140 CTAs, slice_thickess 2.0...               
[INFO] Processing /ssd/share/SPGC-COVID/DICOM/Cap subjects/cap059 - cap059
[INFO] Total/Ignore/Reserved 145/0/145 CTAs, slice_thickess 2.0...               
[INFO] Processing /ssd/share/SPGC-COVID/DICOM/COVID-19 subjects/P012 - P012
[INFO] Total/Ignore/Reserved 165/0/165 CTAs, slice_thickess 2.0...               
[INFO] Processing /ssd/share/SPGC-COVID/DICOM/COVID-19 subjects/P026 - P026
[INFO] Total/Ignore/Reserved 152/0/152 CTAs, slice_thickess 2.0...               
[INFO] Processing /ssd/share/SPGC-COVID/DICOM/COVID-19 subjects/P039 - P039
[INFO] Total/Ignore/Reserved 173/0/173 CTAs, slice_thickess 2.0...               
[INFO] Processing /ssd/share/SPGC-COVID/DICOM/COVID-19 subjects/P055 - P055
[INFO] Total/Ignore/Reserved 152/0/152 CTAs, slice_thickess 2.0...               
[INFO] Processing /ssd/share/SPGC-COVID/DICOM/COVID-19 subjects/P066 - P066
[INFO] Total/Ignore/Reserved 148/0/148 CTAs, slice_thickess 2.0...               
[INFO] Processing /ssd/share/SPGC-COVID/DICOM/COVID-19 subjects/P077 - P077
[INFO] Total/Ignore/Reserved 160/0/160 CTAs, slice_thickess 2.0...               
[INFO] Processing /ssd/share/SPGC-COVID/DICOM/COVID-19 subjects/P091 - P091
[INFO] Total/Ignore/Reserved 138/0/138 CTAs, slice_thickess 2.0...               
[INFO] Processing /ssd/share/SPGC-COVID/DICOM/COVID-19 subjects/P103 - P103
[INFO] Total/Ignore/Reserved 158/0/158 CTAs, slice_thickess 2.0...               
[INFO] Processing /ssd/share/SPGC-COVID/DICOM/COVID-19 subjects/P115 - P115
[INFO] Total/Ignore/Reserved 128/0/128 CTAs, slice_thickess 2.0...               
[INFO] Processing /ssd/share/SPGC-COVID/DICOM/COVID-19 subjects/P125 - P125
[INFO] Total/Ignore/Reserved 157/0/157 CTAs, slice_thickess 2.0...               
[INFO] Processing /ssd/share/SPGC-COVID/DICOM/COVID-19 subjects/P138 - P138
[INFO] Total/Ignore/Reserved 144/0/144 CTAs, slice_thickess 2.0...               
[INFO] Processing /ssd/share/SPGC-COVID/DICOM/COVID-19 subjects/P150 - P150
[INFO] Total/Ignore/Reserved 141/0/141 CTAs, slice_thickess 2.0...               
[INFO] Processing /ssd/share/SPGC-COVID/DICOM/COVID-19 subjects/P162 - P162
[INFO] Total/Ignore/Reserved 150/0/150 CTAs, slice_thickess 2.0...               
[INFO] Processing /ssd/share/SPGC-COVID/DICOM/Normal subjects/normal004 - normal004
[INFO] Total/Ignore/Reserved 128/0/128 CTAs, slice_thickess 2.0...               
[INFO] Processing /ssd/share/SPGC-COVID/DICOM/Normal subjects/normal014 - normal014
[INFO] Total/Ignore/Reserved 140/0/140 CTAs, slice_thickess 2.0...               
[INFO] Processing /ssd/share/SPGC-COVID/DICOM/Normal subjects/normal025 - normal025
[INFO] Total/Ignore/Reserved 156/0/156 CTAs, slice_thickess 2.0...               
[INFO] Processing /ssd/share/SPGC-COVID/DICOM/Normal subjects/normal036 - normal036
[INFO] Total/Ignore/Reserved 159/0/159 CTAs, slice_thickess 2.0...               
[INFO] Processing /ssd/share/SPGC-COVID/DICOM/Normal subjects/normal049 - normal049
[INFO] Total/Ignore/Reserved 162/0/162 CTAs, slice_thickess 2.0...               
[INFO] Processing /ssd/share/SPGC-COVID/DICOM/Normal subjects/normal060 - normal060
[INFO] Total/Ignore/Reserved 170/0/170 CTAs, slice_thickess 2.0...               
[INFO] Processing /ssd/share/SPGC-COVID/DICOM/Normal subjects/normal075 - normal075
[INFO] Total/Ignore/Reserved 159/0/159 CTAs, slice_thickess 2.0...               
[INFO] Processing /ssd/share/SPGC-COVID-TEST/DICOM/T1-011 - T1-011
[INFO] Total/Ignore/Reserved 135/0/135 CTAs, slice_thickess 2.0...               
	[SUBINFO] lung images' shape: (270, 512, 512)
[INFO] Processing /ssd/share/SPGC-COVID-TEST/DICOM/T1-017 - T1-017
[INFO] Total/Ignore/Reserved 150/0/150 CTAs, slice_thickess 2.0...               
	[SUBINFO] lung images' shape: (300, 512, 512)
[INFO] Processing /ssd/share/SPGC-COVID-TEST/DICOM/T2-007 - T2-007
[INFO] Total/Ignore/Reserved 174/0/174 CTAs, slice_thickess 1.5...               
[INFO] Processing /ssd/share/SPGC-COVID-TEST/DICOM/T2-010 - T2-010
[INFO] Total/Ignore/Reserved 159/0/159 CTAs, slice_thickess 1.5...               
[INFO] Processing /ssd/share/SPGC-COVID-TEST/DICOM/T2-013 - T2-013
[INFO] Total/Ignore/Reserved 165/0/165 CTAs, slice_thickess 1.5...               
[INFO] Processing /ssd/share/SPGC-COVID-TEST/DICOM/T2-018 - T2-018
[INFO] Total/Ignore/Reserved 188/0/188 CTAs, slice_thickess 1.5...               
[INFO] Processing /ssd/share/SPGC-COVID-TEST/DICOM/T2-022 - T2-022
[INFO] Total/Ignore/Reserved 137/0/137 CTAs, slice_thickess 1.5...               
[INFO] Processing /ssd/share/SPGC-COVID-TEST/DICOM/T2-024 - T2-024
[INFO] Total/Ignore/Reserved 72/0/72 CTAs, slice_thickess 5.0...               
[INFO] Processing /ssd/share/SPGC-COVID-TEST/DICOM/T2-027 - T2-027
[INFO] Total/Ignore/Reserved 85/0/85 CTAs, slice_thickess 3.0...               
[INFO] Processing /ssd/share/SPGC-COVID-TEST/DICOM/T2-029 - T2-029
[INFO] Total/Ignore/Reserved 175/0/175 CTAs, slice_thickess 1.5...               
[INFO] Processing /ssd/share/SPGC-COVID-TEST/DICOM/T3-001 - T3-001
[INFO] Total/Ignore/Reserved 121/0/121 CTAs, slice_thickess 2.0...               
	[SUBINFO] lung images' shape: (242, 512, 512)
[INFO] Processing /ssd/share/SPGC-COVID-TEST/DICOM/T3-012 - T3-012
[INFO] Total/Ignore/Reserved 147/0/147 CTAs, slice_thickess 2.0...               
	[SUBINFO] lung images' shape: (294, 512, 512)
[INFO] Processing /ssd/share/SPGC-COVID-TEST/DICOM/T3-023 - T3-023
[INFO] Total/Ignore/Reserved 149/0/149 CTAs, slice_thickess 2.0...               
	[SUBINFO] lung images' shape: (298, 512, 512)
[INFO] Processing /ssd/share/SPGC-COVID/DICOM/Cap subjects/cap007 - cap007
[INFO] Total/Ignore/Reserved 159/0/159 CTAs, slice_thickess 2.0...               
[INFO] Processing /ssd/share/SPGC-COVID/DICOM/Cap subjects/cap016 - cap016
[INFO] Total/Ignore/Reserved 130/0/130 CTAs, slice_thickess 2.0...               
[INFO] Processing /ssd/share/SPGC-COVID/DICOM/Cap subjects/cap027 - cap027
[INFO] Total/Ignore/Reserved 185/0/185 CTAs, slice_thickess 2.0...               
[INFO] Processing /ssd/share/SPGC-COVID/DICOM/Cap subjects/cap042 - cap042
[INFO] Total/Ignore/Reserved 142/0/142 CTAs, slice_thickess 2.0...               
[INFO] Processing /ssd/share/SPGC-COVID/DICOM/Cap subjects/cap053 - cap053
[INFO] Total/Ignore/Reserved 164/0/164 CTAs, slice_thickess 2.0...               
[INFO] Processing /ssd/share/SPGC-COVID/DICOM/COVID-19 subjects/P007 - P007
[INFO] Total/Ignore/Reserved 151/0/151 CTAs, slice_thickess 2.0...               
[INFO] Processing /ssd/share/SPGC-COVID/DICOM/COVID-19 subjects/P018 - P018
[INFO] Total/Ignore/Reserved 157/0/157 CTAs, slice_thickess 2.0...               
[INFO] Processing /ssd/share/SPGC-COVID/DICOM/COVID-19 subjects/P031 - P031
[INFO] Total/Ignore/Reserved 153/0/153 CTAs, slice_thickess 2.0...               
[INFO] Processing /ssd/share/SPGC-COVID/DICOM/COVID-19 subjects/P044 - P044
[INFO] Total/Ignore/Reserved 145/0/145 CTAs, slice_thickess 2.0...               
[INFO] Processing /ssd/share/SPGC-COVID/DICOM/COVID-19 subjects/P056 - P056
[INFO] Total/Ignore/Reserved 148/0/148 CTAs, slice_thickess 2.0...               
[INFO] Processing /ssd/share/SPGC-COVID/DICOM/COVID-19 subjects/P067 - P067
[INFO] Total/Ignore/Reserved 138/0/138 CTAs, slice_thickess 2.0...               
[INFO] Processing /ssd/share/SPGC-COVID/DICOM/COVID-19 subjects/P078 - P078
[INFO] Total/Ignore/Reserved 140/0/140 CTAs, slice_thickess 2.0...               
[INFO] Processing /ssd/share/SPGC-COVID/DICOM/COVID-19 subjects/P090 - P090
[INFO] Total/Ignore/Reserved 153/0/153 CTAs, slice_thickess 2.0...               
[INFO] Processing /ssd/share/SPGC-COVID/DICOM/COVID-19 subjects/P102 - P102
[INFO] Total/Ignore/Reserved 149/0/149 CTAs, slice_thickess 2.0...               
[INFO] Processing /ssd/share/SPGC-COVID/DICOM/COVID-19 subjects/P114 - P114
[INFO] Total/Ignore/Reserved 155/0/155 CTAs, slice_thickess 2.0...               
[INFO] Processing /ssd/share/SPGC-COVID/DICOM/COVID-19 subjects/P126 - P126
[INFO] Total/Ignore/Reserved 148/0/148 CTAs, slice_thickess 2.0...               
[INFO] Processing /ssd/share/SPGC-COVID/DICOM/COVID-19 subjects/P137 - P137
[INFO] Total/Ignore/Reserved 136/0/136 CTAs, slice_thickess 2.0...               
[INFO] Processing /ssd/share/SPGC-COVID/DICOM/COVID-19 subjects/P149 - P149
[INFO] Total/Ignore/Reserved 124/0/124 CTAs, slice_thickess 2.0...               
[INFO] Processing /ssd/share/SPGC-COVID/DICOM/COVID-19 subjects/P160 - P160
[INFO] Total/Ignore/Reserved 143/0/143 CTAs, slice_thickess 2.0...               
[INFO] Processing /ssd/share/SPGC-COVID/DICOM/COVID-19 subjects/P171 - P171
[INFO] Total/Ignore/Reserved 121/0/121 CTAs, slice_thickess 2.0...               
[INFO] Processing /ssd/share/SPGC-COVID/DICOM/Normal subjects/normal011 - normal011
[INFO] Total/Ignore/Reserved 138/0/138 CTAs, slice_thickess 2.0...               
[INFO] Processing /ssd/share/SPGC-COVID/DICOM/Normal subjects/normal022 - normal022
[INFO] Total/Ignore/Reserved 149/0/149 CTAs, slice_thickess 2.0...               
[INFO] Processing /ssd/share/SPGC-COVID/DICOM/Normal subjects/normal034 - normal034
[INFO] Total/Ignore/Reserved 134/0/134 CTAs, slice_thickess 2.0...               
[INFO] Processing /ssd/share/SPGC-COVID/DICOM/Normal subjects/normal046 - normal046
[INFO] Total/Ignore/Reserved 142/0/142 CTAs, slice_thickess 2.0...               
[INFO] Processing /ssd/share/SPGC-COVID/DICOM/Normal subjects/normal057 - normal057
[INFO] Total/Ignore/Reserved 155/0/155 CTAs, slice_thickess 2.0...               
[INFO] Processing /ssd/share/SPGC-COVID/DICOM/Normal subjects/normal070 - normal070
[INFO] Total/Ignore/Reserved 176/0/176 CTAs, slice_thickess 2.0...               
[INFO] Processing /ssd/share/SPGC-COVID-TEST/DICOM/T1-007 - T1-007
[INFO] Total/Ignore/Reserved 126/0/126 CTAs, slice_thickess 2.0...               
	[SUBINFO] lung images' shape: (252, 512, 512)
[INFO] Processing /ssd/share/SPGC-COVID-TEST/DICOM/T1-013 - T1-013
[INFO] Total/Ignore/Reserved 158/0/158 CTAs, slice_thickess 2.0...               
	[SUBINFO] lung images' shape: (316, 512, 512)
[INFO] Processing /ssd/share/SPGC-COVID-TEST/DICOM/T2-002 - T2-002
[INFO] Total/Ignore/Reserved 73/0/73 CTAs, slice_thickess 3.0...               
[INFO] Processing /ssd/share/SPGC-COVID-TEST/DICOM/T2-004 - T2-004
[INFO] Total/Ignore/Reserved 177/0/177 CTAs, slice_thickess 1.5...               
[INFO] Processing /ssd/share/SPGC-COVID-TEST/DICOM/T2-006 - T2-006
[INFO] Total/Ignore/Reserved 69/0/69 CTAs, slice_thickess 5.0...               
[INFO] Processing /ssd/share/SPGC-COVID-TEST/DICOM/T2-009 - T2-009
[INFO] Total/Ignore/Reserved 163/0/163 CTAs, slice_thickess 1.5...               
[INFO] Processing /ssd/share/SPGC-COVID-TEST/DICOM/T2-011 - T2-011
[INFO] Total/Ignore/Reserved 118/0/118 CTAs, slice_thickess 5.0...               
[INFO] Processing /ssd/share/SPGC-COVID-TEST/DICOM/T2-014 - T2-014
[INFO] Total/Ignore/Reserved 76/0/76 CTAs, slice_thickess 3.0...               
[INFO] Processing /ssd/share/SPGC-COVID-TEST/DICOM/T2-016 - T2-016
[INFO] Total/Ignore/Reserved 203/0/203 CTAs, slice_thickess 1.5...               
[INFO] Processing /ssd/share/SPGC-COVID-TEST/DICOM/T2-019 - T2-019
[INFO] Total/Ignore/Reserved 62/0/62 CTAs, slice_thickess 5.0...               
[INFO] Processing /ssd/share/SPGC-COVID-TEST/DICOM/T2-021 - T2-021
[INFO] Total/Ignore/Reserved 215/0/215 CTAs, slice_thickess 1.5...               
[INFO] Processing /ssd/share/SPGC-COVID-TEST/DICOM/T2-026 - T2-026
[INFO] Total/Ignore/Reserved 95/0/95 CTAs, slice_thickess 3.0...               
[INFO] Processing /ssd/share/SPGC-COVID-TEST/DICOM/T2-028 - T2-028
[INFO] Total/Ignore/Reserved 178/0/178 CTAs, slice_thickess 1.5...               
[INFO] Processing /ssd/share/SPGC-COVID-TEST/DICOM/T3-002 - T3-002
[INFO] Total/Ignore/Reserved 183/0/183 CTAs, slice_thickess 2.0...               
	[SUBINFO] lung images' shape: (366, 512, 512)
[INFO] Processing /ssd/share/SPGC-COVID-TEST/DICOM/T3-018 - T3-018
[INFO] Total/Ignore/Reserved 115/0/115 CTAs, slice_thickess 2.0...               
	[SUBINFO] lung images' shape: (230, 512, 512)
[INFO] Processing /ssd/share/SPGC-COVID-TEST/DICOM/T3-026 - T3-026
[INFO] Total/Ignore/Reserved 135/0/135 CTAs, slice_thickess 2.0...               
	[SUBINFO] lung images' shape: (270, 512, 512)
[INFO] Processing /ssd/share/SPGC-COVID/DICOM/Cap subjects/cap010 - cap010
[INFO] Total/Ignore/Reserved 159/0/159 CTAs, slice_thickess 2.0...               
[INFO] Processing /ssd/share/SPGC-COVID/DICOM/Cap subjects/cap018 - cap018
[INFO] Total/Ignore/Reserved 141/0/141 CTAs, slice_thickess 2.0...               
[INFO] Processing /ssd/share/SPGC-COVID/DICOM/Cap subjects/cap028 - cap028
[INFO] Total/Ignore/Reserved 158/0/158 CTAs, slice_thickess 2.0...               
[INFO] Processing /ssd/share/SPGC-COVID/DICOM/Cap subjects/cap040 - cap040
[INFO] Total/Ignore/Reserved 144/0/144 CTAs, slice_thickess 2.0...               
[INFO] Processing /ssd/share/SPGC-COVID/DICOM/Cap subjects/cap051 - cap051
[INFO] Total/Ignore/Reserved 177/0/177 CTAs, slice_thickess 2.0...               
[INFO] Processing /ssd/share/SPGC-COVID/DICOM/COVID-19 subjects/P006 - P006
[INFO] Total/Ignore/Reserved 143/0/143 CTAs, slice_thickess 2.0...               
[INFO] Processing /ssd/share/SPGC-COVID/DICOM/COVID-19 subjects/P017 - P017
[INFO] Total/Ignore/Reserved 118/0/118 CTAs, slice_thickess 2.0...               
[INFO] Processing /ssd/share/SPGC-COVID/DICOM/COVID-19 subjects/P025 - P025
[INFO] Total/Ignore/Reserved 159/0/159 CTAs, slice_thickess 2.0...               
[INFO] Processing /ssd/share/SPGC-COVID/DICOM/COVID-19 subjects/P040 - P040
[INFO] Total/Ignore/Reserved 144/0/144 CTAs, slice_thickess 2.0...               
[INFO] Processing /ssd/share/SPGC-COVID/DICOM/COVID-19 subjects/P051 - P051
[INFO] Total/Ignore/Reserved 158/0/158 CTAs, slice_thickess 2.0...               
[INFO] Processing /ssd/share/SPGC-COVID/DICOM/COVID-19 subjects/P063 - P063
[INFO] Total/Ignore/Reserved 144/0/144 CTAs, slice_thickess 2.0...               
[INFO] Processing /ssd/share/SPGC-COVID/DICOM/COVID-19 subjects/P075 - P075
[INFO] Total/Ignore/Reserved 130/0/130 CTAs, slice_thickess 2.0...               
[INFO] Processing /ssd/share/SPGC-COVID/DICOM/COVID-19 subjects/P085 - P085
[INFO] Total/Ignore/Reserved 138/0/138 CTAs, slice_thickess 2.0...               
[INFO] Processing /ssd/share/SPGC-COVID/DICOM/COVID-19 subjects/P096 - P096
[INFO] Total/Ignore/Reserved 140/0/140 CTAs, slice_thickess 2.0...               
[INFO] Processing /ssd/share/SPGC-COVID/DICOM/COVID-19 subjects/P107 - P107
[INFO] Total/Ignore/Reserved 158/0/158 CTAs, slice_thickess 2.0...               
[INFO] Processing /ssd/share/SPGC-COVID/DICOM/COVID-19 subjects/P119 - P119
[INFO] Total/Ignore/Reserved 136/0/136 CTAs, slice_thickess 2.0...               
[INFO] Processing /ssd/share/SPGC-COVID/DICOM/COVID-19 subjects/P129 - P129
[INFO] Total/Ignore/Reserved 138/0/138 CTAs, slice_thickess 2.0...               
[INFO] Processing /ssd/share/SPGC-COVID/DICOM/COVID-19 subjects/P142 - P142
[INFO] Total/Ignore/Reserved 142/0/142 CTAs, slice_thickess 2.0...               
[INFO] Processing /ssd/share/SPGC-COVID/DICOM/COVID-19 subjects/P153 - P153
[INFO] Total/Ignore/Reserved 162/0/162 CTAs, slice_thickess 2.0...               
[INFO] Processing /ssd/share/SPGC-COVID/DICOM/COVID-19 subjects/P167 - P167
[INFO] Total/Ignore/Reserved 150/0/150 CTAs, slice_thickess 2.0...               
[INFO] Processing /ssd/share/SPGC-COVID/DICOM/Normal subjects/normal009 - normal009
[INFO] Total/Ignore/Reserved 145/0/145 CTAs, slice_thickess 2.0...               
[INFO] Processing /ssd/share/SPGC-COVID/DICOM/Normal subjects/normal021 - normal021
[INFO] Total/Ignore/Reserved 155/0/155 CTAs, slice_thickess 2.0...               
[INFO] Processing /ssd/share/SPGC-COVID/DICOM/Normal subjects/normal033 - normal033
[INFO] Total/Ignore/Reserved 140/0/140 CTAs, slice_thickess 2.0...               
[INFO] Processing /ssd/share/SPGC-COVID/DICOM/Normal subjects/normal047 - normal047
[INFO] Total/Ignore/Reserved 118/0/118 CTAs, slice_thickess 2.0...               
[INFO] Processing /ssd/share/SPGC-COVID/DICOM/Normal subjects/normal055 - normal055
[INFO] Total/Ignore/Reserved 144/0/144 CTAs, slice_thickess 2.0...               
[INFO] Processing /ssd/share/SPGC-COVID/DICOM/Normal subjects/normal064 - normal064
[INFO] Total/Ignore/Reserved 160/0/160 CTAs, slice_thickess 2.0...               
[INFO] Processing /ssd/share/SPGC-COVID-TEST/DICOM/T1-001 - T1-001
[INFO] Total/Ignore/Reserved 164/0/164 CTAs, slice_thickess 2.0...               
	[SUBINFO] lung images' shape: (328, 512, 512)
[INFO] Processing /ssd/share/SPGC-COVID-TEST/DICOM/T1-023 - T1-023
[INFO] Total/Ignore/Reserved 148/0/148 CTAs, slice_thickess 2.0...               
	[SUBINFO] lung images' shape: (296, 512, 512)
[INFO] Processing /ssd/share/SPGC-COVID-TEST/DICOM/T3-005 - T3-005
[INFO] Total/Ignore/Reserved 148/0/148 CTAs, slice_thickess 2.0...               
	[SUBINFO] lung images' shape: (296, 512, 512)
[INFO] Processing /ssd/share/SPGC-COVID-TEST/DICOM/T3-016 - T3-016
[INFO] Total/Ignore/Reserved 159/0/159 CTAs, slice_thickess 2.0...               
	[SUBINFO] lung images' shape: (318, 512, 512)
[INFO] Processing /ssd/share/SPGC-COVID-TEST/DICOM/T3-029 - T3-029
[INFO] Total/Ignore/Reserved 130/0/130 CTAs, slice_thickess 2.0...               
	[SUBINFO] lung images' shape: (260, 512, 512)
[INFO] Processing /ssd/share/SPGC-COVID/DICOM/Cap subjects/cap011 - cap011
[INFO] Total/Ignore/Reserved 159/0/159 CTAs, slice_thickess 2.0...               
[INFO] Processing /ssd/share/SPGC-COVID/DICOM/Cap subjects/cap019 - cap019
[INFO] Total/Ignore/Reserved 136/0/136 CTAs, slice_thickess 2.0...               
[INFO] Processing /ssd/share/SPGC-COVID/DICOM/Cap subjects/cap030 - cap030
[INFO] Total/Ignore/Reserved 288/0/288 CTAs, slice_thickess 2.0...               
[INFO] Processing /ssd/share/SPGC-COVID/DICOM/Cap subjects/cap050 - cap050
[INFO] Total/Ignore/Reserved 163/0/163 CTAs, slice_thickess 2.0...               
[INFO] Processing /ssd/share/SPGC-COVID/DICOM/COVID-19 subjects/P003 - P003
[INFO] Total/Ignore/Reserved 134/0/134 CTAs, slice_thickess 2.0...               
[INFO] Processing /ssd/share/SPGC-COVID/DICOM/COVID-19 subjects/P015 - P015
[INFO] Total/Ignore/Reserved 148/0/148 CTAs, slice_thickess 2.0...               
[INFO] Processing /ssd/share/SPGC-COVID/DICOM/COVID-19 subjects/P027 - P027
[INFO] Total/Ignore/Reserved 134/0/134 CTAs, slice_thickess 2.0...               
[INFO] Processing /ssd/share/SPGC-COVID/DICOM/COVID-19 subjects/P037 - P037
[INFO] Total/Ignore/Reserved 122/0/122 CTAs, slice_thickess 2.0...               
[INFO] Processing /ssd/share/SPGC-COVID/DICOM/COVID-19 subjects/P047 - P047
[INFO] Total/Ignore/Reserved 160/0/160 CTAs, slice_thickess 2.0...               
[INFO] Processing /ssd/share/SPGC-COVID/DICOM/COVID-19 subjects/P060 - P060
[INFO] Total/Ignore/Reserved 133/0/133 CTAs, slice_thickess 2.0...               
[INFO] Processing /ssd/share/SPGC-COVID/DICOM/COVID-19 subjects/P071 - P071
[INFO] Total/Ignore/Reserved 177/0/177 CTAs, slice_thickess 2.0...               
[INFO] Processing /ssd/share/SPGC-COVID/DICOM/COVID-19 subjects/P086 - P086
[INFO] Total/Ignore/Reserved 163/0/163 CTAs, slice_thickess 2.0...               
[INFO] Processing /ssd/share/SPGC-COVID/DICOM/COVID-19 subjects/P098 - P098
[INFO] Total/Ignore/Reserved 135/0/135 CTAs, slice_thickess 2.0...               
[INFO] Processing /ssd/share/SPGC-COVID/DICOM/COVID-19 subjects/P110 - P110
[INFO] Total/Ignore/Reserved 144/0/144 CTAs, slice_thickess 2.0...               
[INFO] Processing /ssd/share/SPGC-COVID/DICOM/COVID-19 subjects/P122 - P122
[INFO] Total/Ignore/Reserved 153/0/153 CTAs, slice_thickess 2.0...               
[INFO] Processing /ssd/share/SPGC-COVID/DICOM/COVID-19 subjects/P134 - P134
[INFO] Total/Ignore/Reserved 151/0/151 CTAs, slice_thickess 2.0...               
[INFO] Processing /ssd/share/SPGC-COVID/DICOM/COVID-19 subjects/P147 - P147
[INFO] Total/Ignore/Reserved 147/0/147 CTAs, slice_thickess 2.0...               
[INFO] Processing /ssd/share/SPGC-COVID/DICOM/COVID-19 subjects/P161 - P161
[INFO] Total/Ignore/Reserved 147/0/147 CTAs, slice_thickess 2.0...               
[INFO] Processing /ssd/share/SPGC-COVID/DICOM/Normal subjects/normal001 - normal001
[INFO] Total/Ignore/Reserved 144/0/144 CTAs, slice_thickess 2.0...               
[INFO] Processing /ssd/share/SPGC-COVID/DICOM/Normal subjects/normal013 - normal013
[INFO] Total/Ignore/Reserved 186/0/186 CTAs, slice_thickess 2.0...               
[INFO] Processing /ssd/share/SPGC-COVID/DICOM/Normal subjects/normal028 - normal028
[INFO] Total/Ignore/Reserved 144/0/144 CTAs, slice_thickess 2.0...               
[INFO] Processing /ssd/share/SPGC-COVID/DICOM/Normal subjects/normal039 - normal039
[INFO] Total/Ignore/Reserved 154/0/154 CTAs, slice_thickess 2.0...               
[INFO] Processing /ssd/share/SPGC-COVID/DICOM/Normal subjects/normal050 - normal050
[INFO] Total/Ignore/Reserved 172/0/172 CTAs, slice_thickess 2.0...               
[INFO] Processing /ssd/share/SPGC-COVID/DICOM/Normal subjects/normal066 - normal066
[INFO] Total/Ignore/Reserved 156/0/156 CTAs, slice_thickess 2.0...               
[INFO] Processing /ssd/share/SPGC-COVID-TEST/DICOM/T1-002 - T1-002
[INFO] Total/Ignore/Reserved 144/0/144 CTAs, slice_thickess 2.0...               
	[SUBINFO] lung images' shape: (288, 512, 512)
[INFO] Processing /ssd/share/SPGC-COVID-TEST/DICOM/T1-020 - T1-020
[INFO] Total/Ignore/Reserved 139/0/139 CTAs, slice_thickess 2.0...               
	[SUBINFO] lung images' shape: (278, 512, 512)
[INFO] Processing /ssd/share/SPGC-COVID-TEST/DICOM/T2-001 - T2-001
[INFO] Total/Ignore/Reserved 92/0/92 CTAs, slice_thickess 3.0...               
[INFO] Processing /ssd/share/SPGC-COVID-TEST/DICOM/T2-003 - T2-003
[INFO] Total/Ignore/Reserved 73/0/73 CTAs, slice_thickess 5.000000000000114...               
[INFO] Processing /ssd/share/SPGC-COVID-TEST/DICOM/T2-005 - T2-005
[INFO] Total/Ignore/Reserved 180/0/180 CTAs, slice_thickess 1.5...               
[INFO] Processing /ssd/share/SPGC-COVID-TEST/DICOM/T2-008 - T2-008
[INFO] Total/Ignore/Reserved 221/0/221 CTAs, slice_thickess 1.5...               
[INFO] Processing /ssd/share/SPGC-COVID-TEST/DICOM/T2-012 - T2-012
[INFO] Total/Ignore/Reserved 175/0/175 CTAs, slice_thickess 1.5...               
[INFO] Processing /ssd/share/SPGC-COVID-TEST/DICOM/T2-015 - T2-015
[INFO] Total/Ignore/Reserved 53/0/53 CTAs, slice_thickess 5.0...               
[INFO] Processing /ssd/share/SPGC-COVID-TEST/DICOM/T2-017 - T2-017
[INFO] Total/Ignore/Reserved 220/0/220 CTAs, slice_thickess 1.5...               
[INFO] Processing /ssd/share/SPGC-COVID-TEST/DICOM/T2-020 - T2-020
[INFO] Total/Ignore/Reserved 75/0/75 CTAs, slice_thickess 4.0...               
[INFO] Processing /ssd/share/SPGC-COVID-TEST/DICOM/T2-023 - T2-023
[INFO] Total/Ignore/Reserved 119/0/119 CTAs, slice_thickess 5.0...               
[INFO] Processing /ssd/share/SPGC-COVID-TEST/DICOM/T2-025 - T2-025
[INFO] Total/Ignore/Reserved 174/0/174 CTAs, slice_thickess 1.5...               
[INFO] Processing /ssd/share/SPGC-COVID-TEST/DICOM/T2-030 - T2-030
[INFO] Total/Ignore/Reserved 128/0/128 CTAs, slice_thickess 5.0...               
[INFO] Processing /ssd/share/SPGC-COVID-TEST/DICOM/T3-003 - T3-003
[INFO] Total/Ignore/Reserved 147/0/147 CTAs, slice_thickess 2.0...               
	[SUBINFO] lung images' shape: (294, 512, 512)
[INFO] Processing /ssd/share/SPGC-COVID-TEST/DICOM/T3-015 - T3-015
[INFO] Total/Ignore/Reserved 159/0/159 CTAs, slice_thickess 2.0...               
	[SUBINFO] lung images' shape: (318, 512, 512)
[INFO] Processing /ssd/share/SPGC-COVID-TEST/DICOM/T3-027 - T3-027
[INFO] Total/Ignore/Reserved 167/0/167 CTAs, slice_thickess 2.0...               
	[SUBINFO] lung images' shape: (334, 512, 512)
[INFO] Processing /ssd/share/SPGC-COVID/DICOM/Cap subjects/cap001 - cap001
[INFO] Total/Ignore/Reserved 168/0/168 CTAs, slice_thickess 2.0...               
[INFO] Processing /ssd/share/SPGC-COVID/DICOM/Cap subjects/cap021 - cap021
[INFO] Total/Ignore/Reserved 155/0/155 CTAs, slice_thickess 2.0...               
[INFO] Processing /ssd/share/SPGC-COVID/DICOM/Cap subjects/cap033 - cap033
[INFO] Total/Ignore/Reserved 126/0/126 CTAs, slice_thickess 2.0...               
[INFO] Processing /ssd/share/SPGC-COVID/DICOM/Cap subjects/cap039 - cap039
[INFO] Total/Ignore/Reserved 195/0/195 CTAs, slice_thickess 2.0...               
[INFO] Processing /ssd/share/SPGC-COVID/DICOM/Cap subjects/cap057 - cap057
[INFO] Total/Ignore/Reserved 152/0/152 CTAs, slice_thickess 2.0...               
[INFO] Processing /ssd/share/SPGC-COVID/DICOM/COVID-19 subjects/P009 - P009
[INFO] Total/Ignore/Reserved 173/0/173 CTAs, slice_thickess 2.0...               
[INFO] Processing /ssd/share/SPGC-COVID/DICOM/COVID-19 subjects/P022 - P022
[INFO] Total/Ignore/Reserved 125/0/125 CTAs, slice_thickess 2.0...               
[INFO] Processing /ssd/share/SPGC-COVID/DICOM/COVID-19 subjects/P033 - P033
[INFO] Total/Ignore/Reserved 149/0/149 CTAs, slice_thickess 2.0...               
[INFO] Processing /ssd/share/SPGC-COVID/DICOM/COVID-19 subjects/P045 - P045
[INFO] Total/Ignore/Reserved 164/0/164 CTAs, slice_thickess 2.0...               
[INFO] Processing /ssd/share/SPGC-COVID/DICOM/COVID-19 subjects/P057 - P057
[INFO] Total/Ignore/Reserved 164/0/164 CTAs, slice_thickess 2.0...               
[INFO] Processing /ssd/share/SPGC-COVID/DICOM/COVID-19 subjects/P070 - P070
[INFO] Total/Ignore/Reserved 139/0/139 CTAs, slice_thickess 2.0...               
[INFO] Processing /ssd/share/SPGC-COVID/DICOM/COVID-19 subjects/P082 - P082
[INFO] Total/Ignore/Reserved 155/0/155 CTAs, slice_thickess 2.0...               
[INFO] Processing /ssd/share/SPGC-COVID/DICOM/COVID-19 subjects/P093 - P093
[INFO] Total/Ignore/Reserved 164/0/164 CTAs, slice_thickess 2.0...               
[INFO] Processing /ssd/share/SPGC-COVID/DICOM/COVID-19 subjects/P105 - P105
[INFO] Total/Ignore/Reserved 153/0/153 CTAs, slice_thickess 2.0...               
[INFO] Processing /ssd/share/SPGC-COVID/DICOM/COVID-19 subjects/P118 - P118
[INFO] Total/Ignore/Reserved 170/0/170 CTAs, slice_thickess 2.0...               
[INFO] Processing /ssd/share/SPGC-COVID/DICOM/COVID-19 subjects/P132 - P132
[INFO] Total/Ignore/Reserved 142/0/142 CTAs, slice_thickess 2.0...               
[INFO] Processing /ssd/share/SPGC-COVID/DICOM/COVID-19 subjects/P143 - P143
[INFO] Total/Ignore/Reserved 163/0/163 CTAs, slice_thickess 2.0...               
[INFO] Processing /ssd/share/SPGC-COVID/DICOM/COVID-19 subjects/P158 - P158
[INFO] Total/Ignore/Reserved 130/0/130 CTAs, slice_thickess 2.0...               
[INFO] Processing /ssd/share/SPGC-COVID/DICOM/COVID-19 subjects/P169 - P169
[INFO] Total/Ignore/Reserved 143/0/143 CTAs, slice_thickess 2.0...               
[INFO] Processing /ssd/share/SPGC-COVID/DICOM/Normal subjects/normal010 - normal010
[INFO] Total/Ignore/Reserved 152/0/152 CTAs, slice_thickess 2.0...               
[INFO] Processing /ssd/share/SPGC-COVID/DICOM/Normal subjects/normal023 - normal023
[INFO] Total/Ignore/Reserved 162/0/162 CTAs, slice_thickess 2.0...               
[INFO] Processing /ssd/share/SPGC-COVID/DICOM/Normal subjects/normal035 - normal035
[INFO] Total/Ignore/Reserved 126/0/126 CTAs, slice_thickess 2.0...               
[INFO] Processing /ssd/share/SPGC-COVID/DICOM/Normal subjects/normal045 - normal045
[INFO] Total/Ignore/Reserved 154/0/154 CTAs, slice_thickess 2.0...               
[INFO] Processing /ssd/share/SPGC-COVID/DICOM/Normal subjects/normal059 - normal059
[INFO] Total/Ignore/Reserved 174/0/174 CTAs, slice_thickess 2.0...               
[INFO] Processing /ssd/share/SPGC-COVID/DICOM/Normal subjects/normal071 - normal071
[INFO] Total/Ignore/Reserved 145/0/145 CTAs, slice_thickess 2.0...               
[INFO] Processing /ssd/share/SPGC-COVID-TEST/DICOM/T1-006 - T1-006
[INFO] Total/Ignore/Reserved 169/0/169 CTAs, slice_thickess 2.0...               
	[SUBINFO] lung images' shape: (338, 512, 512)
[INFO] Processing /ssd/share/SPGC-COVID-TEST/DICOM/T1-024 - T1-024
[INFO] Total/Ignore/Reserved 152/0/152 CTAs, slice_thickess 2.0...               
	[SUBINFO] lung images' shape: (304, 512, 512)
[INFO] Processing /ssd/share/SPGC-COVID-TEST/DICOM/T3-006 - T3-006
[INFO] Total/Ignore/Reserved 151/0/151 CTAs, slice_thickess 2.0...               
	[SUBINFO] lung images' shape: (302, 512, 512)
[INFO] Processing /ssd/share/SPGC-COVID-TEST/DICOM/T3-017 - T3-017
[INFO] Total/Ignore/Reserved 172/0/172 CTAs, slice_thickess 2.0...               
	[SUBINFO] lung images' shape: (344, 512, 512)
[INFO] Processing /ssd/share/SPGC-COVID-TEST/DICOM/T3-030 - T3-030
[INFO] Total/Ignore/Reserved 137/0/137 CTAs, slice_thickess 2.0...               
	[SUBINFO] lung images' shape: (274, 512, 512)
[INFO] Processing /ssd/share/SPGC-COVID/DICOM/Cap subjects/cap005 - cap005
[INFO] Total/Ignore/Reserved 137/0/137 CTAs, slice_thickess 2.0...               
[INFO] Processing /ssd/share/SPGC-COVID/DICOM/Cap subjects/cap014 - cap014
[INFO] Total/Ignore/Reserved 162/0/162 CTAs, slice_thickess 2.0...               
[INFO] Processing /ssd/share/SPGC-COVID/DICOM/Cap subjects/cap032 - cap032
[INFO] Total/Ignore/Reserved 139/0/139 CTAs, slice_thickess 2.0...               
[INFO] Processing /ssd/share/SPGC-COVID/DICOM/Cap subjects/cap038 - cap038
[INFO] Total/Ignore/Reserved 148/0/148 CTAs, slice_thickess 2.0...               
[INFO] Processing /ssd/share/SPGC-COVID/DICOM/Cap subjects/cap048 - cap048
[INFO] Total/Ignore/Reserved 144/0/144 CTAs, slice_thickess 2.0...               
[INFO] Processing /ssd/share/SPGC-COVID/DICOM/Cap subjects/cap060 - cap060
[INFO] Total/Ignore/Reserved 141/0/141 CTAs, slice_thickess 2.0...               
[INFO] Processing /ssd/share/SPGC-COVID/DICOM/COVID-19 subjects/P011 - P011
[INFO] Total/Ignore/Reserved 135/0/135 CTAs, slice_thickess 2.0...               
[INFO] Processing /ssd/share/SPGC-COVID/DICOM/COVID-19 subjects/P023 - P023
[INFO] Total/Ignore/Reserved 147/0/147 CTAs, slice_thickess 2.0...               
[INFO] Processing /ssd/share/SPGC-COVID/DICOM/COVID-19 subjects/P035 - P035
[INFO] Total/Ignore/Reserved 169/0/169 CTAs, slice_thickess 2.0...               
[INFO] Processing /ssd/share/SPGC-COVID/DICOM/COVID-19 subjects/P049 - P049
[INFO] Total/Ignore/Reserved 141/0/141 CTAs, slice_thickess 2.0...               
[INFO] Processing /ssd/share/SPGC-COVID/DICOM/COVID-19 subjects/P059 - P059
[INFO] Total/Ignore/Reserved 149/0/149 CTAs, slice_thickess 2.0...               
[INFO] Processing /ssd/share/SPGC-COVID/DICOM/COVID-19 subjects/P072 - P072
[INFO] Total/Ignore/Reserved 161/0/161 CTAs, slice_thickess 2.0...               
[INFO] Processing /ssd/share/SPGC-COVID/DICOM/COVID-19 subjects/P084 - P084
[INFO] Total/Ignore/Reserved 160/0/160 CTAs, slice_thickess 2.0...               
[INFO] Processing /ssd/share/SPGC-COVID/DICOM/COVID-19 subjects/P099 - P099
[INFO] Total/Ignore/Reserved 144/0/144 CTAs, slice_thickess 2.0...               
[INFO] Processing /ssd/share/SPGC-COVID/DICOM/COVID-19 subjects/P111 - P111
[INFO] Total/Ignore/Reserved 138/0/138 CTAs, slice_thickess 2.0...               
[INFO] Processing /ssd/share/SPGC-COVID/DICOM/COVID-19 subjects/P123 - P123
[INFO] Total/Ignore/Reserved 145/0/145 CTAs, slice_thickess 2.0...               
[INFO] Processing /ssd/share/SPGC-COVID/DICOM/COVID-19 subjects/P133 - P133
[INFO] Total/Ignore/Reserved 143/0/143 CTAs, slice_thickess 2.0...               
[INFO] Processing /ssd/share/SPGC-COVID/DICOM/COVID-19 subjects/P144 - P144
[INFO] Total/Ignore/Reserved 134/0/134 CTAs, slice_thickess 2.0...               
[INFO] Processing /ssd/share/SPGC-COVID/DICOM/COVID-19 subjects/P155 - P155
[INFO] Total/Ignore/Reserved 151/0/151 CTAs, slice_thickess 2.0...               
[INFO] Processing /ssd/share/SPGC-COVID/DICOM/COVID-19 subjects/P168 - P168
[INFO] Total/Ignore/Reserved 133/0/133 CTAs, slice_thickess 2.0...               
[INFO] Processing /ssd/share/SPGC-COVID/DICOM/Normal subjects/normal008 - normal008
[INFO] Total/Ignore/Reserved 139/0/139 CTAs, slice_thickess 2.0...               
[INFO] Processing /ssd/share/SPGC-COVID/DICOM/Normal subjects/normal020 - normal020
[INFO] Total/Ignore/Reserved 137/0/137 CTAs, slice_thickess 2.0...               
[INFO] Processing /ssd/share/SPGC-COVID/DICOM/Normal subjects/normal032 - normal032
[INFO] Total/Ignore/Reserved 146/0/146 CTAs, slice_thickess 2.0...               
[INFO] Processing /ssd/share/SPGC-COVID/DICOM/Normal subjects/normal043 - normal043
[INFO] Total/Ignore/Reserved 143/0/143 CTAs, slice_thickess 2.0...               
[INFO] Processing /ssd/share/SPGC-COVID/DICOM/Normal subjects/normal056 - normal056
[INFO] Total/Ignore/Reserved 148/0/148 CTAs, slice_thickess 2.0...               
[INFO] Processing /ssd/share/SPGC-COVID/DICOM/Normal subjects/normal067 - normal067
[INFO] Total/Ignore/Reserved 155/0/155 CTAs, slice_thickess 2.0...               
[INFO] Processing /ssd/share/SPGC-COVID-TEST/DICOM/T1-003 - T1-003
[INFO] Total/Ignore/Reserved 153/0/153 CTAs, slice_thickess 2.0...               
	[SUBINFO] lung images' shape: (306, 512, 512)
[INFO] Processing /ssd/share/SPGC-COVID-TEST/DICOM/T1-022 - T1-022
[INFO] Total/Ignore/Reserved 158/0/158 CTAs, slice_thickess 2.0...               
	[SUBINFO] lung images' shape: (316, 512, 512)
[INFO] Processing /ssd/share/SPGC-COVID-TEST/DICOM/T3-004 - T3-004
[INFO] Total/Ignore/Reserved 131/0/131 CTAs, slice_thickess 2.0...               
	[SUBINFO] lung images' shape: (262, 512, 512)
[INFO] Processing /ssd/share/SPGC-COVID-TEST/DICOM/T3-014 - T3-014
[INFO] Total/Ignore/Reserved 168/0/168 CTAs, slice_thickess 2.0...               
	[SUBINFO] lung images' shape: (336, 512, 512)
[INFO] Processing /ssd/share/SPGC-COVID-TEST/DICOM/T3-028 - T3-028
[INFO] Total/Ignore/Reserved 169/0/169 CTAs, slice_thickess 2.0...               
	[SUBINFO] lung images' shape: (338, 512, 512)
0/397 done...
1/397 done...
2/397 done...
3/397 done...
4/397 done...
5/397 done...
6/397 done...
7/397 done...
8/397 done...
9/397 done...
10/397 done...
11/397 done...
12/397 done...
13/397 done...
14/397 done...
15/397 done...
16/397 done...
17/397 done...
18/397 done...
19/397 done...
20/397 done...
21/397 done...
22/397 done...
23/397 done...
24/397 done...
25/397 done...
26/397 done...
27/397 done...
28/397 done...
29/397 done...
30/397 done...
31/397 done...
32/397 done...
33/397 done...
34/397 done...
35/397 done...
36/397 done...
37/397 done...
38/397 done...
39/397 done...
40/397 done...
41/397 done...
42/397 done...
43/397 done...
44/397 done...
45/397 done...
46/397 done...
47/397 done...
48/397 done...
49/397 done...
50/397 done...
51/397 done...
52/397 done...
53/397 done...
54/397 done...
55/397 done...
56/397 done...
57/397 done...
58/397 done...
59/397 done...
60/397 done...
61/397 done...
62/397 done...
63/397 done...
64/397 done...
65/397 done...
66/397 done...
67/397 done...
68/397 done...
69/397 done...
70/397 done...
71/397 done...
72/397 done...
73/397 done...
74/397 done...
75/397 done...
76/397 done...
77/397 done...
78/397 done...
79/397 done...
80/397 done...
81/397 done...
82/397 done...
83/397 done...
84/397 done...
85/397 done...
86/397 done...
87/397 done...
88/397 done...
89/397 done...
90/397 done...
91/397 done...
92/397 done...
93/397 done...
94/397 done...
95/397 done...
96/397 done...
97/397 done...
98/397 done...
99/397 done...
100/397 done...
101/397 done...
102/397 done...
103/397 done...
104/397 done...
105/397 done...
106/397 done...
107/397 done...
108/397 done...
109/397 done...
110/397 done...
111/397 done...
112/397 done...
113/397 done...
114/397 done...
115/397 done...
116/397 done...
117/397 done...
118/397 done...
119/397 done...
120/397 done...
121/397 done...
122/397 done...
123/397 done...
124/397 done...
125/397 done...
126/397 done...
127/397 done...
128/397 done...
129/397 done...
130/397 done...
131/397 done...
132/397 done...
133/397 done...
134/397 done...
135/397 done...
136/397 done...
137/397 done...
138/397 done...
139/397 done...
140/397 done...
141/397 done...
142/397 done...
143/397 done...
144/397 done...
145/397 done...
146/397 done...
147/397 done...
148/397 done...
149/397 done...
150/397 done...
151/397 done...
152/397 done...
153/397 done...
154/397 done...
155/397 done...
156/397 done...
157/397 done...
158/397 done...
159/397 done...
160/397 done...
161/397 done...
162/397 done...
163/397 done...
164/397 done...
165/397 done...
166/397 done...
167/397 done...
168/397 done...
169/397 done...
170/397 done...
171/397 done...
172/397 done...
173/397 done...
174/397 done...
175/397 done...
176/397 done...
177/397 done...
178/397 done...
179/397 done...
180/397 done...
181/397 done...
182/397 done...
183/397 done...
184/397 done...
185/397 done...
186/397 done...
187/397 done...
188/397 done...
189/397 done...
190/397 done...
191/397 done...
192/397 done...
193/397 done...
194/397 done...
195/397 done...
196/397 done...
197/397 done...
198/397 done...
199/397 done...
200/397 done...
201/397 done...
202/397 done...
203/397 done...
204/397 done...
205/397 done...
206/397 done...
207/397 done...
208/397 done...
209/397 done...
210/397 done...
211/397 done...
212/397 done...
213/397 done...
214/397 done...
215/397 done...
216/397 done...
217/397 done...
218/397 done...
219/397 done...
220/397 done...
221/397 done...
222/397 done...
223/397 done...
224/397 done...
225/397 done...
226/397 done...
227/397 done...
228/397 done...
229/397 done...
230/397 done...
231/397 done...
232/397 done...
233/397 done...
234/397 done...
235/397 done...
236/397 done...
237/397 done...
238/397 done...
239/397 done...
240/397 done...
241/397 done...
242/397 done...
243/397 done...
244/397 done...
245/397 done...
246/397 done...
247/397 done...
248/397 done...
249/397 done...
250/397 done...
251/397 done...
252/397 done...
253/397 done...
254/397 done...
255/397 done...
256/397 done...
257/397 done...
258/397 done...
259/397 done...
260/397 done...
261/397 done...
262/397 done...
263/397 done...
264/397 done...
265/397 done...
266/397 done...
267/397 done...
268/397 done...
269/397 done...
270/397 done...
271/397 done...
272/397 done...
273/397 done...
274/397 done...
275/397 done...
276/397 done...
277/397 done...
278/397 done...
279/397 done...
280/397 done...
281/397 done...
282/397 done...
283/397 done...
284/397 done...
285/397 done...
286/397 done...
287/397 done...
288/397 done...
289/397 done...
290/397 done...
291/397 done...
292/397 done...
293/397 done...
294/397 done...
295/397 done...
296/397 done...
297/397 done...
298/397 done...
299/397 done...
300/397 done...
301/397 done...
302/397 done...
303/397 done...
304/397 done...
305/397 done...
306/397 done...
307/397 done...
308/397 done...
309/397 done...
310/397 done...
311/397 done...
312/397 done...
313/397 done...
314/397 done...
315/397 done...
316/397 done...
317/397 done...
318/397 done...
319/397 done...
320/397 done...
321/397 done...
322/397 done...
323/397 done...
324/397 done...
325/397 done...
326/397 done...
327/397 done...
328/397 done...
329/397 done...
330/397 done...
331/397 done...
332/397 done...
333/397 done...
334/397 done...
335/397 done...
336/397 done...
337/397 done...
338/397 done...
339/397 done...
340/397 done...
341/397 done...
342/397 done...
343/397 done...
344/397 done...
345/397 done...
346/397 done...
347/397 done...
348/397 done...
349/397 done...
350/397 done...
351/397 done...
352/397 done...
353/397 done...
354/397 done...
355/397 done...
356/397 done...
357/397 done...
358/397 done...
359/397 done...
360/397 done...
361/397 done...
362/397 done...
363/397 done...
364/397 done...
365/397 done...
366/397 done...
367/397 done...
368/397 done...
369/397 done...
370/397 done...
371/397 done...
372/397 done...
373/397 done...
374/397 done...
375/397 done...
376/397 done...
377/397 done...
378/397 done...
379/397 done...
380/397 done...
381/397 done...
382/397 done...
383/397 done...
384/397 done...
385/397 done...
386/397 done...
387/397 done...
388/397 done...
389/397 done...
390/397 done...
391/397 done...
392/397 done...
393/397 done...
394/397 done...
395/397 done...
396/397 done...
